[0.266s] Invoking command in '/home/tkddn647/sensor_layer/build/tf_manager_cpp': /usr/bin/cmake /home/tkddn647/sensor_layer/src/tf_manager_cpp -DCATKIN_INSTALL_INTO_PREFIX_ROOT=0 -DCMAKE_INSTALL_PREFIX=/home/tkddn647/sensor_layer/install/tf_manager_cpp
[0.458s] -- The C compiler identification is GNU 11.4.0
[1.059s] -- The CXX compiler identification is GNU 11.4.0
[1.522s] -- Detecting C compiler ABI info
[1.701s] -- Detecting C compiler ABI info - done
[1.708s] -- Check for working C compiler: /usr/bin/cc - skipped
[1.709s] -- Detecting C compile features
[1.709s] -- Detecting C compile features - done
[1.712s] -- Detecting CXX compiler ABI info
[1.926s] -- Detecting CXX compiler ABI info - done
[1.933s] -- Check for working CXX compiler: /usr/bin/c++ - skipped
[1.933s] -- Detecting CXX compile features
[1.933s] -- Detecting CXX compile features - done
[1.936s] -- Found ament_cmake: 1.3.12 (/opt/ros/humble/share/ament_cmake/cmake)
[2.091s] -- Found Python3: /usr/bin/python3 (found version "3.10.12") found components: Interpreter 
[2.185s] -- Found rclcpp: 16.0.17 (/opt/ros/humble/share/rclcpp/cmake)
[2.408s] -- Found rosidl_generator_c: 3.1.8 (/opt/ros/humble/share/rosidl_generator_c/cmake)
[2.413s] -- Found rosidl_adapter: 3.1.8 (/opt/ros/humble/share/rosidl_adapter/cmake)
[2.422s] -- Found rosidl_generator_cpp: 3.1.8 (/opt/ros/humble/share/rosidl_generator_cpp/cmake)
[2.434s] -- Using all available rosidl_typesupport_c: rosidl_typesupport_fastrtps_c;rosidl_typesupport_introspection_c
[2.449s] -- Using all available rosidl_typesupport_cpp: rosidl_typesupport_fastrtps_cpp;rosidl_typesupport_introspection_cpp
[2.548s] -- Found rmw_implementation_cmake: 6.1.2 (/opt/ros/humble/share/rmw_implementation_cmake/cmake)
[2.551s] -- Found rmw_fastrtps_cpp: 6.2.9 (/opt/ros/humble/share/rmw_fastrtps_cpp/cmake)
[4.189s] -- Found OpenSSL: /usr/lib/x86_64-linux-gnu/libcrypto.so (found version "3.0.2")  
[6.033s] -- Found FastRTPS: /opt/ros/humble/include  
[9.307s] -- Using RMW implementation 'rmw_fastrtps_cpp' as default
[9.318s] -- Looking for pthread.h
[9.508s] -- Looking for pthread.h - found
[9.508s] -- Performing Test CMAKE_HAVE_LIBC_PTHREAD
[9.727s] -- Performing Test CMAKE_HAVE_LIBC_PTHREAD - Success
[9.728s] -- Found Threads: TRUE  
[9.776s] -- Found tf2_ros: 0.25.18 (/opt/ros/humble/share/tf2_ros/cmake)
[9.944s] -- Found nav_msgs: 4.9.0 (/opt/ros/humble/share/nav_msgs/cmake)
[10.028s] -- Configuring done
[10.049s] -- Generating done
[10.050s] CMake Warning:
[10.050s]   Manually-specified variables were not used by the project:
[10.050s] 
[10.051s]     CATKIN_INSTALL_INTO_PREFIX_ROOT
[10.051s] 
[10.051s] 
[10.055s] -- Build files have been written to: /home/tkddn647/sensor_layer/build/tf_manager_cpp
