[ 25%] Building CXX object CMakeFiles/sensor_static_tf.dir/src/sensor_static_tf.cpp.o
[ 50%] Building CXX object CMakeFiles/wheel_odom_tf.dir/src/wheel_odom_tf.cpp.o
[ 75%] Linking CXX executable sensor_static_tf
[ 75%] Built target sensor_static_tf
[100%] Linking CXX executable wheel_odom_tf
[100%] Built target wheel_odom_tf
-- Install configuration: ""
-- Installing: /home/tkddn647/sensor_layer/install/tf_manager_cpp/lib/tf_manager_cpp/sensor_static_tf
-- Set runtime path of "/home/tkddn647/sensor_layer/install/tf_manager_cpp/lib/tf_manager_cpp/sensor_static_tf" to ""
-- Installing: /home/tkddn647/sensor_layer/install/tf_manager_cpp/lib/tf_manager_cpp/wheel_odom_tf
-- Set runtime path of "/home/tkddn647/sensor_layer/install/tf_manager_cpp/lib/tf_manager_cpp/wheel_odom_tf" to ""
-- Installing: /home/tkddn647/sensor_layer/install/tf_manager_cpp/share/tf_manager_cpp/launch
-- Installing: /home/tkddn647/sensor_layer/install/tf_manager_cpp/share/tf_manager_cpp/launch/tf_manager.launch.py:Zone.Identifier
-- Installing: /home/tkddn647/sensor_layer/install/tf_manager_cpp/share/tf_manager_cpp/launch/tf_manager.launch.py
-- Installing: /home/tkddn647/sensor_layer/install/tf_manager_cpp/share/ament_index/resource_index/package_run_dependencies/tf_manager_cpp
-- Installing: /home/tkddn647/sensor_layer/install/tf_manager_cpp/share/ament_index/resource_index/parent_prefix_path/tf_manager_cpp
-- Installing: /home/tkddn647/sensor_layer/install/tf_manager_cpp/share/tf_manager_cpp/environment/ament_prefix_path.sh
-- Installing: /home/tkddn647/sensor_layer/install/tf_manager_cpp/share/tf_manager_cpp/environment/ament_prefix_path.dsv
-- Installing: /home/tkddn647/sensor_layer/install/tf_manager_cpp/share/tf_manager_cpp/environment/path.sh
-- Installing: /home/tkddn647/sensor_layer/install/tf_manager_cpp/share/tf_manager_cpp/environment/path.dsv
-- Installing: /home/tkddn647/sensor_layer/install/tf_manager_cpp/share/tf_manager_cpp/local_setup.bash
-- Installing: /home/tkddn647/sensor_layer/install/tf_manager_cpp/share/tf_manager_cpp/local_setup.sh
-- Installing: /home/tkddn647/sensor_layer/install/tf_manager_cpp/share/tf_manager_cpp/local_setup.zsh
-- Installing: /home/tkddn647/sensor_layer/install/tf_manager_cpp/share/tf_manager_cpp/local_setup.dsv
-- Installing: /home/tkddn647/sensor_layer/install/tf_manager_cpp/share/tf_manager_cpp/package.dsv
-- Installing: /home/tkddn647/sensor_layer/install/tf_manager_cpp/share/ament_index/resource_index/packages/tf_manager_cpp
-- Installing: /home/tkddn647/sensor_layer/install/tf_manager_cpp/share/tf_manager_cpp/cmake/tf_manager_cppConfig.cmake
-- Installing: /home/tkddn647/sensor_layer/install/tf_manager_cpp/share/tf_manager_cpp/cmake/tf_manager_cppConfig-version.cmake
-- Installing: /home/tkddn647/sensor_layer/install/tf_manager_cpp/share/tf_manager_cpp/package.xml
