[0.251s] Invoking command in '/home/tkddn647/sensor_layer/build/tf_manager_cpp': /usr/bin/cmake --build /home/tkddn647/sensor_layer/build/tf_manager_cpp -- -j12 -l12
[0.382s] [ 25%] Building CXX object CMakeFiles/sensor_static_tf.dir/src/sensor_static_tf.cpp.o
[0.382s] [ 50%] Building CXX object CMakeFiles/wheel_odom_tf.dir/src/wheel_odom_tf.cpp.o
[6.609s] [ 75%] Linking CXX executable sensor_static_tf
[7.127s] [ 75%] Built target sensor_static_tf
[11.405s] [100%] Linking CXX executable wheel_odom_tf
[11.971s] [100%] Built target wheel_odom_tf
[11.985s] Invoked command in '/home/tkddn647/sensor_layer/build/tf_manager_cpp' returned '0': /usr/bin/cmake --build /home/tkddn647/sensor_layer/build/tf_manager_cpp -- -j12 -l12
[11.986s] Invoking command in '/home/tkddn647/sensor_layer/build/tf_manager_cpp': /usr/bin/cmake --install /home/tkddn647/sensor_layer/build/tf_manager_cpp
[11.995s] -- Install configuration: ""
[11.996s] -- Installing: /home/tkddn647/sensor_layer/install/tf_manager_cpp/lib/tf_manager_cpp/sensor_static_tf
[11.998s] -- Set runtime path of "/home/tkddn647/sensor_layer/install/tf_manager_cpp/lib/tf_manager_cpp/sensor_static_tf" to ""
[11.998s] -- Installing: /home/tkddn647/sensor_layer/install/tf_manager_cpp/lib/tf_manager_cpp/wheel_odom_tf
[12.004s] -- Set runtime path of "/home/tkddn647/sensor_layer/install/tf_manager_cpp/lib/tf_manager_cpp/wheel_odom_tf" to ""
[12.004s] -- Installing: /home/tkddn647/sensor_layer/install/tf_manager_cpp/share/tf_manager_cpp/launch
[12.005s] -- Installing: /home/tkddn647/sensor_layer/install/tf_manager_cpp/share/tf_manager_cpp/launch/tf_manager.launch.py:Zone.Identifier
[12.006s] -- Installing: /home/tkddn647/sensor_layer/install/tf_manager_cpp/share/tf_manager_cpp/launch/tf_manager.launch.py
[12.007s] -- Installing: /home/tkddn647/sensor_layer/install/tf_manager_cpp/share/ament_index/resource_index/package_run_dependencies/tf_manager_cpp
[12.008s] -- Installing: /home/tkddn647/sensor_layer/install/tf_manager_cpp/share/ament_index/resource_index/parent_prefix_path/tf_manager_cpp
[12.008s] -- Installing: /home/tkddn647/sensor_layer/install/tf_manager_cpp/share/tf_manager_cpp/environment/ament_prefix_path.sh
[12.009s] -- Installing: /home/tkddn647/sensor_layer/install/tf_manager_cpp/share/tf_manager_cpp/environment/ament_prefix_path.dsv
[12.009s] -- Installing: /home/tkddn647/sensor_layer/install/tf_manager_cpp/share/tf_manager_cpp/environment/path.sh
[12.010s] -- Installing: /home/tkddn647/sensor_layer/install/tf_manager_cpp/share/tf_manager_cpp/environment/path.dsv
[12.010s] -- Installing: /home/tkddn647/sensor_layer/install/tf_manager_cpp/share/tf_manager_cpp/local_setup.bash
[12.010s] -- Installing: /home/tkddn647/sensor_layer/install/tf_manager_cpp/share/tf_manager_cpp/local_setup.sh
[12.010s] -- Installing: /home/tkddn647/sensor_layer/install/tf_manager_cpp/share/tf_manager_cpp/local_setup.zsh
[12.010s] -- Installing: /home/tkddn647/sensor_layer/install/tf_manager_cpp/share/tf_manager_cpp/local_setup.dsv
[12.011s] -- Installing: /home/tkddn647/sensor_layer/install/tf_manager_cpp/share/tf_manager_cpp/package.dsv
[12.011s] -- Installing: /home/tkddn647/sensor_layer/install/tf_manager_cpp/share/ament_index/resource_index/packages/tf_manager_cpp
[12.011s] -- Installing: /home/tkddn647/sensor_layer/install/tf_manager_cpp/share/tf_manager_cpp/cmake/tf_manager_cppConfig.cmake
[12.011s] -- Installing: /home/tkddn647/sensor_layer/install/tf_manager_cpp/share/tf_manager_cpp/cmake/tf_manager_cppConfig-version.cmake
[12.012s] -- Installing: /home/tkddn647/sensor_layer/install/tf_manager_cpp/share/tf_manager_cpp/package.xml
[12.014s] Invoked command in '/home/tkddn647/sensor_layer/build/tf_manager_cpp' returned '0': /usr/bin/cmake --install /home/tkddn647/sensor_layer/build/tf_manager_cpp
