[1.119s] Invoking command in '/home/tkddn647/sensor_layer/src/ebimu_pkg': PYTHONPATH=/home/tkddn647/sensor_layer/build/ebimu_pkg/prefix_override:/usr/lib/python3/dist-packages/colcon_core/task/python/colcon_distutils_commands:/home/tkddn647/sensor_layer/install/ebimu_pkg/lib/python3.10/site-packages:${PYTHONPATH} /usr/bin/python3 -W ignore:setup.py install is deprecated -W ignore:easy_install command is deprecated setup.py egg_info --egg-base ../../build/ebimu_pkg build --build-base /home/tkddn647/sensor_layer/build/ebimu_pkg/build install --record /home/tkddn647/sensor_layer/build/ebimu_pkg/install.log --single-version-externally-managed install_data
[1.750s] running egg_info
[1.754s] writing ../../build/ebimu_pkg/ebimu_pkg.egg-info/PKG-INFO
[1.755s] writing dependency_links to ../../build/ebimu_pkg/ebimu_pkg.egg-info/dependency_links.txt
[1.755s] writing entry points to ../../build/ebimu_pkg/ebimu_pkg.egg-info/entry_points.txt
[1.756s] writing requirements to ../../build/ebimu_pkg/ebimu_pkg.egg-info/requires.txt
[1.757s] writing top-level names to ../../build/ebimu_pkg/ebimu_pkg.egg-info/top_level.txt
[1.766s] reading manifest file '../../build/ebimu_pkg/ebimu_pkg.egg-info/SOURCES.txt'
[1.768s] writing manifest file '../../build/ebimu_pkg/ebimu_pkg.egg-info/SOURCES.txt'
[1.769s] running build
[1.769s] running build_py
[1.773s] running install
[1.774s] running install_lib
[1.782s] running install_data
[1.782s] running install_egg_info
[1.782s] removing '/home/tkddn647/sensor_layer/install/ebimu_pkg/lib/python3.10/site-packages/ebimu_pkg-0.0.0-py3.10.egg-info' (and everything under it)
[1.783s] Copying ../../build/ebimu_pkg/ebimu_pkg.egg-info to /home/tkddn647/sensor_layer/install/ebimu_pkg/lib/python3.10/site-packages/ebimu_pkg-0.0.0-py3.10.egg-info
[1.787s] running install_scripts
[1.842s] Installing ebimu_driver script to /home/tkddn647/sensor_layer/install/ebimu_pkg/lib/ebimu_pkg
[1.844s] Installing ebimu_publisher script to /home/tkddn647/sensor_layer/install/ebimu_pkg/lib/ebimu_pkg
[1.850s] Installing ebimu_subscriber script to /home/tkddn647/sensor_layer/install/ebimu_pkg/lib/ebimu_pkg
[1.850s] writing list of installed files to '/home/tkddn647/sensor_layer/build/ebimu_pkg/install.log'
[1.934s] Invoked command in '/home/tkddn647/sensor_layer/src/ebimu_pkg' returned '0': PYTHONPATH=/home/tkddn647/sensor_layer/build/ebimu_pkg/prefix_override:/usr/lib/python3/dist-packages/colcon_core/task/python/colcon_distutils_commands:/home/tkddn647/sensor_layer/install/ebimu_pkg/lib/python3.10/site-packages:${PYTHONPATH} /usr/bin/python3 -W ignore:setup.py install is deprecated -W ignore:easy_install command is deprecated setup.py egg_info --egg-base ../../build/ebimu_pkg build --build-base /home/tkddn647/sensor_layer/build/ebimu_pkg/build install --record /home/tkddn647/sensor_layer/build/ebimu_pkg/install.log --single-version-externally-managed install_data
