[0.213s] DEBUG:colcon:Command line arguments: ['/usr/bin/colcon', 'build']
[0.214s] DEBUG:colcon:Parsed command line arguments: Namespace(log_base=None, log_level=None, verb_name='build', build_base='build', install_base='install', merge_install=False, symlink_install=False, test_result_base=None, continue_on_error=False, executor='parallel', parallel_workers=12, event_handlers=None, ignore_user_meta=False, metas=['./colcon.meta'], base_paths=['.'], packages_ignore=None, packages_ignore_regex=None, paths=None, packages_up_to=None, packages_up_to_regex=None, packages_above=None, packages_above_and_dependencies=None, packages_above_depth=None, packages_select_by_dep=None, packages_skip_by_dep=None, packages_skip_up_to=None, packages_select_build_failed=False, packages_skip_build_finished=False, packages_select_test_failures=False, packages_skip_test_passed=False, packages_select=None, packages_skip=None, packages_select_regex=None, packages_skip_regex=None, packages_start=None, packages_end=None, allow_overriding=[], cmake_args=None, cmake_target=None, cmake_target_skip_unavailable=False, cmake_clean_cache=False, cmake_clean_first=False, cmake_force_configure=False, ament_cmake_args=None, catkin_cmake_args=None, catkin_skip_building_tests=False, mixin_files=None, mixin=None, verb_parser=<colcon_mixin.mixin.mixin_argument.MixinArgumentDecorator object at 0x77546c35a4d0>, verb_extension=<colcon_core.verb.build.BuildVerb object at 0x77546c477430>, main=<bound method BuildVerb.main of <colcon_core.verb.build.BuildVerb object at 0x77546c477430>>, mixin_verb=('build',))
[0.362s] Level 1:colcon.colcon_core.package_discovery:discover_packages(colcon_meta) check parameters
[0.362s] Level 1:colcon.colcon_core.package_discovery:discover_packages(recursive) check parameters
[0.362s] Level 1:colcon.colcon_core.package_discovery:discover_packages(ignore) check parameters
[0.362s] Level 1:colcon.colcon_core.package_discovery:discover_packages(path) check parameters
[0.363s] Level 1:colcon.colcon_core.package_discovery:discover_packages(colcon_meta) discover
[0.363s] Level 1:colcon.colcon_core.package_discovery:discover_packages(recursive) discover
[0.363s] INFO:colcon.colcon_core.package_discovery:Crawling recursively for packages in '/home/tkddn647/sensor_layer'
[0.363s] Level 1:colcon.colcon_core.package_identification:_identify(.) by extensions ['ignore', 'ignore_ament_install']
[0.363s] Level 1:colcon.colcon_core.package_identification:_identify(.) by extension 'ignore'
[0.363s] Level 1:colcon.colcon_core.package_identification:_identify(.) by extension 'ignore_ament_install'
[0.363s] Level 1:colcon.colcon_core.package_identification:_identify(.) by extensions ['colcon_pkg']
[0.363s] Level 1:colcon.colcon_core.package_identification:_identify(.) by extension 'colcon_pkg'
[0.363s] Level 1:colcon.colcon_core.package_identification:_identify(.) by extensions ['colcon_meta']
[0.363s] Level 1:colcon.colcon_core.package_identification:_identify(.) by extension 'colcon_meta'
[0.363s] Level 1:colcon.colcon_core.package_identification:_identify(.) by extensions ['ros']
[0.363s] Level 1:colcon.colcon_core.package_identification:_identify(.) by extension 'ros'
[0.373s] Level 1:colcon.colcon_core.package_identification:_identify(.) by extensions ['cmake', 'python']
[0.374s] Level 1:colcon.colcon_core.package_identification:_identify(.) by extension 'cmake'
[0.374s] Level 1:colcon.colcon_core.package_identification:_identify(.) by extension 'python'
[0.374s] Level 1:colcon.colcon_core.package_identification:_identify(.) by extensions ['python_setup_py']
[0.374s] Level 1:colcon.colcon_core.package_identification:_identify(.) by extension 'python_setup_py'
[0.374s] Level 1:colcon.colcon_core.package_identification:_identify(build) by extensions ['ignore', 'ignore_ament_install']
[0.374s] Level 1:colcon.colcon_core.package_identification:_identify(build) by extension 'ignore'
[0.374s] Level 1:colcon.colcon_core.package_identification:_identify(build) ignored
[0.374s] Level 1:colcon.colcon_core.package_identification:_identify(install) by extensions ['ignore', 'ignore_ament_install']
[0.374s] Level 1:colcon.colcon_core.package_identification:_identify(install) by extension 'ignore'
[0.374s] Level 1:colcon.colcon_core.package_identification:_identify(install) ignored
[0.374s] Level 1:colcon.colcon_core.package_identification:_identify(log) by extensions ['ignore', 'ignore_ament_install']
[0.374s] Level 1:colcon.colcon_core.package_identification:_identify(log) by extension 'ignore'
[0.374s] Level 1:colcon.colcon_core.package_identification:_identify(log) ignored
[0.375s] Level 1:colcon.colcon_core.package_identification:_identify(src) by extensions ['ignore', 'ignore_ament_install']
[0.375s] Level 1:colcon.colcon_core.package_identification:_identify(src) by extension 'ignore'
[0.375s] Level 1:colcon.colcon_core.package_identification:_identify(src) by extension 'ignore_ament_install'
[0.375s] Level 1:colcon.colcon_core.package_identification:_identify(src) by extensions ['colcon_pkg']
[0.375s] Level 1:colcon.colcon_core.package_identification:_identify(src) by extension 'colcon_pkg'
[0.375s] Level 1:colcon.colcon_core.package_identification:_identify(src) by extensions ['colcon_meta']
[0.375s] Level 1:colcon.colcon_core.package_identification:_identify(src) by extension 'colcon_meta'
[0.375s] Level 1:colcon.colcon_core.package_identification:_identify(src) by extensions ['ros']
[0.375s] Level 1:colcon.colcon_core.package_identification:_identify(src) by extension 'ros'
[0.375s] Level 1:colcon.colcon_core.package_identification:_identify(src) by extensions ['cmake', 'python']
[0.375s] Level 1:colcon.colcon_core.package_identification:_identify(src) by extension 'cmake'
[0.375s] Level 1:colcon.colcon_core.package_identification:_identify(src) by extension 'python'
[0.375s] Level 1:colcon.colcon_core.package_identification:_identify(src) by extensions ['python_setup_py']
[0.375s] Level 1:colcon.colcon_core.package_identification:_identify(src) by extension 'python_setup_py'
[0.375s] Level 1:colcon.colcon_core.package_identification:_identify(src/ebimu_pkg) by extensions ['ignore', 'ignore_ament_install']
[0.375s] Level 1:colcon.colcon_core.package_identification:_identify(src/ebimu_pkg) by extension 'ignore'
[0.375s] Level 1:colcon.colcon_core.package_identification:_identify(src/ebimu_pkg) by extension 'ignore_ament_install'
[0.375s] Level 1:colcon.colcon_core.package_identification:_identify(src/ebimu_pkg) by extensions ['colcon_pkg']
[0.375s] Level 1:colcon.colcon_core.package_identification:_identify(src/ebimu_pkg) by extension 'colcon_pkg'
[0.375s] Level 1:colcon.colcon_core.package_identification:_identify(src/ebimu_pkg) by extensions ['colcon_meta']
[0.375s] Level 1:colcon.colcon_core.package_identification:_identify(src/ebimu_pkg) by extension 'colcon_meta'
[0.375s] Level 1:colcon.colcon_core.package_identification:_identify(src/ebimu_pkg) by extensions ['ros']
[0.375s] Level 1:colcon.colcon_core.package_identification:_identify(src/ebimu_pkg) by extension 'ros'
[0.378s] DEBUG:colcon.colcon_core.package_identification:Package 'src/ebimu_pkg' with type 'ros.ament_python' and name 'ebimu_pkg'
[0.378s] Level 1:colcon.colcon_core.package_identification:_identify(src/localization_layer) by extensions ['ignore', 'ignore_ament_install']
[0.378s] Level 1:colcon.colcon_core.package_identification:_identify(src/localization_layer) by extension 'ignore'
[0.378s] Level 1:colcon.colcon_core.package_identification:_identify(src/localization_layer) by extension 'ignore_ament_install'
[0.378s] Level 1:colcon.colcon_core.package_identification:_identify(src/localization_layer) by extensions ['colcon_pkg']
[0.378s] Level 1:colcon.colcon_core.package_identification:_identify(src/localization_layer) by extension 'colcon_pkg'
[0.378s] Level 1:colcon.colcon_core.package_identification:_identify(src/localization_layer) by extensions ['colcon_meta']
[0.378s] Level 1:colcon.colcon_core.package_identification:_identify(src/localization_layer) by extension 'colcon_meta'
[0.378s] Level 1:colcon.colcon_core.package_identification:_identify(src/localization_layer) by extensions ['ros']
[0.378s] Level 1:colcon.colcon_core.package_identification:_identify(src/localization_layer) by extension 'ros'
[0.378s] DEBUG:colcon.colcon_core.package_identification:Package 'src/localization_layer' with type 'ros.ament_cmake' and name 'localization_layer'
[0.379s] Level 1:colcon.colcon_core.package_identification:_identify(src/sensor_layer) by extensions ['ignore', 'ignore_ament_install']
[0.379s] Level 1:colcon.colcon_core.package_identification:_identify(src/sensor_layer) by extension 'ignore'
[0.379s] Level 1:colcon.colcon_core.package_identification:_identify(src/sensor_layer) by extension 'ignore_ament_install'
[0.379s] Level 1:colcon.colcon_core.package_identification:_identify(src/sensor_layer) by extensions ['colcon_pkg']
[0.379s] Level 1:colcon.colcon_core.package_identification:_identify(src/sensor_layer) by extension 'colcon_pkg'
[0.379s] Level 1:colcon.colcon_core.package_identification:_identify(src/sensor_layer) by extensions ['colcon_meta']
[0.379s] Level 1:colcon.colcon_core.package_identification:_identify(src/sensor_layer) by extension 'colcon_meta'
[0.379s] Level 1:colcon.colcon_core.package_identification:_identify(src/sensor_layer) by extensions ['ros']
[0.379s] Level 1:colcon.colcon_core.package_identification:_identify(src/sensor_layer) by extension 'ros'
[0.379s] DEBUG:colcon.colcon_core.package_identification:Found ROS schema reference in package manifest in 'src/sensor_layer'
[0.379s] WARNING:colcon.colcon_core.package_identification:Failed to parse ROS package manifest in 'src/sensor_layer': Error(s) in package 'src/sensor_layer/package.xml':
The manifest must contain exactly one "name" tag
[0.380s] Level 1:colcon.colcon_core.package_identification:_identify(src/sensor_layer) by extensions ['cmake', 'python']
[0.380s] Level 1:colcon.colcon_core.package_identification:_identify(src/sensor_layer) by extension 'cmake'
[0.380s] Level 1:colcon.colcon_core.package_identification:_identify(src/sensor_layer) by extension 'python'
[0.380s] DEBUG:colcon.colcon_core.package_identification:Package 'src/sensor_layer' with type 'cmake' and name 'sensor_layer'
[0.381s] Level 1:colcon.colcon_core.package_identification:_identify(src/sllidar_ros2) by extensions ['ignore', 'ignore_ament_install']
[0.381s] Level 1:colcon.colcon_core.package_identification:_identify(src/sllidar_ros2) by extension 'ignore'
[0.381s] Level 1:colcon.colcon_core.package_identification:_identify(src/sllidar_ros2) by extension 'ignore_ament_install'
[0.381s] Level 1:colcon.colcon_core.package_identification:_identify(src/sllidar_ros2) by extensions ['colcon_pkg']
[0.381s] Level 1:colcon.colcon_core.package_identification:_identify(src/sllidar_ros2) by extension 'colcon_pkg'
[0.381s] Level 1:colcon.colcon_core.package_identification:_identify(src/sllidar_ros2) by extensions ['colcon_meta']
[0.381s] Level 1:colcon.colcon_core.package_identification:_identify(src/sllidar_ros2) by extension 'colcon_meta'
[0.381s] Level 1:colcon.colcon_core.package_identification:_identify(src/sllidar_ros2) by extensions ['ros']
[0.381s] Level 1:colcon.colcon_core.package_identification:_identify(src/sllidar_ros2) by extension 'ros'
[0.381s] DEBUG:colcon.colcon_core.package_identification:Package 'src/sllidar_ros2' with type 'ros.ament_cmake' and name 'sllidar_ros2'
[0.382s] Level 1:colcon.colcon_core.package_identification:_identify(src/tf_manager_cpp) by extensions ['ignore', 'ignore_ament_install']
[0.382s] Level 1:colcon.colcon_core.package_identification:_identify(src/tf_manager_cpp) by extension 'ignore'
[0.382s] Level 1:colcon.colcon_core.package_identification:_identify(src/tf_manager_cpp) by extension 'ignore_ament_install'
[0.382s] Level 1:colcon.colcon_core.package_identification:_identify(src/tf_manager_cpp) by extensions ['colcon_pkg']
[0.382s] Level 1:colcon.colcon_core.package_identification:_identify(src/tf_manager_cpp) by extension 'colcon_pkg'
[0.382s] Level 1:colcon.colcon_core.package_identification:_identify(src/tf_manager_cpp) by extensions ['colcon_meta']
[0.382s] Level 1:colcon.colcon_core.package_identification:_identify(src/tf_manager_cpp) by extension 'colcon_meta'
[0.382s] Level 1:colcon.colcon_core.package_identification:_identify(src/tf_manager_cpp) by extensions ['ros']
[0.382s] Level 1:colcon.colcon_core.package_identification:_identify(src/tf_manager_cpp) by extension 'ros'
[0.382s] DEBUG:colcon.colcon_core.package_identification:Package 'src/tf_manager_cpp' with type 'ros.catkin' and name 'tf_manager_cpp'
[0.382s] Level 1:colcon.colcon_core.package_discovery:discover_packages(recursive) using defaults
[0.383s] Level 1:colcon.colcon_core.package_discovery:discover_packages(ignore) discover
[0.383s] Level 1:colcon.colcon_core.package_discovery:discover_packages(ignore) using defaults
[0.383s] Level 1:colcon.colcon_core.package_discovery:discover_packages(path) discover
[0.383s] Level 1:colcon.colcon_core.package_discovery:discover_packages(path) using defaults
[0.411s] Level 1:colcon.colcon_core.package_discovery:discover_packages(prefix_path) check parameters
[0.411s] Level 1:colcon.colcon_core.package_discovery:discover_packages(prefix_path) discover
[0.412s] DEBUG:colcon.colcon_installed_package_information.package_discovery:Found 1 installed packages in /home/tkddn647/sensor_layer/install
[0.414s] DEBUG:colcon.colcon_installed_package_information.package_discovery:Found 347 installed packages in /opt/ros/humble
[0.415s] Level 1:colcon.colcon_core.package_discovery:discover_packages(prefix_path) using defaults
[0.453s] Level 5:colcon.colcon_core.verb:set package 'ebimu_pkg' build argument 'cmake_args' from command line to 'None'
[0.453s] Level 5:colcon.colcon_core.verb:set package 'ebimu_pkg' build argument 'cmake_target' from command line to 'None'
[0.453s] Level 5:colcon.colcon_core.verb:set package 'ebimu_pkg' build argument 'cmake_target_skip_unavailable' from command line to 'False'
[0.453s] Level 5:colcon.colcon_core.verb:set package 'ebimu_pkg' build argument 'cmake_clean_cache' from command line to 'False'
[0.453s] Level 5:colcon.colcon_core.verb:set package 'ebimu_pkg' build argument 'cmake_clean_first' from command line to 'False'
[0.453s] Level 5:colcon.colcon_core.verb:set package 'ebimu_pkg' build argument 'cmake_force_configure' from command line to 'False'
[0.453s] Level 5:colcon.colcon_core.verb:set package 'ebimu_pkg' build argument 'ament_cmake_args' from command line to 'None'
[0.453s] Level 5:colcon.colcon_core.verb:set package 'ebimu_pkg' build argument 'catkin_cmake_args' from command line to 'None'
[0.453s] Level 5:colcon.colcon_core.verb:set package 'ebimu_pkg' build argument 'catkin_skip_building_tests' from command line to 'False'
[0.453s] DEBUG:colcon.colcon_core.verb:Building package 'ebimu_pkg' with the following arguments: {'ament_cmake_args': None, 'build_base': '/home/tkddn647/sensor_layer/build/ebimu_pkg', 'catkin_cmake_args': None, 'catkin_skip_building_tests': False, 'cmake_args': None, 'cmake_clean_cache': False, 'cmake_clean_first': False, 'cmake_force_configure': False, 'cmake_target': None, 'cmake_target_skip_unavailable': False, 'install_base': '/home/tkddn647/sensor_layer/install/ebimu_pkg', 'merge_install': False, 'path': '/home/tkddn647/sensor_layer/src/ebimu_pkg', 'symlink_install': False, 'test_result_base': None}
[0.453s] Level 5:colcon.colcon_core.verb:set package 'localization_layer' build argument 'cmake_args' from command line to 'None'
[0.453s] Level 5:colcon.colcon_core.verb:set package 'localization_layer' build argument 'cmake_target' from command line to 'None'
[0.453s] Level 5:colcon.colcon_core.verb:set package 'localization_layer' build argument 'cmake_target_skip_unavailable' from command line to 'False'
[0.453s] Level 5:colcon.colcon_core.verb:set package 'localization_layer' build argument 'cmake_clean_cache' from command line to 'False'
[0.453s] Level 5:colcon.colcon_core.verb:set package 'localization_layer' build argument 'cmake_clean_first' from command line to 'False'
[0.453s] Level 5:colcon.colcon_core.verb:set package 'localization_layer' build argument 'cmake_force_configure' from command line to 'False'
[0.453s] Level 5:colcon.colcon_core.verb:set package 'localization_layer' build argument 'ament_cmake_args' from command line to 'None'
[0.453s] Level 5:colcon.colcon_core.verb:set package 'localization_layer' build argument 'catkin_cmake_args' from command line to 'None'
[0.453s] Level 5:colcon.colcon_core.verb:set package 'localization_layer' build argument 'catkin_skip_building_tests' from command line to 'False'
[0.454s] DEBUG:colcon.colcon_core.verb:Building package 'localization_layer' with the following arguments: {'ament_cmake_args': None, 'build_base': '/home/tkddn647/sensor_layer/build/localization_layer', 'catkin_cmake_args': None, 'catkin_skip_building_tests': False, 'cmake_args': None, 'cmake_clean_cache': False, 'cmake_clean_first': False, 'cmake_force_configure': False, 'cmake_target': None, 'cmake_target_skip_unavailable': False, 'install_base': '/home/tkddn647/sensor_layer/install/localization_layer', 'merge_install': False, 'path': '/home/tkddn647/sensor_layer/src/localization_layer', 'symlink_install': False, 'test_result_base': None}
[0.454s] Level 5:colcon.colcon_core.verb:set package 'sensor_layer' build argument 'cmake_args' from command line to 'None'
[0.454s] Level 5:colcon.colcon_core.verb:set package 'sensor_layer' build argument 'cmake_target' from command line to 'None'
[0.454s] Level 5:colcon.colcon_core.verb:set package 'sensor_layer' build argument 'cmake_target_skip_unavailable' from command line to 'False'
[0.454s] Level 5:colcon.colcon_core.verb:set package 'sensor_layer' build argument 'cmake_clean_cache' from command line to 'False'
[0.454s] Level 5:colcon.colcon_core.verb:set package 'sensor_layer' build argument 'cmake_clean_first' from command line to 'False'
[0.454s] Level 5:colcon.colcon_core.verb:set package 'sensor_layer' build argument 'cmake_force_configure' from command line to 'False'
[0.454s] Level 5:colcon.colcon_core.verb:set package 'sensor_layer' build argument 'ament_cmake_args' from command line to 'None'
[0.454s] Level 5:colcon.colcon_core.verb:set package 'sensor_layer' build argument 'catkin_cmake_args' from command line to 'None'
[0.454s] Level 5:colcon.colcon_core.verb:set package 'sensor_layer' build argument 'catkin_skip_building_tests' from command line to 'False'
[0.454s] DEBUG:colcon.colcon_core.verb:Building package 'sensor_layer' with the following arguments: {'ament_cmake_args': None, 'build_base': '/home/tkddn647/sensor_layer/build/sensor_layer', 'catkin_cmake_args': None, 'catkin_skip_building_tests': False, 'cmake_args': None, 'cmake_clean_cache': False, 'cmake_clean_first': False, 'cmake_force_configure': False, 'cmake_target': None, 'cmake_target_skip_unavailable': False, 'install_base': '/home/tkddn647/sensor_layer/install/sensor_layer', 'merge_install': False, 'path': '/home/tkddn647/sensor_layer/src/sensor_layer', 'symlink_install': False, 'test_result_base': None}
[0.454s] Level 5:colcon.colcon_core.verb:set package 'sllidar_ros2' build argument 'cmake_args' from command line to 'None'
[0.454s] Level 5:colcon.colcon_core.verb:set package 'sllidar_ros2' build argument 'cmake_target' from command line to 'None'
[0.454s] Level 5:colcon.colcon_core.verb:set package 'sllidar_ros2' build argument 'cmake_target_skip_unavailable' from command line to 'False'
[0.454s] Level 5:colcon.colcon_core.verb:set package 'sllidar_ros2' build argument 'cmake_clean_cache' from command line to 'False'
[0.454s] Level 5:colcon.colcon_core.verb:set package 'sllidar_ros2' build argument 'cmake_clean_first' from command line to 'False'
[0.454s] Level 5:colcon.colcon_core.verb:set package 'sllidar_ros2' build argument 'cmake_force_configure' from command line to 'False'
[0.454s] Level 5:colcon.colcon_core.verb:set package 'sllidar_ros2' build argument 'ament_cmake_args' from command line to 'None'
[0.454s] Level 5:colcon.colcon_core.verb:set package 'sllidar_ros2' build argument 'catkin_cmake_args' from command line to 'None'
[0.454s] Level 5:colcon.colcon_core.verb:set package 'sllidar_ros2' build argument 'catkin_skip_building_tests' from command line to 'False'
[0.454s] DEBUG:colcon.colcon_core.verb:Building package 'sllidar_ros2' with the following arguments: {'ament_cmake_args': None, 'build_base': '/home/tkddn647/sensor_layer/build/sllidar_ros2', 'catkin_cmake_args': None, 'catkin_skip_building_tests': False, 'cmake_args': None, 'cmake_clean_cache': False, 'cmake_clean_first': False, 'cmake_force_configure': False, 'cmake_target': None, 'cmake_target_skip_unavailable': False, 'install_base': '/home/tkddn647/sensor_layer/install/sllidar_ros2', 'merge_install': False, 'path': '/home/tkddn647/sensor_layer/src/sllidar_ros2', 'symlink_install': False, 'test_result_base': None}
[0.455s] Level 5:colcon.colcon_core.verb:set package 'tf_manager_cpp' build argument 'cmake_args' from command line to 'None'
[0.455s] Level 5:colcon.colcon_core.verb:set package 'tf_manager_cpp' build argument 'cmake_target' from command line to 'None'
[0.455s] Level 5:colcon.colcon_core.verb:set package 'tf_manager_cpp' build argument 'cmake_target_skip_unavailable' from command line to 'False'
[0.455s] Level 5:colcon.colcon_core.verb:set package 'tf_manager_cpp' build argument 'cmake_clean_cache' from command line to 'False'
[0.455s] Level 5:colcon.colcon_core.verb:set package 'tf_manager_cpp' build argument 'cmake_clean_first' from command line to 'False'
[0.455s] Level 5:colcon.colcon_core.verb:set package 'tf_manager_cpp' build argument 'cmake_force_configure' from command line to 'False'
[0.455s] Level 5:colcon.colcon_core.verb:set package 'tf_manager_cpp' build argument 'ament_cmake_args' from command line to 'None'
[0.455s] Level 5:colcon.colcon_core.verb:set package 'tf_manager_cpp' build argument 'catkin_cmake_args' from command line to 'None'
[0.455s] Level 5:colcon.colcon_core.verb:set package 'tf_manager_cpp' build argument 'catkin_skip_building_tests' from command line to 'False'
[0.455s] DEBUG:colcon.colcon_core.verb:Building package 'tf_manager_cpp' with the following arguments: {'ament_cmake_args': None, 'build_base': '/home/tkddn647/sensor_layer/build/tf_manager_cpp', 'catkin_cmake_args': None, 'catkin_skip_building_tests': False, 'cmake_args': None, 'cmake_clean_cache': False, 'cmake_clean_first': False, 'cmake_force_configure': False, 'cmake_target': None, 'cmake_target_skip_unavailable': False, 'install_base': '/home/tkddn647/sensor_layer/install/tf_manager_cpp', 'merge_install': False, 'path': '/home/tkddn647/sensor_layer/src/tf_manager_cpp', 'symlink_install': False, 'test_result_base': None}
[0.455s] INFO:colcon.colcon_core.executor:Executing jobs using 'parallel' executor
[0.456s] DEBUG:colcon.colcon_parallel_executor.executor.parallel:run_until_complete
[0.456s] INFO:colcon.colcon_ros.task.ament_python.build:Building ROS package in '/home/tkddn647/sensor_layer/src/ebimu_pkg' with build type 'ament_python'
[0.457s] Level 1:colcon.colcon_core.shell:create_environment_hook('ebimu_pkg', 'ament_prefix_path')
[0.459s] INFO:colcon.colcon_core.plugin_system:Skipping extension 'colcon_core.shell.bat': Not used on non-Windows systems
[0.459s] INFO:colcon.colcon_core.shell:Creating environment hook '/home/tkddn647/sensor_layer/install/ebimu_pkg/share/ebimu_pkg/hook/ament_prefix_path.ps1'
[0.461s] INFO:colcon.colcon_core.shell:Creating environment descriptor '/home/tkddn647/sensor_layer/install/ebimu_pkg/share/ebimu_pkg/hook/ament_prefix_path.dsv'
[0.462s] INFO:colcon.colcon_core.shell:Creating environment hook '/home/tkddn647/sensor_layer/install/ebimu_pkg/share/ebimu_pkg/hook/ament_prefix_path.sh'
[0.462s] INFO:colcon.colcon_core.shell:Skip shell extension 'powershell' for command environment: Not usable outside of PowerShell
[0.462s] DEBUG:colcon.colcon_core.shell:Skip shell extension 'dsv' for command environment
[0.466s] INFO:colcon.colcon_ros.task.ament_cmake.build:Building ROS package in '/home/tkddn647/sensor_layer/src/localization_layer' with build type 'ament_cmake'
[0.466s] INFO:colcon.colcon_cmake.task.cmake.build:Building CMake package in '/home/tkddn647/sensor_layer/src/localization_layer'
[0.466s] INFO:colcon.colcon_core.shell:Skip shell extension 'powershell' for command environment: Not usable outside of PowerShell
[0.466s] DEBUG:colcon.colcon_core.shell:Skip shell extension 'dsv' for command environment
[0.469s] INFO:colcon.colcon_cmake.task.cmake.build:Building CMake package in '/home/tkddn647/sensor_layer/src/sensor_layer'
[0.470s] INFO:colcon.colcon_core.shell:Skip shell extension 'powershell' for command environment: Not usable outside of PowerShell
[0.470s] DEBUG:colcon.colcon_core.shell:Skip shell extension 'dsv' for command environment
[0.474s] INFO:colcon.colcon_ros.task.ament_cmake.build:Building ROS package in '/home/tkddn647/sensor_layer/src/sllidar_ros2' with build type 'ament_cmake'
[0.474s] INFO:colcon.colcon_cmake.task.cmake.build:Building CMake package in '/home/tkddn647/sensor_layer/src/sllidar_ros2'
[0.474s] INFO:colcon.colcon_core.shell:Skip shell extension 'powershell' for command environment: Not usable outside of PowerShell
[0.474s] DEBUG:colcon.colcon_core.shell:Skip shell extension 'dsv' for command environment
[0.478s] INFO:colcon.colcon_ros.task.catkin.build:Building ROS package in '/home/tkddn647/sensor_layer/src/tf_manager_cpp' with build type 'catkin'
[0.478s] INFO:colcon.colcon_cmake.task.cmake.build:Building CMake package in '/home/tkddn647/sensor_layer/src/tf_manager_cpp'
[0.479s] INFO:colcon.colcon_core.shell:Skip shell extension 'powershell' for command environment: Not usable outside of PowerShell
[0.479s] DEBUG:colcon.colcon_core.shell:Skip shell extension 'dsv' for command environment
[0.722s] INFO:colcon.colcon_core.task.python.build:Building Python package in '/home/tkddn647/sensor_layer/src/ebimu_pkg'
[0.723s] INFO:colcon.colcon_core.shell:Skip shell extension 'powershell' for command environment: Not usable outside of PowerShell
[0.723s] DEBUG:colcon.colcon_core.shell:Skip shell extension 'dsv' for command environment
[0.730s] DEBUG:colcon.colcon_core.event_handler.log_command:Invoking command in '/home/tkddn647/sensor_layer/build/localization_layer': CMAKE_PREFIX_PATH=${CMAKE_PREFIX_PATH}:/opt/ros/humble /usr/bin/cmake --build /home/tkddn647/sensor_layer/build/localization_layer -- -j12 -l12
[0.734s] DEBUG:colcon.colcon_core.event_handler.log_command:Invoking command in '/home/tkddn647/sensor_layer/build/sensor_layer': /usr/bin/cmake /home/tkddn647/sensor_layer/src/sensor_layer -DCMAKE_INSTALL_PREFIX=/home/tkddn647/sensor_layer/install/sensor_layer
[0.739s] DEBUG:colcon.colcon_core.event_handler.log_command:Invoking command in '/home/tkddn647/sensor_layer/build/sllidar_ros2': CMAKE_PREFIX_PATH=${CMAKE_PREFIX_PATH}:/opt/ros/humble /usr/bin/cmake /home/tkddn647/sensor_layer/src/sllidar_ros2 -DCMAKE_INSTALL_PREFIX=/home/tkddn647/sensor_layer/install/sllidar_ros2
[0.744s] DEBUG:colcon.colcon_core.event_handler.log_command:Invoking command in '/home/tkddn647/sensor_layer/build/tf_manager_cpp': /usr/bin/cmake /home/tkddn647/sensor_layer/src/tf_manager_cpp -DCATKIN_INSTALL_INTO_PREFIX_ROOT=0 -DCMAKE_INSTALL_PREFIX=/home/tkddn647/sensor_layer/install/tf_manager_cpp
[0.781s] DEBUG:colcon.colcon_core.event_handler.log_command:Invoked command in '/home/tkddn647/sensor_layer/build/localization_layer' returned '0': CMAKE_PREFIX_PATH=${CMAKE_PREFIX_PATH}:/opt/ros/humble /usr/bin/cmake --build /home/tkddn647/sensor_layer/build/localization_layer -- -j12 -l12
[0.795s] DEBUG:colcon.colcon_core.event_handler.log_command:Invoking command in '/home/tkddn647/sensor_layer/build/localization_layer': CMAKE_PREFIX_PATH=${CMAKE_PREFIX_PATH}:/opt/ros/humble /usr/bin/cmake --install /home/tkddn647/sensor_layer/build/localization_layer
[0.811s] Level 1:colcon.colcon_core.environment:create_environment_scripts_only(localization_layer)
[0.813s] DEBUG:colcon.colcon_core.event_handler.log_command:Invoked command in '/home/tkddn647/sensor_layer/build/localization_layer' returned '0': CMAKE_PREFIX_PATH=${CMAKE_PREFIX_PATH}:/opt/ros/humble /usr/bin/cmake --install /home/tkddn647/sensor_layer/build/localization_layer
[0.816s] Level 1:colcon.colcon_core.environment:checking '/home/tkddn647/sensor_layer/install/localization_layer' for CMake module files
[0.817s] Level 1:colcon.colcon_core.environment:checking '/home/tkddn647/sensor_layer/install/localization_layer' for CMake config files
[0.817s] Level 1:colcon.colcon_core.shell:create_environment_hook('localization_layer', 'cmake_prefix_path')
[0.818s] INFO:colcon.colcon_core.shell:Creating environment hook '/home/tkddn647/sensor_layer/install/localization_layer/share/localization_layer/hook/cmake_prefix_path.ps1'
[0.818s] INFO:colcon.colcon_core.shell:Creating environment descriptor '/home/tkddn647/sensor_layer/install/localization_layer/share/localization_layer/hook/cmake_prefix_path.dsv'
[0.819s] INFO:colcon.colcon_core.shell:Creating environment hook '/home/tkddn647/sensor_layer/install/localization_layer/share/localization_layer/hook/cmake_prefix_path.sh'
[0.820s] Level 1:colcon.colcon_core.environment:checking '/home/tkddn647/sensor_layer/install/localization_layer/bin'
[0.820s] Level 1:colcon.colcon_core.environment:checking '/home/tkddn647/sensor_layer/install/localization_layer/lib/pkgconfig/localization_layer.pc'
[0.820s] Level 1:colcon.colcon_core.environment:checking '/home/tkddn647/sensor_layer/install/localization_layer/lib/python3.10/site-packages'
[0.821s] Level 1:colcon.colcon_core.environment:checking '/home/tkddn647/sensor_layer/install/localization_layer/bin'
[0.821s] INFO:colcon.colcon_core.shell:Creating package script '/home/tkddn647/sensor_layer/install/localization_layer/share/localization_layer/package.ps1'
[0.822s] INFO:colcon.colcon_core.shell:Creating package descriptor '/home/tkddn647/sensor_layer/install/localization_layer/share/localization_layer/package.dsv'
[0.823s] INFO:colcon.colcon_core.shell:Creating package script '/home/tkddn647/sensor_layer/install/localization_layer/share/localization_layer/package.sh'
[0.824s] INFO:colcon.colcon_core.shell:Creating package script '/home/tkddn647/sensor_layer/install/localization_layer/share/localization_layer/package.bash'
[0.824s] INFO:colcon.colcon_core.shell:Creating package script '/home/tkddn647/sensor_layer/install/localization_layer/share/localization_layer/package.zsh'
[0.825s] Level 1:colcon.colcon_core.environment:create_file_with_runtime_dependencies(/home/tkddn647/sensor_layer/install/localization_layer/share/colcon-core/packages/localization_layer)
[0.826s] Level 1:colcon.colcon_core.environment:create_environment_scripts_only(localization_layer)
[0.826s] Level 1:colcon.colcon_core.environment:checking '/home/tkddn647/sensor_layer/install/localization_layer' for CMake module files
[0.827s] Level 1:colcon.colcon_core.environment:checking '/home/tkddn647/sensor_layer/install/localization_layer' for CMake config files
[0.827s] Level 1:colcon.colcon_core.shell:create_environment_hook('localization_layer', 'cmake_prefix_path')
[0.827s] INFO:colcon.colcon_core.shell:Creating environment hook '/home/tkddn647/sensor_layer/install/localization_layer/share/localization_layer/hook/cmake_prefix_path.ps1'
[0.828s] INFO:colcon.colcon_core.shell:Creating environment descriptor '/home/tkddn647/sensor_layer/install/localization_layer/share/localization_layer/hook/cmake_prefix_path.dsv'
[0.828s] INFO:colcon.colcon_core.shell:Creating environment hook '/home/tkddn647/sensor_layer/install/localization_layer/share/localization_layer/hook/cmake_prefix_path.sh'
[0.829s] Level 1:colcon.colcon_core.environment:checking '/home/tkddn647/sensor_layer/install/localization_layer/bin'
[0.829s] Level 1:colcon.colcon_core.environment:checking '/home/tkddn647/sensor_layer/install/localization_layer/lib/pkgconfig/localization_layer.pc'
[0.829s] Level 1:colcon.colcon_core.environment:checking '/home/tkddn647/sensor_layer/install/localization_layer/lib/python3.10/site-packages'
[0.829s] Level 1:colcon.colcon_core.environment:checking '/home/tkddn647/sensor_layer/install/localization_layer/bin'
[0.830s] INFO:colcon.colcon_core.shell:Creating package script '/home/tkddn647/sensor_layer/install/localization_layer/share/localization_layer/package.ps1'
[0.830s] INFO:colcon.colcon_core.shell:Creating package descriptor '/home/tkddn647/sensor_layer/install/localization_layer/share/localization_layer/package.dsv'
[0.831s] INFO:colcon.colcon_core.shell:Creating package script '/home/tkddn647/sensor_layer/install/localization_layer/share/localization_layer/package.sh'
[0.831s] INFO:colcon.colcon_core.shell:Creating package script '/home/tkddn647/sensor_layer/install/localization_layer/share/localization_layer/package.bash'
[0.832s] INFO:colcon.colcon_core.shell:Creating package script '/home/tkddn647/sensor_layer/install/localization_layer/share/localization_layer/package.zsh'
[0.833s] Level 1:colcon.colcon_core.environment:create_file_with_runtime_dependencies(/home/tkddn647/sensor_layer/install/localization_layer/share/colcon-core/packages/localization_layer)
[1.439s] DEBUG:colcon.colcon_core.event_handler.log_command:Invoking command in '/home/tkddn647/sensor_layer/src/ebimu_pkg': PYTHONPATH=/home/tkddn647/sensor_layer/build/ebimu_pkg/prefix_override:/usr/lib/python3/dist-packages/colcon_core/task/python/colcon_distutils_commands:/home/tkddn647/sensor_layer/install/ebimu_pkg/lib/python3.10/site-packages:${PYTHONPATH} /usr/bin/python3 -W ignore:setup.py install is deprecated -W ignore:easy_install command is deprecated setup.py egg_info --egg-base ../../build/ebimu_pkg build --build-base /home/tkddn647/sensor_layer/build/ebimu_pkg/build install --record /home/tkddn647/sensor_layer/build/ebimu_pkg/install.log --single-version-externally-managed install_data
[1.821s] Level 1:colcon.colcon_core.environment:checking '/home/tkddn647/sensor_layer/install/ebimu_pkg' for CMake module files
[1.822s] DEBUG:colcon.colcon_core.event_handler.log_command:Invoked command in '/home/tkddn647/sensor_layer/src/ebimu_pkg' returned '0': PYTHONPATH=/home/tkddn647/sensor_layer/build/ebimu_pkg/prefix_override:/usr/lib/python3/dist-packages/colcon_core/task/python/colcon_distutils_commands:/home/tkddn647/sensor_layer/install/ebimu_pkg/lib/python3.10/site-packages:${PYTHONPATH} /usr/bin/python3 -W ignore:setup.py install is deprecated -W ignore:easy_install command is deprecated setup.py egg_info --egg-base ../../build/ebimu_pkg build --build-base /home/tkddn647/sensor_layer/build/ebimu_pkg/build install --record /home/tkddn647/sensor_layer/build/ebimu_pkg/install.log --single-version-externally-managed install_data
[1.822s] Level 1:colcon.colcon_core.environment:checking '/home/tkddn647/sensor_layer/install/ebimu_pkg' for CMake config files
[1.823s] Level 1:colcon.colcon_core.environment:checking '/home/tkddn647/sensor_layer/install/ebimu_pkg/lib'
[1.823s] Level 1:colcon.colcon_core.environment:checking '/home/tkddn647/sensor_layer/install/ebimu_pkg/bin'
[1.824s] Level 1:colcon.colcon_core.environment:checking '/home/tkddn647/sensor_layer/install/ebimu_pkg/lib/pkgconfig/ebimu_pkg.pc'
[1.824s] Level 1:colcon.colcon_core.environment:checking '/home/tkddn647/sensor_layer/install/ebimu_pkg/lib/python3.10/site-packages'
[1.824s] Level 1:colcon.colcon_core.shell:create_environment_hook('ebimu_pkg', 'pythonpath')
[1.824s] INFO:colcon.colcon_core.shell:Creating environment hook '/home/tkddn647/sensor_layer/install/ebimu_pkg/share/ebimu_pkg/hook/pythonpath.ps1'
[1.825s] INFO:colcon.colcon_core.shell:Creating environment descriptor '/home/tkddn647/sensor_layer/install/ebimu_pkg/share/ebimu_pkg/hook/pythonpath.dsv'
[1.825s] INFO:colcon.colcon_core.shell:Creating environment hook '/home/tkddn647/sensor_layer/install/ebimu_pkg/share/ebimu_pkg/hook/pythonpath.sh'
[1.826s] Level 1:colcon.colcon_core.environment:checking '/home/tkddn647/sensor_layer/install/ebimu_pkg/bin'
[1.826s] Level 1:colcon.colcon_core.environment:create_environment_scripts_only(ebimu_pkg)
[1.826s] INFO:colcon.colcon_core.shell:Creating package script '/home/tkddn647/sensor_layer/install/ebimu_pkg/share/ebimu_pkg/package.ps1'
[1.827s] INFO:colcon.colcon_core.shell:Creating package descriptor '/home/tkddn647/sensor_layer/install/ebimu_pkg/share/ebimu_pkg/package.dsv'
[1.827s] INFO:colcon.colcon_core.shell:Creating package script '/home/tkddn647/sensor_layer/install/ebimu_pkg/share/ebimu_pkg/package.sh'
[1.827s] INFO:colcon.colcon_core.shell:Creating package script '/home/tkddn647/sensor_layer/install/ebimu_pkg/share/ebimu_pkg/package.bash'
[1.828s] INFO:colcon.colcon_core.shell:Creating package script '/home/tkddn647/sensor_layer/install/ebimu_pkg/share/ebimu_pkg/package.zsh'
[1.828s] Level 1:colcon.colcon_core.environment:create_file_with_runtime_dependencies(/home/tkddn647/sensor_layer/install/ebimu_pkg/share/colcon-core/packages/ebimu_pkg)
[2.635s] DEBUG:colcon.colcon_core.event_handler.log_command:Invoked command in '/home/tkddn647/sensor_layer/build/sensor_layer' returned '1': /usr/bin/cmake /home/tkddn647/sensor_layer/src/sensor_layer -DCMAKE_INSTALL_PREFIX=/home/tkddn647/sensor_layer/install/sensor_layer
[10.547s] DEBUG:colcon.colcon_parallel_executor.executor.parallel:closing loop
[10.547s] DEBUG:colcon.colcon_parallel_executor.executor.parallel:loop closed
[10.547s] DEBUG:colcon.colcon_parallel_executor.executor.parallel:run_until_complete finished with '1'
[10.547s] DEBUG:colcon.colcon_core.event_reactor:joining thread
[10.611s] INFO:colcon.colcon_core.plugin_system:Skipping extension 'colcon_notification.desktop_notification.notify_send': Could not find 'notify-send'
[10.611s] INFO:colcon.colcon_core.plugin_system:Skipping extension 'colcon_notification.desktop_notification.terminal_notifier': Not used on non-Darwin systems
[10.611s] INFO:colcon.colcon_core.plugin_system:Skipping extension 'colcon_notification.desktop_notification.win32': Not used on non-Windows systems
[10.612s] INFO:colcon.colcon_notification.desktop_notification:Sending desktop notification using 'notify2'
[10.612s] DEBUG:colcon.colcon_notification.desktop_notification.notify2:Failed to initialize notify2: org.freedesktop.DBus.Error.FileNotFound: Failed to connect to socket /run/user/1000/bus: No such file or directory
[10.612s] DEBUG:colcon.colcon_core.event_reactor:joined thread
[10.612s] INFO:colcon.colcon_core.shell:Creating prefix script '/home/tkddn647/sensor_layer/install/local_setup.ps1'
[10.613s] INFO:colcon.colcon_core.shell:Creating prefix util module '/home/tkddn647/sensor_layer/install/_local_setup_util_ps1.py'
[10.614s] INFO:colcon.colcon_core.shell:Creating prefix chain script '/home/tkddn647/sensor_layer/install/setup.ps1'
[10.615s] INFO:colcon.colcon_core.shell:Creating prefix script '/home/tkddn647/sensor_layer/install/local_setup.sh'
[10.616s] INFO:colcon.colcon_core.shell:Creating prefix util module '/home/tkddn647/sensor_layer/install/_local_setup_util_sh.py'
[10.616s] INFO:colcon.colcon_core.shell:Creating prefix chain script '/home/tkddn647/sensor_layer/install/setup.sh'
[10.617s] INFO:colcon.colcon_core.shell:Creating prefix script '/home/tkddn647/sensor_layer/install/local_setup.bash'
[10.617s] INFO:colcon.colcon_core.shell:Creating prefix chain script '/home/tkddn647/sensor_layer/install/setup.bash'
[10.618s] INFO:colcon.colcon_core.shell:Creating prefix script '/home/tkddn647/sensor_layer/install/local_setup.zsh'
[10.619s] INFO:colcon.colcon_core.shell:Creating prefix chain script '/home/tkddn647/sensor_layer/install/setup.zsh'
