-- Found ament_cmake: 1.3.12 (/opt/ros/humble/share/ament_cmake/cmake)
-- Configuring done
-- Generating done
-- Build files have been written to: /home/tkddn647/sensor_layer/build/sensor_layer
-- Install configuration: ""
-- Installing: /home/tkddn647/sensor_layer/install/sensor_layer/share/sensor_layer/launch
-- Installing: /home/tkddn647/sensor_layer/install/sensor_layer/share/sensor_layer/launch/sensor_layer.launch.py
-- Installing: /home/tkddn647/sensor_layer/install/sensor_layer/share/sensor_layer/config
-- Installing: /home/tkddn647/sensor_layer/install/sensor_layer/share/sensor_layer/config/sensor_params.yaml:Zone.Identifier
-- Installing: /home/tkddn647/sensor_layer/install/sensor_layer/share/sensor_layer/config/sensor_params.yaml
-- Installing: /home/tkddn647/sensor_layer/install/sensor_layer/share/ament_index/resource_index/package_run_dependencies/sensor_layer
-- Installing: /home/tkddn647/sensor_layer/install/sensor_layer/share/ament_index/resource_index/parent_prefix_path/sensor_layer
-- Installing: /home/tkddn647/sensor_layer/install/sensor_layer/share/sensor_layer/environment/ament_prefix_path.sh
-- Installing: /home/tkddn647/sensor_layer/install/sensor_layer/share/sensor_layer/environment/ament_prefix_path.dsv
-- Installing: /home/tkddn647/sensor_layer/install/sensor_layer/share/sensor_layer/environment/path.sh
-- Installing: /home/tkddn647/sensor_layer/install/sensor_layer/share/sensor_layer/environment/path.dsv
-- Installing: /home/tkddn647/sensor_layer/install/sensor_layer/share/sensor_layer/local_setup.bash
-- Installing: /home/tkddn647/sensor_layer/install/sensor_layer/share/sensor_layer/local_setup.sh
-- Installing: /home/tkddn647/sensor_layer/install/sensor_layer/share/sensor_layer/local_setup.zsh
-- Installing: /home/tkddn647/sensor_layer/install/sensor_layer/share/sensor_layer/local_setup.dsv
-- Installing: /home/tkddn647/sensor_layer/install/sensor_layer/share/sensor_layer/package.dsv
-- Installing: /home/tkddn647/sensor_layer/install/sensor_layer/share/ament_index/resource_index/packages/sensor_layer
-- Installing: /home/tkddn647/sensor_layer/install/sensor_layer/share/sensor_layer/cmake/sensor_layerConfig.cmake
-- Installing: /home/tkddn647/sensor_layer/install/sensor_layer/share/sensor_layer/cmake/sensor_layerConfig-version.cmake
-- Installing: /home/tkddn647/sensor_layer/install/sensor_layer/share/sensor_layer/package.xml
