[0.417s] Invoking command in '/home/tkddn647/sensor_layer/build/sensor_layer': AMENT_PREFIX_PATH=/home/tkddn647/sensor_layer/install/sllidar_ros2:/home/tkddn647/sensor_layer/install/ebimu_pkg:${AMENT_PREFIX_PATH} CMAKE_PREFIX_PATH=/opt/ros/humble:/home/tkddn647/sensor_layer/install/tf_manager_cpp:/home/tkddn647/sensor_layer/install/sllidar_ros2:${CMAKE_PREFIX_PATH} PKG_CONFIG_PATH=/home/tkddn647/sensor_layer/install/tf_manager_cpp/lib/x86_64-linux-gnu/pkgconfig:/home/tkddn647/sensor_layer/install/tf_manager_cpp/lib/pkgconfig PYTHONPATH=/home/tkddn647/sensor_layer/install/ebimu_pkg/lib/python3.10/site-packages:${PYTHONPATH} ROS_PACKAGE_PATH=/home/tkddn647/sensor_layer/install/tf_manager_cpp/share /usr/bin/cmake /home/tkddn647/sensor_layer/src/sensor_layer -DCMAKE_INSTALL_PREFIX=/home/tkddn647/sensor_layer/install/sensor_layer
[0.432s] -- Found ament_cmake: 1.3.12 (/opt/ros/humble/share/ament_cmake/cmake)
[0.654s] -- Configuring done
[0.664s] -- Generating done
[0.667s] -- Build files have been written to: /home/tkddn647/sensor_layer/build/sensor_layer
[0.671s] Invoked command in '/home/tkddn647/sensor_layer/build/sensor_layer' returned '0': AMENT_PREFIX_PATH=/home/tkddn647/sensor_layer/install/sllidar_ros2:/home/tkddn647/sensor_layer/install/ebimu_pkg:${AMENT_PREFIX_PATH} CMAKE_PREFIX_PATH=/opt/ros/humble:/home/tkddn647/sensor_layer/install/tf_manager_cpp:/home/tkddn647/sensor_layer/install/sllidar_ros2:${CMAKE_PREFIX_PATH} PKG_CONFIG_PATH=/home/tkddn647/sensor_layer/install/tf_manager_cpp/lib/x86_64-linux-gnu/pkgconfig:/home/tkddn647/sensor_layer/install/tf_manager_cpp/lib/pkgconfig PYTHONPATH=/home/tkddn647/sensor_layer/install/ebimu_pkg/lib/python3.10/site-packages:${PYTHONPATH} ROS_PACKAGE_PATH=/home/tkddn647/sensor_layer/install/tf_manager_cpp/share /usr/bin/cmake /home/tkddn647/sensor_layer/src/sensor_layer -DCMAKE_INSTALL_PREFIX=/home/tkddn647/sensor_layer/install/sensor_layer
[0.673s] Invoking command in '/home/tkddn647/sensor_layer/build/sensor_layer': AMENT_PREFIX_PATH=/home/tkddn647/sensor_layer/install/sllidar_ros2:/home/tkddn647/sensor_layer/install/ebimu_pkg:${AMENT_PREFIX_PATH} CMAKE_PREFIX_PATH=/opt/ros/humble:/home/tkddn647/sensor_layer/install/tf_manager_cpp:/home/tkddn647/sensor_layer/install/sllidar_ros2:${CMAKE_PREFIX_PATH} PKG_CONFIG_PATH=/home/tkddn647/sensor_layer/install/tf_manager_cpp/lib/x86_64-linux-gnu/pkgconfig:/home/tkddn647/sensor_layer/install/tf_manager_cpp/lib/pkgconfig PYTHONPATH=/home/tkddn647/sensor_layer/install/ebimu_pkg/lib/python3.10/site-packages:${PYTHONPATH} ROS_PACKAGE_PATH=/home/tkddn647/sensor_layer/install/tf_manager_cpp/share /usr/bin/cmake --build /home/tkddn647/sensor_layer/build/sensor_layer -- -j12 -l12
[0.731s] Invoked command in '/home/tkddn647/sensor_layer/build/sensor_layer' returned '0': AMENT_PREFIX_PATH=/home/tkddn647/sensor_layer/install/sllidar_ros2:/home/tkddn647/sensor_layer/install/ebimu_pkg:${AMENT_PREFIX_PATH} CMAKE_PREFIX_PATH=/opt/ros/humble:/home/tkddn647/sensor_layer/install/tf_manager_cpp:/home/tkddn647/sensor_layer/install/sllidar_ros2:${CMAKE_PREFIX_PATH} PKG_CONFIG_PATH=/home/tkddn647/sensor_layer/install/tf_manager_cpp/lib/x86_64-linux-gnu/pkgconfig:/home/tkddn647/sensor_layer/install/tf_manager_cpp/lib/pkgconfig PYTHONPATH=/home/tkddn647/sensor_layer/install/ebimu_pkg/lib/python3.10/site-packages:${PYTHONPATH} ROS_PACKAGE_PATH=/home/tkddn647/sensor_layer/install/tf_manager_cpp/share /usr/bin/cmake --build /home/tkddn647/sensor_layer/build/sensor_layer -- -j12 -l12
[0.733s] Invoking command in '/home/tkddn647/sensor_layer/build/sensor_layer': AMENT_PREFIX_PATH=/home/tkddn647/sensor_layer/install/sllidar_ros2:/home/tkddn647/sensor_layer/install/ebimu_pkg:${AMENT_PREFIX_PATH} CMAKE_PREFIX_PATH=/opt/ros/humble:/home/tkddn647/sensor_layer/install/tf_manager_cpp:/home/tkddn647/sensor_layer/install/sllidar_ros2:${CMAKE_PREFIX_PATH} PKG_CONFIG_PATH=/home/tkddn647/sensor_layer/install/tf_manager_cpp/lib/x86_64-linux-gnu/pkgconfig:/home/tkddn647/sensor_layer/install/tf_manager_cpp/lib/pkgconfig PYTHONPATH=/home/tkddn647/sensor_layer/install/ebimu_pkg/lib/python3.10/site-packages:${PYTHONPATH} ROS_PACKAGE_PATH=/home/tkddn647/sensor_layer/install/tf_manager_cpp/share /usr/bin/cmake --install /home/tkddn647/sensor_layer/build/sensor_layer
[0.743s] -- Install configuration: ""
[0.743s] -- Installing: /home/tkddn647/sensor_layer/install/sensor_layer/share/sensor_layer/launch
[0.746s] -- Installing: /home/tkddn647/sensor_layer/install/sensor_layer/share/sensor_layer/launch/sensor_layer.launch.py
[0.746s] -- Installing: /home/tkddn647/sensor_layer/install/sensor_layer/share/sensor_layer/config
[0.747s] -- Installing: /home/tkddn647/sensor_layer/install/sensor_layer/share/sensor_layer/config/sensor_params.yaml:Zone.Identifier
[0.747s] -- Installing: /home/tkddn647/sensor_layer/install/sensor_layer/share/sensor_layer/config/sensor_params.yaml
[0.748s] -- Installing: /home/tkddn647/sensor_layer/install/sensor_layer/share/ament_index/resource_index/package_run_dependencies/sensor_layer
[0.749s] -- Installing: /home/tkddn647/sensor_layer/install/sensor_layer/share/ament_index/resource_index/parent_prefix_path/sensor_layer
[0.750s] -- Installing: /home/tkddn647/sensor_layer/install/sensor_layer/share/sensor_layer/environment/ament_prefix_path.sh
[0.750s] -- Installing: /home/tkddn647/sensor_layer/install/sensor_layer/share/sensor_layer/environment/ament_prefix_path.dsv
[0.750s] -- Installing: /home/tkddn647/sensor_layer/install/sensor_layer/share/sensor_layer/environment/path.sh
[0.751s] -- Installing: /home/tkddn647/sensor_layer/install/sensor_layer/share/sensor_layer/environment/path.dsv
[0.751s] -- Installing: /home/tkddn647/sensor_layer/install/sensor_layer/share/sensor_layer/local_setup.bash
[0.751s] -- Installing: /home/tkddn647/sensor_layer/install/sensor_layer/share/sensor_layer/local_setup.sh
[0.752s] -- Installing: /home/tkddn647/sensor_layer/install/sensor_layer/share/sensor_layer/local_setup.zsh
[0.752s] -- Installing: /home/tkddn647/sensor_layer/install/sensor_layer/share/sensor_layer/local_setup.dsv
[0.752s] -- Installing: /home/tkddn647/sensor_layer/install/sensor_layer/share/sensor_layer/package.dsv
[0.753s] -- Installing: /home/tkddn647/sensor_layer/install/sensor_layer/share/ament_index/resource_index/packages/sensor_layer
[0.754s] -- Installing: /home/tkddn647/sensor_layer/install/sensor_layer/share/sensor_layer/cmake/sensor_layerConfig.cmake
[0.754s] -- Installing: /home/tkddn647/sensor_layer/install/sensor_layer/share/sensor_layer/cmake/sensor_layerConfig-version.cmake
[0.754s] -- Installing: /home/tkddn647/sensor_layer/install/sensor_layer/share/sensor_layer/package.xml
[0.757s] Invoked command in '/home/tkddn647/sensor_layer/build/sensor_layer' returned '0': AMENT_PREFIX_PATH=/home/tkddn647/sensor_layer/install/sllidar_ros2:/home/tkddn647/sensor_layer/install/ebimu_pkg:${AMENT_PREFIX_PATH} CMAKE_PREFIX_PATH=/opt/ros/humble:/home/tkddn647/sensor_layer/install/tf_manager_cpp:/home/tkddn647/sensor_layer/install/sllidar_ros2:${CMAKE_PREFIX_PATH} PKG_CONFIG_PATH=/home/tkddn647/sensor_layer/install/tf_manager_cpp/lib/x86_64-linux-gnu/pkgconfig:/home/tkddn647/sensor_layer/install/tf_manager_cpp/lib/pkgconfig PYTHONPATH=/home/tkddn647/sensor_layer/install/ebimu_pkg/lib/python3.10/site-packages:${PYTHONPATH} ROS_PACKAGE_PATH=/home/tkddn647/sensor_layer/install/tf_manager_cpp/share /usr/bin/cmake --install /home/tkddn647/sensor_layer/build/sensor_layer
