[  5%] Building CXX object CMakeFiles/sllidar_node.dir/sdk/src/dataunpacker/unpacker/handler_hqnode.cpp.o
[ 10%] Building CXX object CMakeFiles/sllidar_client.dir/src/sllidar_client.cpp.o
[ 20%] Building CXX object CMakeFiles/sllidar_node.dir/sdk/src/dataunpacker/unpacker/handler_capsules.cpp.o
[ 20%] Building CXX object CMakeFiles/sllidar_node.dir/sdk/src/arch/linux/net_socket.cpp.o
[ 25%] Building CXX object CMakeFiles/sllidar_node.dir/src/sllidar_node.cpp.o
[ 30%] Building CXX object CMakeFiles/sllidar_node.dir/sdk/src/arch/linux/net_serial.cpp.o
[ 40%] Building CXX object CMakeFiles/sllidar_node.dir/sdk/src/arch/linux/timer.cpp.o
[ 40%] Building CXX object CMakeFiles/sllidar_node.dir/sdk/src/hal/thread.cpp.o
[ 45%] Building CXX object CMakeFiles/sllidar_node.dir/sdk/src/sl_async_transceiver.cpp.o
[ 50%] Building CXX object CMakeFiles/sllidar_node.dir/sdk/src/rplidar_driver.cpp.o
[ 55%] Building CXX object CMakeFiles/sllidar_node.dir/sdk/src/dataunpacker/dataunpacker.cpp.o
[ 60%] Building CXX object CMakeFiles/sllidar_node.dir/sdk/src/dataunpacker/unpacker/handler_normalnode.cpp.o
[ 65%] Building CXX object CMakeFiles/sllidar_node.dir/sdk/src/sl_crc.cpp.o
[ 70%] Building CXX object CMakeFiles/sllidar_node.dir/sdk/src/sl_lidar_driver.cpp.o
[ 75%] Building CXX object CMakeFiles/sllidar_node.dir/sdk/src/sl_lidarprotocol_codec.cpp.o
[ 80%] Building CXX object CMakeFiles/sllidar_node.dir/sdk/src/sl_serial_channel.cpp.o
[ 85%] Building CXX object CMakeFiles/sllidar_node.dir/sdk/src/sl_tcp_channel.cpp.o
[ 90%] Building CXX object CMakeFiles/sllidar_node.dir/sdk/src/sl_udp_channel.cpp.o
[ 95%] Linking CXX executable sllidar_node
[ 95%] Built target sllidar_node
[100%] Linking CXX executable sllidar_client
[100%] Built target sllidar_client
-- Install configuration: ""
-- Installing: /home/tkddn647/sensor_layer/install/sllidar_ros2/share/sllidar_ros2/launch
-- Installing: /home/tkddn647/sensor_layer/install/sllidar_ros2/share/sllidar_ros2/launch/sllidar_t1_launch.py:Zone.Identifier
-- Installing: /home/tkddn647/sensor_layer/install/sllidar_ros2/share/sllidar_ros2/launch/view_sllidar_t1_launch.py
-- Installing: /home/tkddn647/sensor_layer/install/sllidar_ros2/share/sllidar_ros2/launch/sllidar_t1_launch.py
-- Installing: /home/tkddn647/sensor_layer/install/sllidar_ros2/share/sllidar_ros2/launch/view_sllidar_t1_launch.py:Zone.Identifier
-- Installing: /home/tkddn647/sensor_layer/install/sllidar_ros2/share/sllidar_ros2/rviz
-- Installing: /home/tkddn647/sensor_layer/install/sllidar_ros2/share/sllidar_ros2/rviz/sllidar_ros2.rviz
-- Installing: /home/tkddn647/sensor_layer/install/sllidar_ros2/share/sllidar_ros2/rviz/sllidar_ros2.rviz:Zone.Identifier
-- Installing: /home/tkddn647/sensor_layer/install/sllidar_ros2/lib/sllidar_ros2/sllidar_node
-- Set runtime path of "/home/tkddn647/sensor_layer/install/sllidar_ros2/lib/sllidar_ros2/sllidar_node" to ""
-- Installing: /home/tkddn647/sensor_layer/install/sllidar_ros2/lib/sllidar_ros2/sllidar_client
-- Set runtime path of "/home/tkddn647/sensor_layer/install/sllidar_ros2/lib/sllidar_ros2/sllidar_client" to ""
-- Installing: /home/tkddn647/sensor_layer/install/sllidar_ros2/share/ament_index/resource_index/package_run_dependencies/sllidar_ros2
-- Installing: /home/tkddn647/sensor_layer/install/sllidar_ros2/share/ament_index/resource_index/parent_prefix_path/sllidar_ros2
-- Installing: /home/tkddn647/sensor_layer/install/sllidar_ros2/share/sllidar_ros2/environment/ament_prefix_path.sh
-- Installing: /home/tkddn647/sensor_layer/install/sllidar_ros2/share/sllidar_ros2/environment/ament_prefix_path.dsv
-- Installing: /home/tkddn647/sensor_layer/install/sllidar_ros2/share/sllidar_ros2/environment/path.sh
-- Installing: /home/tkddn647/sensor_layer/install/sllidar_ros2/share/sllidar_ros2/environment/path.dsv
-- Installing: /home/tkddn647/sensor_layer/install/sllidar_ros2/share/sllidar_ros2/local_setup.bash
-- Installing: /home/tkddn647/sensor_layer/install/sllidar_ros2/share/sllidar_ros2/local_setup.sh
-- Installing: /home/tkddn647/sensor_layer/install/sllidar_ros2/share/sllidar_ros2/local_setup.zsh
-- Installing: /home/tkddn647/sensor_layer/install/sllidar_ros2/share/sllidar_ros2/local_setup.dsv
-- Installing: /home/tkddn647/sensor_layer/install/sllidar_ros2/share/sllidar_ros2/package.dsv
-- Installing: /home/tkddn647/sensor_layer/install/sllidar_ros2/share/ament_index/resource_index/packages/sllidar_ros2
-- Installing: /home/tkddn647/sensor_layer/install/sllidar_ros2/share/sllidar_ros2/cmake/ament_cmake_export_dependencies-extras.cmake
-- Installing: /home/tkddn647/sensor_layer/install/sllidar_ros2/share/sllidar_ros2/cmake/ament_cmake_export_include_directories-extras.cmake
-- Installing: /home/tkddn647/sensor_layer/install/sllidar_ros2/share/sllidar_ros2/cmake/sllidar_ros2Config.cmake
-- Installing: /home/tkddn647/sensor_layer/install/sllidar_ros2/share/sllidar_ros2/cmake/sllidar_ros2Config-version.cmake
-- Installing: /home/tkddn647/sensor_layer/install/sllidar_ros2/share/sllidar_ros2/package.xml
