[0.251s] Invoking command in '/home/tkddn647/sensor_layer/build/sllidar_ros2': CMAKE_PREFIX_PATH=${CMAKE_PREFIX_PATH}:/opt/ros/humble /usr/bin/cmake --build /home/tkddn647/sensor_layer/build/sllidar_ros2 -- -j12 -l12
[0.323s] [  5%] Building CXX object CMakeFiles/sllidar_node.dir/sdk/src/dataunpacker/unpacker/handler_hqnode.cpp.o
[0.323s] [ 10%] Building CXX object CMakeFiles/sllidar_client.dir/src/sllidar_client.cpp.o
[0.323s] [ 20%] Building CXX object CMakeFiles/sllidar_node.dir/sdk/src/dataunpacker/unpacker/handler_capsules.cpp.o
[0.323s] [ 20%] Building CXX object CMakeFiles/sllidar_node.dir/sdk/src/arch/linux/net_socket.cpp.o
[0.324s] [ 25%] Building CXX object CMakeFiles/sllidar_node.dir/src/sllidar_node.cpp.o
[0.324s] [ 30%] Building CXX object CMakeFiles/sllidar_node.dir/sdk/src/arch/linux/net_serial.cpp.o
[0.324s] [ 40%] Building CXX object CMakeFiles/sllidar_node.dir/sdk/src/arch/linux/timer.cpp.o
[0.324s] [ 40%] Building CXX object CMakeFiles/sllidar_node.dir/sdk/src/hal/thread.cpp.o
[0.333s] [ 45%] Building CXX object CMakeFiles/sllidar_node.dir/sdk/src/sl_async_transceiver.cpp.o
[0.333s] [ 50%] Building CXX object CMakeFiles/sllidar_node.dir/sdk/src/rplidar_driver.cpp.o
[0.338s] [ 55%] Building CXX object CMakeFiles/sllidar_node.dir/sdk/src/dataunpacker/dataunpacker.cpp.o
[0.339s] [ 60%] Building CXX object CMakeFiles/sllidar_node.dir/sdk/src/dataunpacker/unpacker/handler_normalnode.cpp.o
[1.245s] In file included from /home/tkddn647/sensor_layer/src/sllidar_ros2/./sdk/include/rplidar_protocol.h:36,
[1.245s]                  from /home/tkddn647/sensor_layer/src/sllidar_ros2/./sdk/include/rplidar.h:39,
[1.245s]                  from /home/tkddn647/sensor_layer/src/sllidar_ros2/sdk/src/sdkcommon.h:49,
[1.245s]                  from /home/tkddn647/sensor_layer/src/sllidar_ros2/sdk/src/sl_async_transceiver.cpp:35:
[1.246s] /home/tkddn647/sensor_layer/src/sllidar_ros2/./sdk/include/sl_lidar_protocol.h:66:16: warning: ISO C++ forbids zero-size array ‘data’ [-Wpedantic]
[1.246s]    66 |     sl_u8 data[0];
[1.246s]       |                ^
[1.250s] In file included from /home/tkddn647/sensor_layer/src/sllidar_ros2/./sdk/include/rplidar_cmd.h:36,
[1.251s]                  from /home/tkddn647/sensor_layer/src/sllidar_ros2/./sdk/include/rplidar.h:40,
[1.252s]                  from /home/tkddn647/sensor_layer/src/sllidar_ros2/sdk/src/sdkcommon.h:49,
[1.252s]                  from /home/tkddn647/sensor_layer/src/sllidar_ros2/sdk/src/sl_async_transceiver.cpp:35:
[1.252s] /home/tkddn647/sensor_layer/src/sllidar_ros2/./sdk/include/sl_lidar_cmd.h:324:20: warning: ISO C++ forbids zero-size array ‘payload’ [-Wpedantic]
[1.252s]   324 |     sl_u8  payload[0];
[1.252s]       |                    ^
[1.267s] In file included from /home/tkddn647/sensor_layer/src/sllidar_ros2/./sdk/include/rplidar_protocol.h:36,
[1.267s]                  from /home/tkddn647/sensor_layer/src/sllidar_ros2/./sdk/include/rplidar.h:39,
[1.267s]                  from /home/tkddn647/sensor_layer/src/sllidar_ros2/./sdk/src/sdkcommon.h:49,
[1.267s]                  from /home/tkddn647/sensor_layer/src/sllidar_ros2/sdk/src/dataunpacker/unpacker/../dataunnpacker_commondef.h:41,
[1.267s]                  from /home/tkddn647/sensor_layer/src/sllidar_ros2/sdk/src/dataunpacker/unpacker/handler_capsules.cpp:39:
[1.267s] /home/tkddn647/sensor_layer/src/sllidar_ros2/./sdk/include/sl_lidar_protocol.h:66:16: warning: ISO C++ forbids zero-size array ‘data’ [-Wpedantic]
[1.267s]    66 |     sl_u8 data[0];
[1.267s]       |                ^
[1.268s] In file included from /home/tkddn647/sensor_layer/src/sllidar_ros2/./sdk/include/rplidar_cmd.h:36,
[1.268s]                  from /home/tkddn647/sensor_layer/src/sllidar_ros2/./sdk/include/rplidar.h:40,
[1.268s]                  from /home/tkddn647/sensor_layer/src/sllidar_ros2/./sdk/src/sdkcommon.h:49,
[1.268s]                  from /home/tkddn647/sensor_layer/src/sllidar_ros2/sdk/src/dataunpacker/unpacker/../dataunnpacker_commondef.h:41,
[1.268s]                  from /home/tkddn647/sensor_layer/src/sllidar_ros2/sdk/src/dataunpacker/unpacker/handler_capsules.cpp:39:
[1.268s] /home/tkddn647/sensor_layer/src/sllidar_ros2/./sdk/include/sl_lidar_cmd.h:324:20: warning: ISO C++ forbids zero-size array ‘payload’ [-Wpedantic]
[1.268s]   324 |     sl_u8  payload[0];
[1.268s]       |                    ^
[1.276s] In file included from /home/tkddn647/sensor_layer/src/sllidar_ros2/./sdk/include/rplidar_protocol.h:36,
[1.276s]                  from /home/tkddn647/sensor_layer/src/sllidar_ros2/./sdk/include/rplidar.h:39,
[1.277s]                  from /home/tkddn647/sensor_layer/src/sllidar_ros2/./sdk/src/sdkcommon.h:49,
[1.278s]                  from /home/tkddn647/sensor_layer/src/sllidar_ros2/sdk/src/dataunpacker/dataunnpacker_commondef.h:41,
[1.278s]                  from /home/tkddn647/sensor_layer/src/sllidar_ros2/sdk/src/dataunpacker/dataunpacker.cpp:39:
[1.278s] /home/tkddn647/sensor_layer/src/sllidar_ros2/./sdk/include/sl_lidar_protocol.h:66:16: warning: ISO C++ forbids zero-size array ‘data’ [-Wpedantic]
[1.278s]    66 |     sl_u8 data[0];
[1.278s]       |                ^
[1.278s] In file included from /home/tkddn647/sensor_layer/src/sllidar_ros2/./sdk/include/rplidar_cmd.h:36,
[1.278s]                  from /home/tkddn647/sensor_layer/src/sllidar_ros2/./sdk/include/rplidar.h:40,
[1.278s]                  from /home/tkddn647/sensor_layer/src/sllidar_ros2/./sdk/src/sdkcommon.h:49,
[1.279s]                  from /home/tkddn647/sensor_layer/src/sllidar_ros2/sdk/src/dataunpacker/dataunnpacker_commondef.h:41,
[1.279s]                  from /home/tkddn647/sensor_layer/src/sllidar_ros2/sdk/src/dataunpacker/dataunpacker.cpp:39:
[1.279s] /home/tkddn647/sensor_layer/src/sllidar_ros2/./sdk/include/sl_lidar_cmd.h:324:20: warning: ISO C++ forbids zero-size array ‘payload’ [-Wpedantic]
[1.279s]   324 |     sl_u8  payload[0];
[1.279s]       |                    ^
[1.365s] In file included from /home/tkddn647/sensor_layer/src/sllidar_ros2/./sdk/include/rplidar_protocol.h:36,
[1.365s]                  from /home/tkddn647/sensor_layer/src/sllidar_ros2/./sdk/include/rplidar.h:39,
[1.365s]                  from /home/tkddn647/sensor_layer/src/sllidar_ros2/./sdk/src/sdkcommon.h:49,
[1.365s]                  from /home/tkddn647/sensor_layer/src/sllidar_ros2/sdk/src/dataunpacker/unpacker/../dataunnpacker_commondef.h:41,
[1.366s]                  from /home/tkddn647/sensor_layer/src/sllidar_ros2/sdk/src/dataunpacker/unpacker/handler_normalnode.cpp:39:
[1.366s] /home/tkddn647/sensor_layer/src/sllidar_ros2/./sdk/include/sl_lidar_protocol.h:66:16: warning: ISO C++ forbids zero-size array ‘data’ [-Wpedantic]
[1.366s]    66 |     sl_u8 data[0];
[1.366s]       |                ^
[1.366s] In file included from /home/tkddn647/sensor_layer/src/sllidar_ros2/./sdk/include/rplidar_cmd.h:36,
[1.366s]                  from /home/tkddn647/sensor_layer/src/sllidar_ros2/./sdk/include/rplidar.h:40,
[1.366s]                  from /home/tkddn647/sensor_layer/src/sllidar_ros2/./sdk/src/sdkcommon.h:49,
[1.366s]                  from /home/tkddn647/sensor_layer/src/sllidar_ros2/sdk/src/dataunpacker/unpacker/../dataunnpacker_commondef.h:41,
[1.367s]                  from /home/tkddn647/sensor_layer/src/sllidar_ros2/sdk/src/dataunpacker/unpacker/handler_normalnode.cpp:39:
[1.367s] /home/tkddn647/sensor_layer/src/sllidar_ros2/./sdk/include/sl_lidar_cmd.h:324:20: warning: ISO C++ forbids zero-size array ‘payload’ [-Wpedantic]
[1.367s]   324 |     sl_u8  payload[0];
[1.368s]       |                    ^
[1.378s] In file included from /home/tkddn647/sensor_layer/src/sllidar_ros2/./sdk/include/rplidar_protocol.h:36,
[1.379s]                  from /home/tkddn647/sensor_layer/src/sllidar_ros2/./sdk/include/rplidar.h:39,
[1.379s]                  from /home/tkddn647/sensor_layer/src/sllidar_ros2/./sdk/src/sdkcommon.h:49,
[1.379s]                  from /home/tkddn647/sensor_layer/src/sllidar_ros2/sdk/src/arch/linux/net_socket.cpp:10:
[1.379s] /home/tkddn647/sensor_layer/src/sllidar_ros2/./sdk/include/sl_lidar_protocol.h:66:16: warning: ISO C++ forbids zero-size array ‘data’ [-Wpedantic]
[1.379s]    66 |     sl_u8 data[0];
[1.379s]       |                ^
[1.380s] In file included from /home/tkddn647/sensor_layer/src/sllidar_ros2/./sdk/include/rplidar_cmd.h:36,
[1.380s]                  from /home/tkddn647/sensor_layer/src/sllidar_ros2/./sdk/include/rplidar.h:40,
[1.380s]                  from /home/tkddn647/sensor_layer/src/sllidar_ros2/./sdk/src/sdkcommon.h:49,
[1.380s]                  from /home/tkddn647/sensor_layer/src/sllidar_ros2/sdk/src/arch/linux/net_socket.cpp:10:
[1.381s] /home/tkddn647/sensor_layer/src/sllidar_ros2/./sdk/include/sl_lidar_cmd.h:324:20: warning: ISO C++ forbids zero-size array ‘payload’ [-Wpedantic]
[1.381s]   324 |     sl_u8  payload[0];
[1.381s]       |                    ^
[1.422s] In file included from /home/tkddn647/sensor_layer/src/sllidar_ros2/./sdk/include/rplidar_protocol.h:36,
[1.422s]                  from /home/tkddn647/sensor_layer/src/sllidar_ros2/./sdk/include/rplidar.h:39,
[1.423s]                  from /home/tkddn647/sensor_layer/src/sllidar_ros2/./sdk/src/sdkcommon.h:49,
[1.424s]                  from /home/tkddn647/sensor_layer/src/sllidar_ros2/sdk/src/dataunpacker/unpacker/../dataunnpacker_commondef.h:41,
[1.424s]                  from /home/tkddn647/sensor_layer/src/sllidar_ros2/sdk/src/dataunpacker/unpacker/handler_hqnode.cpp:39:
[1.424s] /home/tkddn647/sensor_layer/src/sllidar_ros2/./sdk/include/sl_lidar_protocol.h:66:16: warning: ISO C++ forbids zero-size array ‘data’ [-Wpedantic]
[1.424s]    66 |     sl_u8 data[0];
[1.424s]       |                ^
[1.431s] In file included from /home/tkddn647/sensor_layer/src/sllidar_ros2/./sdk/include/rplidar_cmd.h:36,
[1.431s]                  from /home/tkddn647/sensor_layer/src/sllidar_ros2/./sdk/include/rplidar.h:40,
[1.431s]                  from /home/tkddn647/sensor_layer/src/sllidar_ros2/./sdk/src/sdkcommon.h:49,
[1.431s]                  from /home/tkddn647/sensor_layer/src/sllidar_ros2/sdk/src/dataunpacker/unpacker/../dataunnpacker_commondef.h:41,
[1.432s]                  from /home/tkddn647/sensor_layer/src/sllidar_ros2/sdk/src/dataunpacker/unpacker/handler_hqnode.cpp:39:
[1.432s] /home/tkddn647/sensor_layer/src/sllidar_ros2/./sdk/include/sl_lidar_cmd.h:324:20: warning: ISO C++ forbids zero-size array ‘payload’ [-Wpedantic]
[1.432s]   324 |     sl_u8  payload[0];
[1.432s]       |                    ^
[1.432s] In file included from /home/tkddn647/sensor_layer/src/sllidar_ros2/./sdk/include/rplidar_protocol.h:36,
[1.432s]                  from /home/tkddn647/sensor_layer/src/sllidar_ros2/./sdk/include/rplidar.h:39,
[1.432s]                  from /home/tkddn647/sensor_layer/src/sllidar_ros2/sdk/src/sdkcommon.h:49,
[1.433s]                  from /home/tkddn647/sensor_layer/src/sllidar_ros2/sdk/src/rplidar_driver.cpp:33:
[1.433s] /home/tkddn647/sensor_layer/src/sllidar_ros2/./sdk/include/sl_lidar_protocol.h:66:16: warning: ISO C++ forbids zero-size array ‘data’ [-Wpedantic]
[1.433s]    66 |     sl_u8 data[0];
[1.433s]       |                ^
[1.433s] In file included from /home/tkddn647/sensor_layer/src/sllidar_ros2/./sdk/include/rplidar_cmd.h:36,
[1.433s]                  from /home/tkddn647/sensor_layer/src/sllidar_ros2/./sdk/include/rplidar.h:40,
[1.433s]                  from /home/tkddn647/sensor_layer/src/sllidar_ros2/sdk/src/sdkcommon.h:49,
[1.434s]                  from /home/tkddn647/sensor_layer/src/sllidar_ros2/sdk/src/rplidar_driver.cpp:33:
[1.434s] /home/tkddn647/sensor_layer/src/sllidar_ros2/./sdk/include/sl_lidar_cmd.h:324:20: warning: ISO C++ forbids zero-size array ‘payload’ [-Wpedantic]
[1.434s]   324 |     sl_u8  payload[0];
[1.434s]       |                    ^
[1.438s] In file included from /home/tkddn647/sensor_layer/src/sllidar_ros2/./sdk/include/rplidar_protocol.h:36,
[1.439s]                  from /home/tkddn647/sensor_layer/src/sllidar_ros2/./sdk/include/rplidar.h:39,
[1.439s]                  from /home/tkddn647/sensor_layer/src/sllidar_ros2/./sdk/src/sdkcommon.h:49,
[1.439s]                  from /home/tkddn647/sensor_layer/src/sllidar_ros2/sdk/src/hal/thread.cpp:35:
[1.439s] /home/tkddn647/sensor_layer/src/sllidar_ros2/./sdk/include/sl_lidar_protocol.h:66:16: warning: ISO C++ forbids zero-size array ‘data’ [-Wpedantic]
[1.439s]    66 |     sl_u8 data[0];
[1.439s]       |                ^
[1.447s] In file included from /home/tkddn647/sensor_layer/src/sllidar_ros2/./sdk/include/rplidar_cmd.h:36,
[1.447s]                  from /home/tkddn647/sensor_layer/src/sllidar_ros2/./sdk/include/rplidar.h:40,
[1.447s]                  from /home/tkddn647/sensor_layer/src/sllidar_ros2/./sdk/src/sdkcommon.h:49,
[1.447s]                  from /home/tkddn647/sensor_layer/src/sllidar_ros2/sdk/src/hal/thread.cpp:35:
[1.447s] /home/tkddn647/sensor_layer/src/sllidar_ros2/./sdk/include/sl_lidar_cmd.h:324:20: warning: ISO C++ forbids zero-size array ‘payload’ [-Wpedantic]
[1.447s]   324 |     sl_u8  payload[0];
[1.447s]       |                    ^
[1.481s] In file included from /home/tkddn647/sensor_layer/src/sllidar_ros2/sdk/src/sl_async_transceiver.cpp:44:
[1.481s] /home/tkddn647/sensor_layer/src/sllidar_ros2/sdk/src/sl_async_transceiver.h: In member function ‘virtual void sl::internal::IAsyncProtocolCodec::onChannelError(u_result)’:
[1.481s] /home/tkddn647/sensor_layer/src/sllidar_ros2/sdk/src/sl_async_transceiver.h:90:48: warning: unused parameter ‘errCode’ [-Wunused-parameter]
[1.482s]    90 |         virtual void   onChannelError(u_result errCode) {}
[1.482s]       |                                       ~~~~~~~~~^~~~~~~
[1.530s] In file included from /home/tkddn647/sensor_layer/src/sllidar_ros2/./sdk/src/arch/linux/arch_linux.h:42,
[1.531s]                  from /home/tkddn647/sensor_layer/src/sllidar_ros2/./sdk/src/sdkcommon.h:41,
[1.531s]                  from /home/tkddn647/sensor_layer/src/sllidar_ros2/sdk/src/arch/linux/net_socket.cpp:10:
[1.531s] /home/tkddn647/sensor_layer/src/sllidar_ros2/sdk/src/arch/linux/net_socket.cpp: In member function ‘virtual u_result rp::arch::net::DGramSocketImpl::sendTo(const rp::net::SocketAddress*, const void*, size_t)’:
[1.531s] /home/tkddn647/sensor_layer/src/sllidar_ros2/sdk/src/arch/linux/net_socket.cpp:733:24: warning: comparison of integer expressions of different signedness: ‘int’ and ‘size_t’ {aka ‘long unsigned int’} [-Wsign-compare]
[1.531s]   733 |             assert(ans == len);
[1.531s]       |                    ~~~~^~~~~~
[1.552s] /home/tkddn647/sensor_layer/src/sllidar_ros2/sdk/src/arch/linux/net_serial.cpp: In member function ‘bool rp::arch::net::raw_serial::open(const char*, uint32_t, uint32_t)’:
[1.553s] /home/tkddn647/sensor_layer/src/sllidar_ros2/sdk/src/arch/linux/net_serial.cpp:97:74: warning: unused parameter ‘flags’ [-Wunused-parameter]
[1.553s]    97 | bool raw_serial::open(const char * portname, uint32_t baudrate, uint32_t flags)
[1.553s]       |                                                                 ~~~~~~~~~^~~~~
[1.554s] /home/tkddn647/sensor_layer/src/sllidar_ros2/sdk/src/arch/linux/net_serial.cpp: In member function ‘virtual void rp::arch::net::raw_serial::flush(_u32)’:
[1.568s] /home/tkddn647/sensor_layer/src/sllidar_ros2/sdk/src/arch/linux/net_serial.cpp:281:30: warning: unused parameter ‘flags’ [-Wunused-parameter]
[1.568s]   281 | void raw_serial::flush( _u32 flags)
[1.568s]       |                         ~~~~~^~~~~
[1.568s] /home/tkddn647/sensor_layer/src/sllidar_ros2/sdk/src/arch/linux/net_serial.cpp: In member function ‘virtual int rp::arch::net::raw_serial::waitforsent(_u32, size_t*)’:
[1.568s] /home/tkddn647/sensor_layer/src/sllidar_ros2/sdk/src/arch/linux/net_serial.cpp:286:34: warning: unused parameter ‘timeout’ [-Wunused-parameter]
[1.569s]   286 | int raw_serial::waitforsent(_u32 timeout, size_t * returned_size)
[1.569s]       |                             ~~~~~^~~~~~~
[1.569s] /home/tkddn647/sensor_layer/src/sllidar_ros2/sdk/src/arch/linux/net_serial.cpp: In member function ‘virtual int rp::arch::net::raw_serial::waitforrecv(_u32, size_t*)’:
[1.569s] /home/tkddn647/sensor_layer/src/sllidar_ros2/sdk/src/arch/linux/net_serial.cpp:292:34: warning: unused parameter ‘timeout’ [-Wunused-parameter]
[1.569s]   292 | int raw_serial::waitforrecv(_u32 timeout, size_t * returned_size)
[1.569s]       |                             ~~~~~^~~~~~~
[1.569s] /home/tkddn647/sensor_layer/src/sllidar_ros2/sdk/src/arch/linux/net_serial.cpp: In member function ‘virtual void rp::arch::net::raw_serial::cancelOperation()’:
[1.569s] /home/tkddn647/sensor_layer/src/sllidar_ros2/sdk/src/arch/linux/net_serial.cpp:427:5: warning: value computed is not used [-Wunused-value]
[1.569s]   427 |     (int)::write(_selfpipe[1], "x", 1);
[1.569s]       |     ^~~~~~~~~~~~~~~~~~~~~~~~~~~~~~~~~~
[1.628s] In file included from /home/tkddn647/sensor_layer/src/sllidar_ros2/sdk/src/hal/thread.cpp:43:
[1.629s] /home/tkddn647/sensor_layer/src/sllidar_ros2/./sdk/src/arch/linux/thread.hpp: In static member function ‘static rp::hal::Thread rp::hal::Thread::create(thread_proc_t, void*)’:
[1.629s] /home/tkddn647/sensor_layer/src/sllidar_ros2/./sdk/src/arch/linux/thread.hpp:52:57: warning: cast between incompatible function types from ‘thread_proc_t’ {aka ‘long unsigned int (*)(void*)’} to ‘void* (*)(void*)’ [-Wcast-function-type]
[1.629s]    52 |     pthread_create((pthread_t *)&newborn._handle, NULL, (void * (*)(void *))proc, data);
[1.629s]       |                                                         ^~~~~~~~~~~~~~~~~~~~~~~~
[1.629s] /home/tkddn647/sensor_layer/src/sllidar_ros2/./sdk/src/arch/linux/thread.hpp: In member function ‘u_result rp::hal::Thread::join(long unsigned int)’:
[1.629s] /home/tkddn647/sensor_layer/src/sllidar_ros2/./sdk/src/arch/linux/thread.hpp:176:37: warning: unused parameter ‘timeout’ [-Wunused-parameter]
[1.629s]   176 | u_result Thread::join(unsigned long timeout)
[1.629s]       |                       ~~~~~~~~~~~~~~^~~~~~~
[1.711s] In file included from /home/tkddn647/sensor_layer/src/sllidar_ros2/sdk/src/dataunpacker/unpacker/handler_capsules.cpp:40:
[1.711s] /home/tkddn647/sensor_layer/src/sllidar_ros2/sdk/src/dataunpacker/unpacker/../dataunpacker.h: In member function ‘virtual void sl::internal::LIDARSampleDataListener::onCustomSampleDataDecoded(_u8, _u32, const void*, size_t)’:
[1.712s] /home/tkddn647/sensor_layer/src/sllidar_ros2/sdk/src/dataunpacker/unpacker/../dataunpacker.h:54:52: warning: unused parameter ‘ansType’ [-Wunused-parameter]
[1.712s]    54 |         virtual void onCustomSampleDataDecoded(_u8 ansType, _u32 customCode, const void* data, size_t size) {}
[1.712s]       |                                                ~~~~^~~~~~~
[1.712s] /home/tkddn647/sensor_layer/src/sllidar_ros2/sdk/src/dataunpacker/unpacker/../dataunpacker.h:54:66: warning: unused parameter ‘customCode’ [-Wunused-parameter]
[1.713s]    54 |         virtual void onCustomSampleDataDecoded(_u8 ansType, _u32 customCode, const void* data, size_t size) {}
[1.713s]       |                                                             ~~~~~^~~~~~~~~~
[1.720s] /home/tkddn647/sensor_layer/src/sllidar_ros2/sdk/src/dataunpacker/unpacker/../dataunpacker.h:54:90: warning: unused parameter ‘data’ [-Wunused-parameter]
[1.720s]    54 |         virtual void onCustomSampleDataDecoded(_u8 ansType, _u32 customCode, const void* data, size_t size) {}
[1.720s]       |                                                                              ~~~~~~~~~~~~^~~~
[1.720s] /home/tkddn647/sensor_layer/src/sllidar_ros2/sdk/src/dataunpacker/unpacker/../dataunpacker.h:54:103: warning: unused parameter ‘size’ [-Wunused-parameter]
[1.721s]    54 |         virtual void onCustomSampleDataDecoded(_u8 ansType, _u32 customCode, const void* data, size_t size) {}
[1.721s]       |                                                                                                ~~~~~~~^~~~
[1.721s] /home/tkddn647/sensor_layer/src/sllidar_ros2/sdk/src/dataunpacker/unpacker/../dataunpacker.h: In member function ‘virtual void sl::internal::LIDARSampleDataListener::onDecodingError(int, _u8, const void*, size_t)’:
[1.721s] /home/tkddn647/sensor_layer/src/sllidar_ros2/sdk/src/dataunpacker/unpacker/../dataunpacker.h:56:42: warning: unused parameter ‘errMsg’ [-Wunused-parameter]
[1.721s]    56 |         virtual void onDecodingError(int errMsg, _u8 ansType, const void* payload, size_t size) {}
[1.721s]       |                                      ~~~~^~~~~~
[1.721s] /home/tkddn647/sensor_layer/src/sllidar_ros2/sdk/src/dataunpacker/unpacker/../dataunpacker.h:56:54: warning: unused parameter ‘ansType’ [-Wunused-parameter]
[1.721s]    56 |         virtual void onDecodingError(int errMsg, _u8 ansType, const void* payload, size_t size) {}
[1.721s]       |                                                  ~~~~^~~~~~~
[1.722s] /home/tkddn647/sensor_layer/src/sllidar_ros2/sdk/src/dataunpacker/unpacker/../dataunpacker.h:56:75: warning: unused parameter ‘payload’ [-Wunused-parameter]
[1.722s]    56 |         virtual void onDecodingError(int errMsg, _u8 ansType, const void* payload, size_t size) {}
[1.722s]       |                                                               ~~~~~~~~~~~~^~~~~~~
[1.722s] /home/tkddn647/sensor_layer/src/sllidar_ros2/sdk/src/dataunpacker/unpacker/../dataunpacker.h:56:91: warning: unused parameter ‘size’ [-Wunused-parameter]
[1.722s]    56 |         virtual void onDecodingError(int errMsg, _u8 ansType, const void* payload, size_t size) {}
[1.722s]       |                                                                                    ~~~~~~~^~~~
[1.741s] /home/tkddn647/sensor_layer/src/sllidar_ros2/sdk/src/dataunpacker/unpacker/handler_capsules.cpp: In member function ‘void sl::internal::unpacker::UnpackerHandler_DenseCapsuleNode::_onScanNodeDenseCapsuleData(rplidar_response_dense_capsule_measurement_nodes_t&, sl::internal::LIDARSampleDataUnpackerInner*)’:
[1.741s] /home/tkddn647/sensor_layer/src/sllidar_ros2/sdk/src/dataunpacker/unpacker/handler_capsules.cpp:763:30: warning: type qualifiers ignored on cast result type [-Wignored-qualifiers]
[1.741s]   763 |             const int dist = static_cast<const int>(_cached_previous_dense_capsuledata.cabins[pos].distance);
[1.742s]       |                              ^~~~~~~~~~~~~~~~~~~~~~~~~~~~~~~~~~~~~~~~~~~~~~~~~~~~~~~~~~~~~~~~~~~~~~~~~~~~~~~
[1.775s] [ 65%] Building CXX object CMakeFiles/sllidar_node.dir/sdk/src/sl_crc.cpp.o
[1.789s] In file included from /home/tkddn647/sensor_layer/src/sllidar_ros2/sdk/src/dataunpacker/dataunpacker.cpp:40:
[1.789s] /home/tkddn647/sensor_layer/src/sllidar_ros2/sdk/src/dataunpacker/dataunpacker.h: In member function ‘virtual void sl::internal::LIDARSampleDataListener::onCustomSampleDataDecoded(_u8, _u32, const void*, size_t)’:
[1.789s] /home/tkddn647/sensor_layer/src/sllidar_ros2/sdk/src/dataunpacker/dataunpacker.h:54:52: warning: unused parameter ‘ansType’ [-Wunused-parameter]
[1.789s]    54 |         virtual void onCustomSampleDataDecoded(_u8 ansType, _u32 customCode, const void* data, size_t size) {}
[1.790s]       |                                                ~~~~^~~~~~~
[1.790s] /home/tkddn647/sensor_layer/src/sllidar_ros2/sdk/src/dataunpacker/dataunpacker.h:54:66: warning: unused parameter ‘customCode’ [-Wunused-parameter]
[1.790s]    54 |         virtual void onCustomSampleDataDecoded(_u8 ansType, _u32 customCode, const void* data, size_t size) {}
[1.790s]       |                                                             ~~~~~^~~~~~~~~~
[1.790s] /home/tkddn647/sensor_layer/src/sllidar_ros2/sdk/src/dataunpacker/dataunpacker.h:54:90: warning: unused parameter ‘data’ [-Wunused-parameter]
[1.790s]    54 |         virtual void onCustomSampleDataDecoded(_u8 ansType, _u32 customCode, const void* data, size_t size) {}
[1.790s]       |                                                                              ~~~~~~~~~~~~^~~~
[1.790s] /home/tkddn647/sensor_layer/src/sllidar_ros2/sdk/src/dataunpacker/dataunpacker.h:54:103: warning: unused parameter ‘size’ [-Wunused-parameter]
[1.790s]    54 |         virtual void onCustomSampleDataDecoded(_u8 ansType, _u32 customCode, const void* data, size_t size) {}
[1.790s]       |                                                                                                ~~~~~~~^~~~
[1.791s] /home/tkddn647/sensor_layer/src/sllidar_ros2/sdk/src/dataunpacker/dataunpacker.h: In member function ‘virtual void sl::internal::LIDARSampleDataListener::onDecodingError(int, _u8, const void*, size_t)’:
[1.791s] /home/tkddn647/sensor_layer/src/sllidar_ros2/sdk/src/dataunpacker/dataunpacker.h:56:42: warning: unused parameter ‘errMsg’ [-Wunused-parameter]
[1.791s]    56 |         virtual void onDecodingError(int errMsg, _u8 ansType, const void* payload, size_t size) {}
[1.791s]       |                                      ~~~~^~~~~~
[1.791s] /home/tkddn647/sensor_layer/src/sllidar_ros2/sdk/src/dataunpacker/dataunpacker.h:56:54: warning: unused parameter ‘ansType’ [-Wunused-parameter]
[1.791s]    56 |         virtual void onDecodingError(int errMsg, _u8 ansType, const void* payload, size_t size) {}
[1.791s]       |                                                  ~~~~^~~~~~~
[1.791s] /home/tkddn647/sensor_layer/src/sllidar_ros2/sdk/src/dataunpacker/dataunpacker.h:56:75: warning: unused parameter ‘payload’ [-Wunused-parameter]
[1.791s]    56 |         virtual void onDecodingError(int errMsg, _u8 ansType, const void* payload, size_t size) {}
[1.791s]       |                                                               ~~~~~~~~~~~~^~~~~~~
[1.792s] /home/tkddn647/sensor_layer/src/sllidar_ros2/sdk/src/dataunpacker/dataunpacker.h:56:91: warning: unused parameter ‘size’ [-Wunused-parameter]
[1.792s]    56 |         virtual void onDecodingError(int errMsg, _u8 ansType, const void* payload, size_t size) {}
[1.792s]       |                                                                                    ~~~~~~~^~~~
[1.889s] In file included from /home/tkddn647/sensor_layer/src/sllidar_ros2/./sdk/include/sl_lidar_cmd.h:41,
[1.890s]                  from /home/tkddn647/sensor_layer/src/sllidar_ros2/./sdk/include/sl_crc.h:36,
[1.890s]                  from /home/tkddn647/sensor_layer/src/sllidar_ros2/sdk/src/sl_crc.cpp:33:
[1.890s] /home/tkddn647/sensor_layer/src/sllidar_ros2/./sdk/include/sl_lidar_protocol.h:66:16: warning: ISO C++ forbids zero-size array ‘data’ [-Wpedantic]
[1.890s]    66 |     sl_u8 data[0];
[1.890s]       |                ^
[1.896s] In file included from /home/tkddn647/sensor_layer/src/sllidar_ros2/./sdk/include/sl_crc.h:36,
[1.897s]                  from /home/tkddn647/sensor_layer/src/sllidar_ros2/sdk/src/sl_crc.cpp:33:
[1.897s] /home/tkddn647/sensor_layer/src/sllidar_ros2/./sdk/include/sl_lidar_cmd.h:324:20: warning: ISO C++ forbids zero-size array ‘payload’ [-Wpedantic]
[1.897s]   324 |     sl_u8  payload[0];
[1.897s]       |                    ^
[1.915s] [ 70%] Building CXX object CMakeFiles/sllidar_node.dir/sdk/src/sl_lidar_driver.cpp.o
[1.915s] [ 75%] Building CXX object CMakeFiles/sllidar_node.dir/sdk/src/sl_lidarprotocol_codec.cpp.o
[1.915s] In file included from /home/tkddn647/sensor_layer/src/sllidar_ros2/sdk/src/dataunpacker/unpacker/handler_normalnode.cpp:40:
[1.915s] /home/tkddn647/sensor_layer/src/sllidar_ros2/sdk/src/dataunpacker/unpacker/../dataunpacker.h: In member function ‘virtual void sl::internal::LIDARSampleDataListener::onCustomSampleDataDecoded(_u8, _u32, const void*, size_t)’:
[1.915s] /home/tkddn647/sensor_layer/src/sllidar_ros2/sdk/src/dataunpacker/unpacker/../dataunpacker.h:54:52: warning: unused parameter ‘ansType’ [-Wunused-parameter]
[1.915s]    54 |         virtual void onCustomSampleDataDecoded(_u8 ansType, _u32 customCode, const void* data, size_t size) {}
[1.916s]       |                                                ~~~~^~~~~~~
[1.916s] /home/tkddn647/sensor_layer/src/sllidar_ros2/sdk/src/dataunpacker/unpacker/../dataunpacker.h:54:66: warning: unused parameter ‘customCode’ [-Wunused-parameter]
[1.916s]    54 |         virtual void onCustomSampleDataDecoded(_u8 ansType, _u32 customCode, const void* data, size_t size) {}
[1.916s]       |                                                             ~~~~~^~~~~~~~~~
[1.916s] /home/tkddn647/sensor_layer/src/sllidar_ros2/sdk/src/dataunpacker/unpacker/../dataunpacker.h:54:90: warning: unused parameter ‘data’ [-Wunused-parameter]
[1.916s]    54 |         virtual void onCustomSampleDataDecoded(_u8 ansType, _u32 customCode, const void* data, size_t size) {}
[1.916s]       |                                                                              ~~~~~~~~~~~~^~~~
[1.916s] /home/tkddn647/sensor_layer/src/sllidar_ros2/sdk/src/dataunpacker/unpacker/../dataunpacker.h:54:103: warning: unused parameter ‘size’ [-Wunused-parameter]
[1.916s]    54 |         virtual void onCustomSampleDataDecoded(_u8 ansType, _u32 customCode, const void* data, size_t size) {}
[1.916s]       |                                                                                                ~~~~~~~^~~~
[1.916s] /home/tkddn647/sensor_layer/src/sllidar_ros2/sdk/src/dataunpacker/unpacker/../dataunpacker.h: In member function ‘virtual void sl::internal::LIDARSampleDataListener::onDecodingError(int, _u8, const void*, size_t)’:
[1.917s] /home/tkddn647/sensor_layer/src/sllidar_ros2/sdk/src/dataunpacker/unpacker/../dataunpacker.h:56:42: warning: unused parameter ‘errMsg’ [-Wunused-parameter]
[1.917s]    56 |         virtual void onDecodingError(int errMsg, _u8 ansType, const void* payload, size_t size) {}
[1.917s]       |                                      ~~~~^~~~~~
[1.917s] /home/tkddn647/sensor_layer/src/sllidar_ros2/sdk/src/dataunpacker/unpacker/../dataunpacker.h:56:54: warning: unused parameter ‘ansType’ [-Wunused-parameter]
[1.917s]    56 |         virtual void onDecodingError(int errMsg, _u8 ansType, const void* payload, size_t size) {}
[1.917s]       |                                                  ~~~~^~~~~~~
[1.917s] /home/tkddn647/sensor_layer/src/sllidar_ros2/sdk/src/dataunpacker/unpacker/../dataunpacker.h:56:75: warning: unused parameter ‘payload’ [-Wunused-parameter]
[1.917s]    56 |         virtual void onDecodingError(int errMsg, _u8 ansType, const void* payload, size_t size) {}
[1.917s]       |                                                               ~~~~~~~~~~~~^~~~~~~
[1.917s] /home/tkddn647/sensor_layer/src/sllidar_ros2/sdk/src/dataunpacker/unpacker/../dataunpacker.h:56:91: warning: unused parameter ‘size’ [-Wunused-parameter]
[1.918s]    56 |         virtual void onDecodingError(int errMsg, _u8 ansType, const void* payload, size_t size) {}
[1.918s]       |                                                                                    ~~~~~~~^~~~
[1.926s] [ 80%] Building CXX object CMakeFiles/sllidar_node.dir/sdk/src/sl_serial_channel.cpp.o
[1.951s] /home/tkddn647/sensor_layer/src/sllidar_ros2/sdk/src/rplidar_driver.cpp: In member function ‘u_result rp::standalone::rplidar::RPlidarDriver::connect(const char*, _u32, _u32)’:
[1.951s] /home/tkddn647/sensor_layer/src/sllidar_ros2/sdk/src/rplidar_driver.cpp:67:77: warning: unused parameter ‘flag’ [-Wunused-parameter]
[1.951s]    67 |     u_result RPlidarDriver::connect(const char *path, _u32 portOrBaud, _u32 flag)
[1.951s]       |                                                                        ~~~~~^~~~
[1.951s] /home/tkddn647/sensor_layer/src/sllidar_ros2/sdk/src/rplidar_driver.cpp: In member function ‘u_result rp::standalone::rplidar::RPlidarDriver::reset(_u32)’:
[1.951s] /home/tkddn647/sensor_layer/src/sllidar_ros2/sdk/src/rplidar_driver.cpp:101:40: warning: unused parameter ‘timeout’ [-Wunused-parameter]
[1.951s]   101 |     u_result RPlidarDriver::reset(_u32 timeout)
[1.951s]       |                                   ~~~~~^~~~~~~
[1.952s] /home/tkddn647/sensor_layer/src/sllidar_ros2/sdk/src/rplidar_driver.cpp: In member function ‘u_result rp::standalone::rplidar::RPlidarDriver::getScanDataWithInterval(rplidar_response_measurement_node_t*, size_t&)’:
[1.952s] /home/tkddn647/sensor_layer/src/sllidar_ros2/sdk/src/rplidar_driver.cpp:180:91: warning: unused parameter ‘nodebuffer’ [-Wunused-parameter]
[1.952s]   180 |     u_result RPlidarDriver::getScanDataWithInterval(rplidar_response_measurement_node_t * nodebuffer, size_t & count)
[1.952s]       |                                                     ~~~~~~~~~~~~~~~~~~~~~~~~~~~~~~~~~~~~~~^~~~~~~~~~
[1.952s] /home/tkddn647/sensor_layer/src/sllidar_ros2/sdk/src/rplidar_driver.cpp:180:112: warning: unused parameter ‘count’ [-Wunused-parameter]
[1.952s]   180 |     u_result RPlidarDriver::getScanDataWithInterval(rplidar_response_measurement_node_t * nodebuffer, size_t & count)
[1.952s]       |                                                                                                       ~~~~~~~~~^~~~~
[1.978s] [ 85%] Building CXX object CMakeFiles/sllidar_node.dir/sdk/src/sl_tcp_channel.cpp.o
[2.012s] In file included from /home/tkddn647/sensor_layer/src/sllidar_ros2/sdk/src/dataunpacker/unpacker/handler_hqnode.cpp:40:
[2.012s] /home/tkddn647/sensor_layer/src/sllidar_ros2/sdk/src/dataunpacker/unpacker/../dataunpacker.h: In member function ‘virtual void sl::internal::LIDARSampleDataListener::onCustomSampleDataDecoded(_u8, _u32, const void*, size_t)’:
[2.012s] /home/tkddn647/sensor_layer/src/sllidar_ros2/sdk/src/dataunpacker/unpacker/../dataunpacker.h:54:52: warning: unused parameter ‘ansType’ [-Wunused-parameter]
[2.013s]    54 |         virtual void onCustomSampleDataDecoded(_u8 ansType, _u32 customCode, const void* data, size_t size) {}
[2.013s]       |                                                ~~~~^~~~~~~
[2.013s] /home/tkddn647/sensor_layer/src/sllidar_ros2/sdk/src/dataunpacker/unpacker/../dataunpacker.h:54:66: warning: unused parameter ‘customCode’ [-Wunused-parameter]
[2.013s]    54 |         virtual void onCustomSampleDataDecoded(_u8 ansType, _u32 customCode, const void* data, size_t size) {}
[2.013s]       |                                                             ~~~~~^~~~~~~~~~
[2.013s] /home/tkddn647/sensor_layer/src/sllidar_ros2/sdk/src/dataunpacker/unpacker/../dataunpacker.h:54:90: warning: unused parameter ‘data’ [-Wunused-parameter]
[2.013s]    54 |         virtual void onCustomSampleDataDecoded(_u8 ansType, _u32 customCode, const void* data, size_t size) {}
[2.013s]       |                                                                              ~~~~~~~~~~~~^~~~
[2.013s] /home/tkddn647/sensor_layer/src/sllidar_ros2/sdk/src/dataunpacker/unpacker/../dataunpacker.h:54:103: warning: unused parameter ‘size’ [-Wunused-parameter]
[2.013s]    54 |         virtual void onCustomSampleDataDecoded(_u8 ansType, _u32 customCode, const void* data, size_t size) {}
[2.013s]       |                                                                                                ~~~~~~~^~~~
[2.013s] /home/tkddn647/sensor_layer/src/sllidar_ros2/sdk/src/dataunpacker/unpacker/../dataunpacker.h: In member function ‘virtual void sl::internal::LIDARSampleDataListener::onDecodingError(int, _u8, const void*, size_t)’:
[2.013s] /home/tkddn647/sensor_layer/src/sllidar_ros2/sdk/src/dataunpacker/unpacker/../dataunpacker.h:56:42: warning: unused parameter ‘errMsg’ [-Wunused-parameter]
[2.013s]    56 |         virtual void onDecodingError(int errMsg, _u8 ansType, const void* payload, size_t size) {}
[2.014s]       |                                      ~~~~^~~~~~
[2.014s] /home/tkddn647/sensor_layer/src/sllidar_ros2/sdk/src/dataunpacker/unpacker/../dataunpacker.h:56:54: warning: unused parameter ‘ansType’ [-Wunused-parameter]
[2.014s]    56 |         virtual void onDecodingError(int errMsg, _u8 ansType, const void* payload, size_t size) {}
[2.014s]       |                                                  ~~~~^~~~~~~
[2.014s] /home/tkddn647/sensor_layer/src/sllidar_ros2/sdk/src/dataunpacker/unpacker/../dataunpacker.h:56:75: warning: unused parameter ‘payload’ [-Wunused-parameter]
[2.017s]    56 |         virtual void onDecodingError(int errMsg, _u8 ansType, const void* payload, size_t size) {}
[2.017s]       |                                                               ~~~~~~~~~~~~^~~~~~~
[2.017s] /home/tkddn647/sensor_layer/src/sllidar_ros2/sdk/src/dataunpacker/unpacker/../dataunpacker.h:56:91: warning: unused parameter ‘size’ [-Wunused-parameter]
[2.017s]    56 |         virtual void onDecodingError(int errMsg, _u8 ansType, const void* payload, size_t size) {}
[2.017s]       |                                                                                    ~~~~~~~^~~~
[2.018s] [ 90%] Building CXX object CMakeFiles/sllidar_node.dir/sdk/src/sl_udp_channel.cpp.o
[2.340s] In file included from /home/tkddn647/sensor_layer/src/sllidar_ros2/./sdk/include/sl_lidar_cmd.h:41,
[2.340s]                  from /home/tkddn647/sensor_layer/src/sllidar_ros2/./sdk/include/sl_lidar_driver.h:54,
[2.340s]                  from /home/tkddn647/sensor_layer/src/sllidar_ros2/sdk/src/sl_serial_channel.cpp:33:
[2.341s] /home/tkddn647/sensor_layer/src/sllidar_ros2/./sdk/include/sl_lidar_protocol.h:66:16: warning: ISO C++ forbids zero-size array ‘data’ [-Wpedantic]
[2.341s]    66 |     sl_u8 data[0];
[2.341s]       |                ^
[2.341s] In file included from /home/tkddn647/sensor_layer/src/sllidar_ros2/./sdk/include/sl_lidar_driver.h:54,
[2.341s]                  from /home/tkddn647/sensor_layer/src/sllidar_ros2/sdk/src/sl_serial_channel.cpp:33:
[2.341s] /home/tkddn647/sensor_layer/src/sllidar_ros2/./sdk/include/sl_lidar_cmd.h:324:20: warning: ISO C++ forbids zero-size array ‘payload’ [-Wpedantic]
[2.341s]   324 |     sl_u8  payload[0];
[2.341s]       |                    ^
[2.444s] In file included from /home/tkddn647/sensor_layer/src/sllidar_ros2/./sdk/include/sl_lidar_cmd.h:41,
[2.445s]                  from /home/tkddn647/sensor_layer/src/sllidar_ros2/./sdk/include/sl_lidar_driver.h:54,
[2.445s]                  from /home/tkddn647/sensor_layer/src/sllidar_ros2/sdk/src/sl_tcp_channel.cpp:33:
[2.445s] /home/tkddn647/sensor_layer/src/sllidar_ros2/./sdk/include/sl_lidar_protocol.h:66:16: warning: ISO C++ forbids zero-size array ‘data’ [-Wpedantic]
[2.445s]    66 |     sl_u8 data[0];
[2.445s]       |                ^
[2.445s] In file included from /home/tkddn647/sensor_layer/src/sllidar_ros2/./sdk/include/sl_lidar_driver.h:54,
[2.445s]                  from /home/tkddn647/sensor_layer/src/sllidar_ros2/sdk/src/sl_tcp_channel.cpp:33:
[2.445s] /home/tkddn647/sensor_layer/src/sllidar_ros2/./sdk/include/sl_lidar_cmd.h:324:20: warning: ISO C++ forbids zero-size array ‘payload’ [-Wpedantic]
[2.445s]   324 |     sl_u8  payload[0];
[2.445s]       |                    ^
[2.452s] /home/tkddn647/sensor_layer/src/sllidar_ros2/sdk/src/sl_tcp_channel.cpp: In member function ‘void sl::TcpChannel::setStatus(_u32)’:
[2.452s] /home/tkddn647/sensor_layer/src/sllidar_ros2/sdk/src/sl_tcp_channel.cpp:109:29: warning: unused parameter ‘flag’ [-Wunused-parameter]
[2.452s]   109 |         void setStatus(_u32 flag){}
[2.452s]       |                        ~~~~~^~~~
[2.471s] In file included from /home/tkddn647/sensor_layer/src/sllidar_ros2/./sdk/include/sl_lidar_cmd.h:41,
[2.471s]                  from /home/tkddn647/sensor_layer/src/sllidar_ros2/./sdk/include/sl_lidar_driver.h:54,
[2.471s]                  from /home/tkddn647/sensor_layer/src/sllidar_ros2/sdk/src/sl_udp_channel.cpp:33:
[2.471s] /home/tkddn647/sensor_layer/src/sllidar_ros2/./sdk/include/sl_lidar_protocol.h:66:16: warning: ISO C++ forbids zero-size array ‘data’ [-Wpedantic]
[2.472s]    66 |     sl_u8 data[0];
[2.472s]       |                ^
[2.472s] In file included from /home/tkddn647/sensor_layer/src/sllidar_ros2/./sdk/include/sl_lidar_driver.h:54,
[2.472s]                  from /home/tkddn647/sensor_layer/src/sllidar_ros2/sdk/src/sl_udp_channel.cpp:33:
[2.472s] /home/tkddn647/sensor_layer/src/sllidar_ros2/./sdk/include/sl_lidar_cmd.h:324:20: warning: ISO C++ forbids zero-size array ‘payload’ [-Wpedantic]
[2.472s]   324 |     sl_u8  payload[0];
[2.472s]       |                    ^
[2.478s] /home/tkddn647/sensor_layer/src/sllidar_ros2/sdk/src/sl_udp_channel.cpp: In member function ‘void sl::UdpChannel::setStatus(_u32)’:
[2.478s] /home/tkddn647/sensor_layer/src/sllidar_ros2/sdk/src/sl_udp_channel.cpp:112:29: warning: unused parameter ‘flag’ [-Wunused-parameter]
[2.478s]   112 |         void setStatus(_u32 flag){}
[2.478s]       |                        ~~~~~^~~~
[2.589s] In file included from /home/tkddn647/sensor_layer/src/sllidar_ros2/./sdk/include/rplidar_protocol.h:36,
[2.589s]                  from /home/tkddn647/sensor_layer/src/sllidar_ros2/./sdk/include/rplidar.h:39,
[2.589s]                  from /home/tkddn647/sensor_layer/src/sllidar_ros2/sdk/src/sdkcommon.h:49,
[2.590s]                  from /home/tkddn647/sensor_layer/src/sllidar_ros2/sdk/src/sl_lidarprotocol_codec.cpp:35:
[2.590s] /home/tkddn647/sensor_layer/src/sllidar_ros2/./sdk/include/sl_lidar_protocol.h:66:16: warning: ISO C++ forbids zero-size array ‘data’ [-Wpedantic]
[2.590s]    66 |     sl_u8 data[0];
[2.590s]       |                ^
[2.590s] In file included from /home/tkddn647/sensor_layer/src/sllidar_ros2/./sdk/include/rplidar_cmd.h:36,
[2.590s]                  from /home/tkddn647/sensor_layer/src/sllidar_ros2/./sdk/include/rplidar.h:40,
[2.590s]                  from /home/tkddn647/sensor_layer/src/sllidar_ros2/sdk/src/sdkcommon.h:49,
[2.590s]                  from /home/tkddn647/sensor_layer/src/sllidar_ros2/sdk/src/sl_lidarprotocol_codec.cpp:35:
[2.590s] /home/tkddn647/sensor_layer/src/sllidar_ros2/./sdk/include/sl_lidar_cmd.h:324:20: warning: ISO C++ forbids zero-size array ‘payload’ [-Wpedantic]
[2.591s]   324 |     sl_u8  payload[0];
[2.591s]       |                    ^
[2.606s] In file included from /home/tkddn647/sensor_layer/src/sllidar_ros2/./sdk/include/rplidar_protocol.h:36,
[2.606s]                  from /home/tkddn647/sensor_layer/src/sllidar_ros2/./sdk/include/rplidar.h:39,
[2.606s]                  from /home/tkddn647/sensor_layer/src/sllidar_ros2/sdk/src/sdkcommon.h:49,
[2.606s]                  from /home/tkddn647/sensor_layer/src/sllidar_ros2/sdk/src/sl_lidar_driver.cpp:33:
[2.607s] /home/tkddn647/sensor_layer/src/sllidar_ros2/./sdk/include/sl_lidar_protocol.h:66:16: warning: ISO C++ forbids zero-size array ‘data’ [-Wpedantic]
[2.607s]    66 |     sl_u8 data[0];
[2.607s]       |                ^
[2.607s] In file included from /home/tkddn647/sensor_layer/src/sllidar_ros2/./sdk/include/rplidar_cmd.h:36,
[2.607s]                  from /home/tkddn647/sensor_layer/src/sllidar_ros2/./sdk/include/rplidar.h:40,
[2.607s]                  from /home/tkddn647/sensor_layer/src/sllidar_ros2/sdk/src/sdkcommon.h:49,
[2.607s]                  from /home/tkddn647/sensor_layer/src/sllidar_ros2/sdk/src/sl_lidar_driver.cpp:33:
[2.607s] /home/tkddn647/sensor_layer/src/sllidar_ros2/./sdk/include/sl_lidar_cmd.h:324:20: warning: ISO C++ forbids zero-size array ‘payload’ [-Wpedantic]
[2.607s]   324 |     sl_u8  payload[0];
[2.607s]       |                    ^
[2.818s] In file included from /home/tkddn647/sensor_layer/src/sllidar_ros2/sdk/src/sl_lidarprotocol_codec.cpp:49:
[2.818s] /home/tkddn647/sensor_layer/src/sllidar_ros2/sdk/src/sl_async_transceiver.h: In member function ‘virtual void sl::internal::IAsyncProtocolCodec::onChannelError(u_result)’:
[2.818s] /home/tkddn647/sensor_layer/src/sllidar_ros2/sdk/src/sl_async_transceiver.h:90:48: warning: unused parameter ‘errCode’ [-Wunused-parameter]
[2.818s]    90 |         virtual void   onChannelError(u_result errCode) {}
[2.818s]       |                                       ~~~~~~~~~^~~~~~~
[2.878s] In file included from /home/tkddn647/sensor_layer/src/sllidar_ros2/sdk/src/sl_lidar_driver.cpp:50:
[2.878s] /home/tkddn647/sensor_layer/src/sllidar_ros2/sdk/src/dataunpacker/dataunpacker.h: In member function ‘virtual void sl::internal::LIDARSampleDataListener::onCustomSampleDataDecoded(_u8, _u32, const void*, size_t)’:
[2.879s] /home/tkddn647/sensor_layer/src/sllidar_ros2/sdk/src/dataunpacker/dataunpacker.h:54:52: warning: unused parameter ‘ansType’ [-Wunused-parameter]
[2.879s]    54 |         virtual void onCustomSampleDataDecoded(_u8 ansType, _u32 customCode, const void* data, size_t size) {}
[2.879s]       |                                                ~~~~^~~~~~~
[2.879s] /home/tkddn647/sensor_layer/src/sllidar_ros2/sdk/src/dataunpacker/dataunpacker.h:54:66: warning: unused parameter ‘customCode’ [-Wunused-parameter]
[2.879s]    54 |         virtual void onCustomSampleDataDecoded(_u8 ansType, _u32 customCode, const void* data, size_t size) {}
[2.879s]       |                                                             ~~~~~^~~~~~~~~~
[2.879s] /home/tkddn647/sensor_layer/src/sllidar_ros2/sdk/src/dataunpacker/dataunpacker.h:54:90: warning: unused parameter ‘data’ [-Wunused-parameter]
[2.879s]    54 |         virtual void onCustomSampleDataDecoded(_u8 ansType, _u32 customCode, const void* data, size_t size) {}
[2.879s]       |                                                                              ~~~~~~~~~~~~^~~~
[2.879s] /home/tkddn647/sensor_layer/src/sllidar_ros2/sdk/src/dataunpacker/dataunpacker.h:54:103: warning: unused parameter ‘size’ [-Wunused-parameter]
[2.879s]    54 |         virtual void onCustomSampleDataDecoded(_u8 ansType, _u32 customCode, const void* data, size_t size) {}
[2.879s]       |                                                                                                ~~~~~~~^~~~
[2.879s] /home/tkddn647/sensor_layer/src/sllidar_ros2/sdk/src/dataunpacker/dataunpacker.h: In member function ‘virtual void sl::internal::LIDARSampleDataListener::onDecodingError(int, _u8, const void*, size_t)’:
[2.879s] /home/tkddn647/sensor_layer/src/sllidar_ros2/sdk/src/dataunpacker/dataunpacker.h:56:42: warning: unused parameter ‘errMsg’ [-Wunused-parameter]
[2.879s]    56 |         virtual void onDecodingError(int errMsg, _u8 ansType, const void* payload, size_t size) {}
[2.880s]       |                                      ~~~~^~~~~~
[2.880s] /home/tkddn647/sensor_layer/src/sllidar_ros2/sdk/src/dataunpacker/dataunpacker.h:56:54: warning: unused parameter ‘ansType’ [-Wunused-parameter]
[2.880s]    56 |         virtual void onDecodingError(int errMsg, _u8 ansType, const void* payload, size_t size) {}
[2.880s]       |                                                  ~~~~^~~~~~~
[2.880s] /home/tkddn647/sensor_layer/src/sllidar_ros2/sdk/src/dataunpacker/dataunpacker.h:56:75: warning: unused parameter ‘payload’ [-Wunused-parameter]
[2.880s]    56 |         virtual void onDecodingError(int errMsg, _u8 ansType, const void* payload, size_t size) {}
[2.880s]       |                                                               ~~~~~~~~~~~~^~~~~~~
[2.880s] /home/tkddn647/sensor_layer/src/sllidar_ros2/sdk/src/dataunpacker/dataunpacker.h:56:91: warning: unused parameter ‘size’ [-Wunused-parameter]
[2.880s]    56 |         virtual void onDecodingError(int errMsg, _u8 ansType, const void* payload, size_t size) {}
[2.880s]       |                                                                                    ~~~~~~~^~~~
[2.892s] In file included from /home/tkddn647/sensor_layer/src/sllidar_ros2/sdk/src/sl_lidar_driver.cpp:51:
[2.892s] /home/tkddn647/sensor_layer/src/sllidar_ros2/sdk/src/sl_async_transceiver.h: In member function ‘virtual void sl::internal::IAsyncProtocolCodec::onChannelError(u_result)’:
[2.892s] /home/tkddn647/sensor_layer/src/sllidar_ros2/sdk/src/sl_async_transceiver.h:90:48: warning: unused parameter ‘errCode’ [-Wunused-parameter]
[2.892s]    90 |         virtual void   onChannelError(u_result errCode) {}
[2.892s]       |                                       ~~~~~~~~~^~~~~~~
[2.924s] /home/tkddn647/sensor_layer/src/sllidar_ros2/sdk/src/sl_lidar_driver.cpp: In member function ‘virtual sl_result sl::SlamtecLidarDriver::reset(sl_u32)’:
[2.924s] /home/tkddn647/sensor_layer/src/sllidar_ros2/sdk/src/sl_lidar_driver.cpp:511:32: warning: unused parameter ‘timeoutInMs’ [-Wunused-parameter]
[2.924s]   511 |         sl_result reset(sl_u32 timeoutInMs = DEFAULT_TIMEOUT)
[2.925s]       |                         ~~~~~~~^~~~~~~~~~~~~~~~~~~~~~~~~~~~~
[2.929s] /home/tkddn647/sensor_layer/src/sllidar_ros2/sdk/src/sl_lidar_driver.cpp: In member function ‘virtual sl_result sl::SlamtecLidarDriver::startScan(bool, bool, sl_u32, sl::LidarScanMode*)’:
[2.929s] /home/tkddn647/sensor_layer/src/sllidar_ros2/sdk/src/sl_lidar_driver.cpp:586:69: warning: unused parameter ‘options’ [-Wunused-parameter]
[2.930s]   586 |         sl_result startScan(bool force, bool useTypicalScan, sl_u32 options = 0, LidarScanMode* outUsedScanMode = nullptr)
[2.930s]       |                                                              ~~~~~~~^~~~~~~~~~~
[2.932s] /home/tkddn647/sensor_layer/src/sllidar_ros2/sdk/src/sl_lidar_driver.cpp: In member function ‘virtual sl_result sl::SlamtecLidarDriver::stop(sl_u32)’:
[2.932s] /home/tkddn647/sensor_layer/src/sllidar_ros2/sdk/src/sl_lidar_driver.cpp:763:31: warning: unused parameter ‘timeout’ [-Wunused-parameter]
[2.932s]   763 |         sl_result stop(sl_u32 timeout = DEFAULT_TIMEOUT)
[2.932s]       |                        ~~~~~~~^~~~~~~~~~~~~~~~~~~~~~~~~
[2.934s] /home/tkddn647/sensor_layer/src/sllidar_ros2/sdk/src/sl_lidar_driver.cpp: In member function ‘virtual sl_result sl::SlamtecLidarDriver::getFrequency(const sl::LidarScanMode&, const sl_lidar_response_measurement_node_hq_t*, size_t, float&)’:
[2.934s] /home/tkddn647/sensor_layer/src/sllidar_ros2/sdk/src/sl_lidar_driver.cpp:880:110: warning: unused parameter ‘nodes’ [-Wunused-parameter]
[2.934s]   880 |         sl_result getFrequency(const LidarScanMode& scanMode, const sl_lidar_response_measurement_node_hq_t* nodes, size_t count, float& frequency)
[2.934s]       |                                                               ~~~~~~~~~~~~~~~~~~~~~~~~~~~~~~~~~~~~~~~~~~~~~~~^~~~~
[2.937s] /home/tkddn647/sensor_layer/src/sllidar_ros2/sdk/src/sl_lidar_driver.cpp: In member function ‘virtual sl_result sl::SlamtecLidarDriver::getMotorInfo(sl::LidarMotorInfo&, sl_u32)’:
[2.937s] /home/tkddn647/sensor_layer/src/sllidar_ros2/sdk/src/sl_lidar_driver.cpp:1023:66: warning: unused parameter ‘timeoutInMs’ [-Wunused-parameter]
[2.938s]  1023 |         sl_result getMotorInfo(LidarMotorInfo &motorInfo, sl_u32 timeoutInMs)
[2.938s]       |                                                           ~~~~~~~^~~~~~~~~~~
[2.939s] /home/tkddn647/sensor_layer/src/sllidar_ros2/sdk/src/sl_lidar_driver.cpp: In member function ‘u_result sl::SlamtecLidarDriver::getScanModeCount(sl_u16&, sl_u32)’:
[2.939s] /home/tkddn647/sensor_layer/src/sllidar_ros2/sdk/src/sl_lidar_driver.cpp:1199:61: warning: unused parameter ‘timeoutInMs’ [-Wunused-parameter]
[2.939s]  1199 |         u_result getScanModeCount(sl_u16& modeCount, sl_u32 timeoutInMs = DEFAULT_TIMEOUT)
[2.939s]       |                                                      ~~~~~~~^~~~~~~~~~~~~~~~~~~~~~~~~~~~~
[2.992s] /home/tkddn647/sensor_layer/src/sllidar_ros2/sdk/src/sl_lidar_driver.cpp: In instantiation of ‘void sl::RawSampleNodeHolder<T>::pushNode(_u64, const T*) [with T = sl_lidar_response_measurement_node_hq_t; _u64 = long unsigned int]’:
[2.992s] /home/tkddn647/sensor_layer/src/sllidar_ros2/sdk/src/sl_lidar_driver.cpp:1648:42:   required from here
[2.992s] /home/tkddn647/sensor_layer/src/sllidar_ros2/sdk/src/sl_lidar_driver.cpp:202:28: warning: unused parameter ‘timestamp_uS’ [-Wunused-parameter]
[2.992s]   202 |         void pushNode(_u64 timestamp_uS, const T* node)
[2.993s]       |                       ~~~~~^~~~~~~~~~~~
[3.127s] /home/tkddn647/sensor_layer/src/sllidar_ros2/sdk/src/sl_lidar_driver.cpp: At global scope:
[3.128s] /home/tkddn647/sensor_layer/src/sllidar_ros2/sdk/src/sl_lidar_driver.cpp:83:17: warning: ‘void sl::convert(const sl_lidar_response_measurement_node_hq_t&, sl_lidar_response_measurement_node_t&)’ defined but not used [-Wunused-function]
[3.128s]    83 |     static void convert(const sl_lidar_response_measurement_node_hq_t& from, sl_lidar_response_measurement_node_t& to)
[3.128s]       |                 ^~~~~~~
[3.128s] /home/tkddn647/sensor_layer/src/sllidar_ros2/sdk/src/sl_lidar_driver.cpp:75:17: warning: ‘void sl::convert(const sl_lidar_response_measurement_node_t&, sl_lidar_response_measurement_node_hq_t&)’ defined but not used [-Wunused-function]
[3.128s]    75 |     static void convert(const sl_lidar_response_measurement_node_t& from, sl_lidar_response_measurement_node_hq_t& to)
[3.128s]       |                 ^~~~~~~
[3.128s] /home/tkddn647/sensor_layer/src/sllidar_ros2/sdk/src/sl_lidar_driver.cpp:70:17: warning: ‘void sl::printDeprecationWarn(const char*, const char*)’ defined but not used [-Wunused-function]
[3.128s]    70 |     static void printDeprecationWarn(const char* fn, const char* replacement)
[3.128s]       |                 ^~~~~~~~~~~~~~~~~~~~
[4.692s] In file included from /home/tkddn647/sensor_layer/src/sllidar_ros2/./sdk/include/sl_lidar_cmd.h:41,
[4.693s]                  from /home/tkddn647/sensor_layer/src/sllidar_ros2/./sdk/include/sl_lidar_driver.h:54,
[4.693s]                  from /home/tkddn647/sensor_layer/src/sllidar_ros2/./sdk/include/sl_lidar.h:36,
[4.693s]                  from /home/tkddn647/sensor_layer/src/sllidar_ros2/src/sllidar_node.cpp:38:
[4.693s] /home/tkddn647/sensor_layer/src/sllidar_ros2/./sdk/include/sl_lidar_protocol.h:66:16: warning: ISO C++ forbids zero-size array ‘data’ [-Wpedantic]
[4.693s]    66 |     sl_u8 data[0];
[4.693s]       |                ^
[4.693s] In file included from /home/tkddn647/sensor_layer/src/sllidar_ros2/./sdk/include/sl_lidar_driver.h:54,
[4.693s]                  from /home/tkddn647/sensor_layer/src/sllidar_ros2/./sdk/include/sl_lidar.h:36,
[4.693s]                  from /home/tkddn647/sensor_layer/src/sllidar_ros2/src/sllidar_node.cpp:38:
[4.693s] /home/tkddn647/sensor_layer/src/sllidar_ros2/./sdk/include/sl_lidar_cmd.h:324:20: warning: ISO C++ forbids zero-size array ‘payload’ [-Wpedantic]
[4.693s]   324 |     sl_u8  payload[0];
[4.694s]       |                    ^
[7.898s] [ 95%] Linking CXX executable sllidar_node
[8.344s] [ 95%] Built target sllidar_node
[10.828s] [100%] Linking CXX executable sllidar_client
[11.304s] [100%] Built target sllidar_client
[11.318s] Invoked command in '/home/tkddn647/sensor_layer/build/sllidar_ros2' returned '0': CMAKE_PREFIX_PATH=${CMAKE_PREFIX_PATH}:/opt/ros/humble /usr/bin/cmake --build /home/tkddn647/sensor_layer/build/sllidar_ros2 -- -j12 -l12
[11.320s] Invoking command in '/home/tkddn647/sensor_layer/build/sllidar_ros2': CMAKE_PREFIX_PATH=${CMAKE_PREFIX_PATH}:/opt/ros/humble /usr/bin/cmake --install /home/tkddn647/sensor_layer/build/sllidar_ros2
[11.330s] -- Install configuration: ""
[11.330s] -- Installing: /home/tkddn647/sensor_layer/install/sllidar_ros2/share/sllidar_ros2/launch
[11.331s] -- Installing: /home/tkddn647/sensor_layer/install/sllidar_ros2/share/sllidar_ros2/launch/sllidar_t1_launch.py:Zone.Identifier
[11.331s] -- Installing: /home/tkddn647/sensor_layer/install/sllidar_ros2/share/sllidar_ros2/launch/view_sllidar_t1_launch.py
[11.332s] -- Installing: /home/tkddn647/sensor_layer/install/sllidar_ros2/share/sllidar_ros2/launch/sllidar_t1_launch.py
[11.332s] -- Installing: /home/tkddn647/sensor_layer/install/sllidar_ros2/share/sllidar_ros2/launch/view_sllidar_t1_launch.py:Zone.Identifier
[11.332s] -- Installing: /home/tkddn647/sensor_layer/install/sllidar_ros2/share/sllidar_ros2/rviz
[11.332s] -- Installing: /home/tkddn647/sensor_layer/install/sllidar_ros2/share/sllidar_ros2/rviz/sllidar_ros2.rviz
[11.333s] -- Installing: /home/tkddn647/sensor_layer/install/sllidar_ros2/share/sllidar_ros2/rviz/sllidar_ros2.rviz:Zone.Identifier
[11.334s] -- Installing: /home/tkddn647/sensor_layer/install/sllidar_ros2/lib/sllidar_ros2/sllidar_node
[11.337s] -- Set runtime path of "/home/tkddn647/sensor_layer/install/sllidar_ros2/lib/sllidar_ros2/sllidar_node" to ""
[11.337s] -- Installing: /home/tkddn647/sensor_layer/install/sllidar_ros2/lib/sllidar_ros2/sllidar_client
[11.341s] -- Set runtime path of "/home/tkddn647/sensor_layer/install/sllidar_ros2/lib/sllidar_ros2/sllidar_client" to ""
[11.342s] -- Installing: /home/tkddn647/sensor_layer/install/sllidar_ros2/share/ament_index/resource_index/package_run_dependencies/sllidar_ros2
[11.343s] -- Installing: /home/tkddn647/sensor_layer/install/sllidar_ros2/share/ament_index/resource_index/parent_prefix_path/sllidar_ros2
[11.344s] -- Installing: /home/tkddn647/sensor_layer/install/sllidar_ros2/share/sllidar_ros2/environment/ament_prefix_path.sh
[11.344s] -- Installing: /home/tkddn647/sensor_layer/install/sllidar_ros2/share/sllidar_ros2/environment/ament_prefix_path.dsv
[11.344s] -- Installing: /home/tkddn647/sensor_layer/install/sllidar_ros2/share/sllidar_ros2/environment/path.sh
[11.344s] -- Installing: /home/tkddn647/sensor_layer/install/sllidar_ros2/share/sllidar_ros2/environment/path.dsv
[11.345s] -- Installing: /home/tkddn647/sensor_layer/install/sllidar_ros2/share/sllidar_ros2/local_setup.bash
[11.345s] -- Installing: /home/tkddn647/sensor_layer/install/sllidar_ros2/share/sllidar_ros2/local_setup.sh
[11.345s] -- Installing: /home/tkddn647/sensor_layer/install/sllidar_ros2/share/sllidar_ros2/local_setup.zsh
[11.345s] -- Installing: /home/tkddn647/sensor_layer/install/sllidar_ros2/share/sllidar_ros2/local_setup.dsv
[11.346s] -- Installing: /home/tkddn647/sensor_layer/install/sllidar_ros2/share/sllidar_ros2/package.dsv
[11.346s] -- Installing: /home/tkddn647/sensor_layer/install/sllidar_ros2/share/ament_index/resource_index/packages/sllidar_ros2
[11.347s] -- Installing: /home/tkddn647/sensor_layer/install/sllidar_ros2/share/sllidar_ros2/cmake/ament_cmake_export_dependencies-extras.cmake
[11.347s] -- Installing: /home/tkddn647/sensor_layer/install/sllidar_ros2/share/sllidar_ros2/cmake/ament_cmake_export_include_directories-extras.cmake
[11.347s] -- Installing: /home/tkddn647/sensor_layer/install/sllidar_ros2/share/sllidar_ros2/cmake/sllidar_ros2Config.cmake
[11.348s] -- Installing: /home/tkddn647/sensor_layer/install/sllidar_ros2/share/sllidar_ros2/cmake/sllidar_ros2Config-version.cmake
[11.348s] -- Installing: /home/tkddn647/sensor_layer/install/sllidar_ros2/share/sllidar_ros2/package.xml
[11.350s] Invoked command in '/home/tkddn647/sensor_layer/build/sllidar_ros2' returned '0': CMAKE_PREFIX_PATH=${CMAKE_PREFIX_PATH}:/opt/ros/humble /usr/bin/cmake --install /home/tkddn647/sensor_layer/build/sllidar_ros2
