[0.206s] DEBUG:colcon:Command line arguments: ['/usr/bin/colcon', 'build']
[0.206s] DEBUG:colcon:Parsed command line arguments: Namespace(log_base=None, log_level=None, verb_name='build', build_base='build', install_base='install', merge_install=False, symlink_install=False, test_result_base=None, continue_on_error=False, executor='parallel', parallel_workers=12, event_handlers=None, ignore_user_meta=False, metas=['./colcon.meta'], base_paths=['.'], packages_ignore=None, packages_ignore_regex=None, paths=None, packages_up_to=None, packages_up_to_regex=None, packages_above=None, packages_above_and_dependencies=None, packages_above_depth=None, packages_select_by_dep=None, packages_skip_by_dep=None, packages_skip_up_to=None, packages_select_build_failed=False, packages_skip_build_finished=False, packages_select_test_failures=False, packages_skip_test_passed=False, packages_select=None, packages_skip=None, packages_select_regex=None, packages_skip_regex=None, packages_start=None, packages_end=None, allow_overriding=[], cmake_args=None, cmake_target=None, cmake_target_skip_unavailable=False, cmake_clean_cache=False, cmake_clean_first=False, cmake_force_configure=False, ament_cmake_args=None, catkin_cmake_args=None, catkin_skip_building_tests=False, mixin_files=None, mixin=None, verb_parser=<colcon_mixin.mixin.mixin_argument.MixinArgumentDecorator object at 0x734f1e15e4d0>, verb_extension=<colcon_core.verb.build.BuildVerb object at 0x734f1e277430>, main=<bound method BuildVerb.main of <colcon_core.verb.build.BuildVerb object at 0x734f1e277430>>, mixin_verb=('build',))
[0.352s] Level 1:colcon.colcon_core.package_discovery:discover_packages(colcon_meta) check parameters
[0.353s] Level 1:colcon.colcon_core.package_discovery:discover_packages(recursive) check parameters
[0.353s] Level 1:colcon.colcon_core.package_discovery:discover_packages(ignore) check parameters
[0.353s] Level 1:colcon.colcon_core.package_discovery:discover_packages(path) check parameters
[0.353s] Level 1:colcon.colcon_core.package_discovery:discover_packages(colcon_meta) discover
[0.353s] Level 1:colcon.colcon_core.package_discovery:discover_packages(recursive) discover
[0.353s] INFO:colcon.colcon_core.package_discovery:Crawling recursively for packages in '/home/tkddn647/sensor_layer'
[0.353s] Level 1:colcon.colcon_core.package_identification:_identify(.) by extensions ['ignore', 'ignore_ament_install']
[0.353s] Level 1:colcon.colcon_core.package_identification:_identify(.) by extension 'ignore'
[0.353s] Level 1:colcon.colcon_core.package_identification:_identify(.) by extension 'ignore_ament_install'
[0.353s] Level 1:colcon.colcon_core.package_identification:_identify(.) by extensions ['colcon_pkg']
[0.353s] Level 1:colcon.colcon_core.package_identification:_identify(.) by extension 'colcon_pkg'
[0.353s] Level 1:colcon.colcon_core.package_identification:_identify(.) by extensions ['colcon_meta']
[0.353s] Level 1:colcon.colcon_core.package_identification:_identify(.) by extension 'colcon_meta'
[0.353s] Level 1:colcon.colcon_core.package_identification:_identify(.) by extensions ['ros']
[0.353s] Level 1:colcon.colcon_core.package_identification:_identify(.) by extension 'ros'
[0.362s] Level 1:colcon.colcon_core.package_identification:_identify(.) by extensions ['cmake', 'python']
[0.362s] Level 1:colcon.colcon_core.package_identification:_identify(.) by extension 'cmake'
[0.362s] Level 1:colcon.colcon_core.package_identification:_identify(.) by extension 'python'
[0.362s] Level 1:colcon.colcon_core.package_identification:_identify(.) by extensions ['python_setup_py']
[0.362s] Level 1:colcon.colcon_core.package_identification:_identify(.) by extension 'python_setup_py'
[0.362s] Level 1:colcon.colcon_core.package_identification:_identify(build) by extensions ['ignore', 'ignore_ament_install']
[0.362s] Level 1:colcon.colcon_core.package_identification:_identify(build) by extension 'ignore'
[0.362s] Level 1:colcon.colcon_core.package_identification:_identify(build) ignored
[0.362s] Level 1:colcon.colcon_core.package_identification:_identify(install) by extensions ['ignore', 'ignore_ament_install']
[0.363s] Level 1:colcon.colcon_core.package_identification:_identify(install) by extension 'ignore'
[0.363s] Level 1:colcon.colcon_core.package_identification:_identify(install) ignored
[0.363s] Level 1:colcon.colcon_core.package_identification:_identify(log) by extensions ['ignore', 'ignore_ament_install']
[0.363s] Level 1:colcon.colcon_core.package_identification:_identify(log) by extension 'ignore'
[0.363s] Level 1:colcon.colcon_core.package_identification:_identify(log) ignored
[0.363s] Level 1:colcon.colcon_core.package_identification:_identify(src) by extensions ['ignore', 'ignore_ament_install']
[0.363s] Level 1:colcon.colcon_core.package_identification:_identify(src) by extension 'ignore'
[0.363s] Level 1:colcon.colcon_core.package_identification:_identify(src) by extension 'ignore_ament_install'
[0.363s] Level 1:colcon.colcon_core.package_identification:_identify(src) by extensions ['colcon_pkg']
[0.363s] Level 1:colcon.colcon_core.package_identification:_identify(src) by extension 'colcon_pkg'
[0.363s] Level 1:colcon.colcon_core.package_identification:_identify(src) by extensions ['colcon_meta']
[0.363s] Level 1:colcon.colcon_core.package_identification:_identify(src) by extension 'colcon_meta'
[0.363s] Level 1:colcon.colcon_core.package_identification:_identify(src) by extensions ['ros']
[0.363s] Level 1:colcon.colcon_core.package_identification:_identify(src) by extension 'ros'
[0.363s] Level 1:colcon.colcon_core.package_identification:_identify(src) by extensions ['cmake', 'python']
[0.363s] Level 1:colcon.colcon_core.package_identification:_identify(src) by extension 'cmake'
[0.363s] Level 1:colcon.colcon_core.package_identification:_identify(src) by extension 'python'
[0.363s] Level 1:colcon.colcon_core.package_identification:_identify(src) by extensions ['python_setup_py']
[0.363s] Level 1:colcon.colcon_core.package_identification:_identify(src) by extension 'python_setup_py'
[0.364s] Level 1:colcon.colcon_core.package_identification:_identify(src/ebimu_pkg) by extensions ['ignore', 'ignore_ament_install']
[0.364s] Level 1:colcon.colcon_core.package_identification:_identify(src/ebimu_pkg) by extension 'ignore'
[0.364s] Level 1:colcon.colcon_core.package_identification:_identify(src/ebimu_pkg) by extension 'ignore_ament_install'
[0.364s] Level 1:colcon.colcon_core.package_identification:_identify(src/ebimu_pkg) by extensions ['colcon_pkg']
[0.364s] Level 1:colcon.colcon_core.package_identification:_identify(src/ebimu_pkg) by extension 'colcon_pkg'
[0.364s] Level 1:colcon.colcon_core.package_identification:_identify(src/ebimu_pkg) by extensions ['colcon_meta']
[0.364s] Level 1:colcon.colcon_core.package_identification:_identify(src/ebimu_pkg) by extension 'colcon_meta'
[0.364s] Level 1:colcon.colcon_core.package_identification:_identify(src/ebimu_pkg) by extensions ['ros']
[0.364s] Level 1:colcon.colcon_core.package_identification:_identify(src/ebimu_pkg) by extension 'ros'
[0.366s] DEBUG:colcon.colcon_core.package_identification:Package 'src/ebimu_pkg' with type 'ros.ament_python' and name 'ebimu_pkg'
[0.366s] Level 1:colcon.colcon_core.package_identification:_identify(src/localization_layer) by extensions ['ignore', 'ignore_ament_install']
[0.366s] Level 1:colcon.colcon_core.package_identification:_identify(src/localization_layer) by extension 'ignore'
[0.366s] Level 1:colcon.colcon_core.package_identification:_identify(src/localization_layer) by extension 'ignore_ament_install'
[0.366s] Level 1:colcon.colcon_core.package_identification:_identify(src/localization_layer) by extensions ['colcon_pkg']
[0.366s] Level 1:colcon.colcon_core.package_identification:_identify(src/localization_layer) by extension 'colcon_pkg'
[0.366s] Level 1:colcon.colcon_core.package_identification:_identify(src/localization_layer) by extensions ['colcon_meta']
[0.366s] Level 1:colcon.colcon_core.package_identification:_identify(src/localization_layer) by extension 'colcon_meta'
[0.366s] Level 1:colcon.colcon_core.package_identification:_identify(src/localization_layer) by extensions ['ros']
[0.366s] Level 1:colcon.colcon_core.package_identification:_identify(src/localization_layer) by extension 'ros'
[0.367s] DEBUG:colcon.colcon_core.package_identification:Package 'src/localization_layer' with type 'ros.ament_cmake' and name 'localization_layer'
[0.367s] Level 1:colcon.colcon_core.package_identification:_identify(src/sensor_layer) by extensions ['ignore', 'ignore_ament_install']
[0.367s] Level 1:colcon.colcon_core.package_identification:_identify(src/sensor_layer) by extension 'ignore'
[0.367s] Level 1:colcon.colcon_core.package_identification:_identify(src/sensor_layer) by extension 'ignore_ament_install'
[0.367s] Level 1:colcon.colcon_core.package_identification:_identify(src/sensor_layer) by extensions ['colcon_pkg']
[0.367s] Level 1:colcon.colcon_core.package_identification:_identify(src/sensor_layer) by extension 'colcon_pkg'
[0.367s] Level 1:colcon.colcon_core.package_identification:_identify(src/sensor_layer) by extensions ['colcon_meta']
[0.367s] Level 1:colcon.colcon_core.package_identification:_identify(src/sensor_layer) by extension 'colcon_meta'
[0.367s] Level 1:colcon.colcon_core.package_identification:_identify(src/sensor_layer) by extensions ['ros']
[0.367s] Level 1:colcon.colcon_core.package_identification:_identify(src/sensor_layer) by extension 'ros'
[0.367s] DEBUG:colcon.colcon_core.package_identification:Package 'src/sensor_layer' with type 'ros.ament_cmake' and name 'sensor_layer'
[0.368s] Level 1:colcon.colcon_core.package_identification:_identify(src/sllidar_ros2) by extensions ['ignore', 'ignore_ament_install']
[0.368s] Level 1:colcon.colcon_core.package_identification:_identify(src/sllidar_ros2) by extension 'ignore'
[0.368s] Level 1:colcon.colcon_core.package_identification:_identify(src/sllidar_ros2) by extension 'ignore_ament_install'
[0.368s] Level 1:colcon.colcon_core.package_identification:_identify(src/sllidar_ros2) by extensions ['colcon_pkg']
[0.368s] Level 1:colcon.colcon_core.package_identification:_identify(src/sllidar_ros2) by extension 'colcon_pkg'
[0.368s] Level 1:colcon.colcon_core.package_identification:_identify(src/sllidar_ros2) by extensions ['colcon_meta']
[0.368s] Level 1:colcon.colcon_core.package_identification:_identify(src/sllidar_ros2) by extension 'colcon_meta'
[0.368s] Level 1:colcon.colcon_core.package_identification:_identify(src/sllidar_ros2) by extensions ['ros']
[0.368s] Level 1:colcon.colcon_core.package_identification:_identify(src/sllidar_ros2) by extension 'ros'
[0.368s] DEBUG:colcon.colcon_core.package_identification:Package 'src/sllidar_ros2' with type 'ros.ament_cmake' and name 'sllidar_ros2'
[0.368s] Level 1:colcon.colcon_core.package_identification:_identify(src/tf_manager_cpp) by extensions ['ignore', 'ignore_ament_install']
[0.368s] Level 1:colcon.colcon_core.package_identification:_identify(src/tf_manager_cpp) by extension 'ignore'
[0.369s] Level 1:colcon.colcon_core.package_identification:_identify(src/tf_manager_cpp) by extension 'ignore_ament_install'
[0.369s] Level 1:colcon.colcon_core.package_identification:_identify(src/tf_manager_cpp) by extensions ['colcon_pkg']
[0.369s] Level 1:colcon.colcon_core.package_identification:_identify(src/tf_manager_cpp) by extension 'colcon_pkg'
[0.369s] Level 1:colcon.colcon_core.package_identification:_identify(src/tf_manager_cpp) by extensions ['colcon_meta']
[0.369s] Level 1:colcon.colcon_core.package_identification:_identify(src/tf_manager_cpp) by extension 'colcon_meta'
[0.369s] Level 1:colcon.colcon_core.package_identification:_identify(src/tf_manager_cpp) by extensions ['ros']
[0.369s] Level 1:colcon.colcon_core.package_identification:_identify(src/tf_manager_cpp) by extension 'ros'
[0.369s] DEBUG:colcon.colcon_core.package_identification:Package 'src/tf_manager_cpp' with type 'ros.catkin' and name 'tf_manager_cpp'
[0.369s] Level 1:colcon.colcon_core.package_discovery:discover_packages(recursive) using defaults
[0.369s] Level 1:colcon.colcon_core.package_discovery:discover_packages(ignore) discover
[0.369s] Level 1:colcon.colcon_core.package_discovery:discover_packages(ignore) using defaults
[0.370s] Level 1:colcon.colcon_core.package_discovery:discover_packages(path) discover
[0.370s] Level 1:colcon.colcon_core.package_discovery:discover_packages(path) using defaults
[0.397s] Level 1:colcon.colcon_core.package_discovery:discover_packages(prefix_path) check parameters
[0.398s] Level 1:colcon.colcon_core.package_discovery:discover_packages(prefix_path) discover
[0.399s] DEBUG:colcon.colcon_installed_package_information.package_discovery:Found 2 installed packages in /home/tkddn647/sensor_layer/install
[0.400s] DEBUG:colcon.colcon_installed_package_information.package_discovery:Found 347 installed packages in /opt/ros/humble
[0.402s] Level 1:colcon.colcon_core.package_discovery:discover_packages(prefix_path) using defaults
[0.438s] Level 5:colcon.colcon_core.verb:set package 'ebimu_pkg' build argument 'cmake_args' from command line to 'None'
[0.438s] Level 5:colcon.colcon_core.verb:set package 'ebimu_pkg' build argument 'cmake_target' from command line to 'None'
[0.438s] Level 5:colcon.colcon_core.verb:set package 'ebimu_pkg' build argument 'cmake_target_skip_unavailable' from command line to 'False'
[0.438s] Level 5:colcon.colcon_core.verb:set package 'ebimu_pkg' build argument 'cmake_clean_cache' from command line to 'False'
[0.438s] Level 5:colcon.colcon_core.verb:set package 'ebimu_pkg' build argument 'cmake_clean_first' from command line to 'False'
[0.438s] Level 5:colcon.colcon_core.verb:set package 'ebimu_pkg' build argument 'cmake_force_configure' from command line to 'False'
[0.438s] Level 5:colcon.colcon_core.verb:set package 'ebimu_pkg' build argument 'ament_cmake_args' from command line to 'None'
[0.438s] Level 5:colcon.colcon_core.verb:set package 'ebimu_pkg' build argument 'catkin_cmake_args' from command line to 'None'
[0.438s] Level 5:colcon.colcon_core.verb:set package 'ebimu_pkg' build argument 'catkin_skip_building_tests' from command line to 'False'
[0.438s] DEBUG:colcon.colcon_core.verb:Building package 'ebimu_pkg' with the following arguments: {'ament_cmake_args': None, 'build_base': '/home/tkddn647/sensor_layer/build/ebimu_pkg', 'catkin_cmake_args': None, 'catkin_skip_building_tests': False, 'cmake_args': None, 'cmake_clean_cache': False, 'cmake_clean_first': False, 'cmake_force_configure': False, 'cmake_target': None, 'cmake_target_skip_unavailable': False, 'install_base': '/home/tkddn647/sensor_layer/install/ebimu_pkg', 'merge_install': False, 'path': '/home/tkddn647/sensor_layer/src/ebimu_pkg', 'symlink_install': False, 'test_result_base': None}
[0.438s] Level 5:colcon.colcon_core.verb:set package 'localization_layer' build argument 'cmake_args' from command line to 'None'
[0.438s] Level 5:colcon.colcon_core.verb:set package 'localization_layer' build argument 'cmake_target' from command line to 'None'
[0.438s] Level 5:colcon.colcon_core.verb:set package 'localization_layer' build argument 'cmake_target_skip_unavailable' from command line to 'False'
[0.438s] Level 5:colcon.colcon_core.verb:set package 'localization_layer' build argument 'cmake_clean_cache' from command line to 'False'
[0.438s] Level 5:colcon.colcon_core.verb:set package 'localization_layer' build argument 'cmake_clean_first' from command line to 'False'
[0.438s] Level 5:colcon.colcon_core.verb:set package 'localization_layer' build argument 'cmake_force_configure' from command line to 'False'
[0.439s] Level 5:colcon.colcon_core.verb:set package 'localization_layer' build argument 'ament_cmake_args' from command line to 'None'
[0.439s] Level 5:colcon.colcon_core.verb:set package 'localization_layer' build argument 'catkin_cmake_args' from command line to 'None'
[0.439s] Level 5:colcon.colcon_core.verb:set package 'localization_layer' build argument 'catkin_skip_building_tests' from command line to 'False'
[0.439s] DEBUG:colcon.colcon_core.verb:Building package 'localization_layer' with the following arguments: {'ament_cmake_args': None, 'build_base': '/home/tkddn647/sensor_layer/build/localization_layer', 'catkin_cmake_args': None, 'catkin_skip_building_tests': False, 'cmake_args': None, 'cmake_clean_cache': False, 'cmake_clean_first': False, 'cmake_force_configure': False, 'cmake_target': None, 'cmake_target_skip_unavailable': False, 'install_base': '/home/tkddn647/sensor_layer/install/localization_layer', 'merge_install': False, 'path': '/home/tkddn647/sensor_layer/src/localization_layer', 'symlink_install': False, 'test_result_base': None}
[0.439s] Level 5:colcon.colcon_core.verb:set package 'sllidar_ros2' build argument 'cmake_args' from command line to 'None'
[0.439s] Level 5:colcon.colcon_core.verb:set package 'sllidar_ros2' build argument 'cmake_target' from command line to 'None'
[0.439s] Level 5:colcon.colcon_core.verb:set package 'sllidar_ros2' build argument 'cmake_target_skip_unavailable' from command line to 'False'
[0.439s] Level 5:colcon.colcon_core.verb:set package 'sllidar_ros2' build argument 'cmake_clean_cache' from command line to 'False'
[0.439s] Level 5:colcon.colcon_core.verb:set package 'sllidar_ros2' build argument 'cmake_clean_first' from command line to 'False'
[0.439s] Level 5:colcon.colcon_core.verb:set package 'sllidar_ros2' build argument 'cmake_force_configure' from command line to 'False'
[0.439s] Level 5:colcon.colcon_core.verb:set package 'sllidar_ros2' build argument 'ament_cmake_args' from command line to 'None'
[0.439s] Level 5:colcon.colcon_core.verb:set package 'sllidar_ros2' build argument 'catkin_cmake_args' from command line to 'None'
[0.439s] Level 5:colcon.colcon_core.verb:set package 'sllidar_ros2' build argument 'catkin_skip_building_tests' from command line to 'False'
[0.439s] DEBUG:colcon.colcon_core.verb:Building package 'sllidar_ros2' with the following arguments: {'ament_cmake_args': None, 'build_base': '/home/tkddn647/sensor_layer/build/sllidar_ros2', 'catkin_cmake_args': None, 'catkin_skip_building_tests': False, 'cmake_args': None, 'cmake_clean_cache': False, 'cmake_clean_first': False, 'cmake_force_configure': False, 'cmake_target': None, 'cmake_target_skip_unavailable': False, 'install_base': '/home/tkddn647/sensor_layer/install/sllidar_ros2', 'merge_install': False, 'path': '/home/tkddn647/sensor_layer/src/sllidar_ros2', 'symlink_install': False, 'test_result_base': None}
[0.439s] Level 5:colcon.colcon_core.verb:set package 'tf_manager_cpp' build argument 'cmake_args' from command line to 'None'
[0.439s] Level 5:colcon.colcon_core.verb:set package 'tf_manager_cpp' build argument 'cmake_target' from command line to 'None'
[0.439s] Level 5:colcon.colcon_core.verb:set package 'tf_manager_cpp' build argument 'cmake_target_skip_unavailable' from command line to 'False'
[0.439s] Level 5:colcon.colcon_core.verb:set package 'tf_manager_cpp' build argument 'cmake_clean_cache' from command line to 'False'
[0.439s] Level 5:colcon.colcon_core.verb:set package 'tf_manager_cpp' build argument 'cmake_clean_first' from command line to 'False'
[0.439s] Level 5:colcon.colcon_core.verb:set package 'tf_manager_cpp' build argument 'cmake_force_configure' from command line to 'False'
[0.439s] Level 5:colcon.colcon_core.verb:set package 'tf_manager_cpp' build argument 'ament_cmake_args' from command line to 'None'
[0.439s] Level 5:colcon.colcon_core.verb:set package 'tf_manager_cpp' build argument 'catkin_cmake_args' from command line to 'None'
[0.439s] Level 5:colcon.colcon_core.verb:set package 'tf_manager_cpp' build argument 'catkin_skip_building_tests' from command line to 'False'
[0.439s] DEBUG:colcon.colcon_core.verb:Building package 'tf_manager_cpp' with the following arguments: {'ament_cmake_args': None, 'build_base': '/home/tkddn647/sensor_layer/build/tf_manager_cpp', 'catkin_cmake_args': None, 'catkin_skip_building_tests': False, 'cmake_args': None, 'cmake_clean_cache': False, 'cmake_clean_first': False, 'cmake_force_configure': False, 'cmake_target': None, 'cmake_target_skip_unavailable': False, 'install_base': '/home/tkddn647/sensor_layer/install/tf_manager_cpp', 'merge_install': False, 'path': '/home/tkddn647/sensor_layer/src/tf_manager_cpp', 'symlink_install': False, 'test_result_base': None}
[0.440s] Level 5:colcon.colcon_core.verb:set package 'sensor_layer' build argument 'cmake_args' from command line to 'None'
[0.440s] Level 5:colcon.colcon_core.verb:set package 'sensor_layer' build argument 'cmake_target' from command line to 'None'
[0.440s] Level 5:colcon.colcon_core.verb:set package 'sensor_layer' build argument 'cmake_target_skip_unavailable' from command line to 'False'
[0.440s] Level 5:colcon.colcon_core.verb:set package 'sensor_layer' build argument 'cmake_clean_cache' from command line to 'False'
[0.440s] Level 5:colcon.colcon_core.verb:set package 'sensor_layer' build argument 'cmake_clean_first' from command line to 'False'
[0.440s] Level 5:colcon.colcon_core.verb:set package 'sensor_layer' build argument 'cmake_force_configure' from command line to 'False'
[0.440s] Level 5:colcon.colcon_core.verb:set package 'sensor_layer' build argument 'ament_cmake_args' from command line to 'None'
[0.440s] Level 5:colcon.colcon_core.verb:set package 'sensor_layer' build argument 'catkin_cmake_args' from command line to 'None'
[0.440s] Level 5:colcon.colcon_core.verb:set package 'sensor_layer' build argument 'catkin_skip_building_tests' from command line to 'False'
[0.440s] DEBUG:colcon.colcon_core.verb:Building package 'sensor_layer' with the following arguments: {'ament_cmake_args': None, 'build_base': '/home/tkddn647/sensor_layer/build/sensor_layer', 'catkin_cmake_args': None, 'catkin_skip_building_tests': False, 'cmake_args': None, 'cmake_clean_cache': False, 'cmake_clean_first': False, 'cmake_force_configure': False, 'cmake_target': None, 'cmake_target_skip_unavailable': False, 'install_base': '/home/tkddn647/sensor_layer/install/sensor_layer', 'merge_install': False, 'path': '/home/tkddn647/sensor_layer/src/sensor_layer', 'symlink_install': False, 'test_result_base': None}
[0.440s] INFO:colcon.colcon_core.executor:Executing jobs using 'parallel' executor
[0.441s] DEBUG:colcon.colcon_parallel_executor.executor.parallel:run_until_complete
[0.441s] INFO:colcon.colcon_ros.task.ament_python.build:Building ROS package in '/home/tkddn647/sensor_layer/src/ebimu_pkg' with build type 'ament_python'
[0.442s] Level 1:colcon.colcon_core.shell:create_environment_hook('ebimu_pkg', 'ament_prefix_path')
[0.443s] INFO:colcon.colcon_core.plugin_system:Skipping extension 'colcon_core.shell.bat': Not used on non-Windows systems
[0.444s] INFO:colcon.colcon_core.shell:Creating environment hook '/home/tkddn647/sensor_layer/install/ebimu_pkg/share/ebimu_pkg/hook/ament_prefix_path.ps1'
[0.444s] INFO:colcon.colcon_core.shell:Creating environment descriptor '/home/tkddn647/sensor_layer/install/ebimu_pkg/share/ebimu_pkg/hook/ament_prefix_path.dsv'
[0.445s] INFO:colcon.colcon_core.shell:Creating environment hook '/home/tkddn647/sensor_layer/install/ebimu_pkg/share/ebimu_pkg/hook/ament_prefix_path.sh'
[0.445s] INFO:colcon.colcon_core.shell:Skip shell extension 'powershell' for command environment: Not usable outside of PowerShell
[0.445s] DEBUG:colcon.colcon_core.shell:Skip shell extension 'dsv' for command environment
[0.449s] INFO:colcon.colcon_ros.task.ament_cmake.build:Building ROS package in '/home/tkddn647/sensor_layer/src/sllidar_ros2' with build type 'ament_cmake'
[0.449s] INFO:colcon.colcon_cmake.task.cmake.build:Building CMake package in '/home/tkddn647/sensor_layer/src/sllidar_ros2'
[0.449s] INFO:colcon.colcon_core.shell:Skip shell extension 'powershell' for command environment: Not usable outside of PowerShell
[0.450s] DEBUG:colcon.colcon_core.shell:Skip shell extension 'dsv' for command environment
[0.453s] INFO:colcon.colcon_ros.task.catkin.build:Building ROS package in '/home/tkddn647/sensor_layer/src/tf_manager_cpp' with build type 'catkin'
[0.453s] INFO:colcon.colcon_cmake.task.cmake.build:Building CMake package in '/home/tkddn647/sensor_layer/src/tf_manager_cpp'
[0.453s] INFO:colcon.colcon_core.shell:Skip shell extension 'powershell' for command environment: Not usable outside of PowerShell
[0.453s] DEBUG:colcon.colcon_core.shell:Skip shell extension 'dsv' for command environment
[0.456s] INFO:colcon.colcon_ros.task.ament_cmake.build:Building ROS package in '/home/tkddn647/sensor_layer/src/localization_layer' with build type 'ament_cmake'
[0.456s] INFO:colcon.colcon_cmake.task.cmake.build:Building CMake package in '/home/tkddn647/sensor_layer/src/localization_layer'
[0.457s] INFO:colcon.colcon_core.shell:Skip shell extension 'powershell' for command environment: Not usable outside of PowerShell
[0.457s] DEBUG:colcon.colcon_core.shell:Skip shell extension 'dsv' for command environment
[0.693s] INFO:colcon.colcon_core.task.python.build:Building Python package in '/home/tkddn647/sensor_layer/src/ebimu_pkg'
[0.693s] INFO:colcon.colcon_core.shell:Skip shell extension 'powershell' for command environment: Not usable outside of PowerShell
[0.693s] DEBUG:colcon.colcon_core.shell:Skip shell extension 'dsv' for command environment
[0.701s] DEBUG:colcon.colcon_core.event_handler.log_command:Invoking command in '/home/tkddn647/sensor_layer/build/sllidar_ros2': CMAKE_PREFIX_PATH=${CMAKE_PREFIX_PATH}:/opt/ros/humble /usr/bin/cmake --build /home/tkddn647/sensor_layer/build/sllidar_ros2 -- -j12 -l12
[0.704s] DEBUG:colcon.colcon_core.event_handler.log_command:Invoking command in '/home/tkddn647/sensor_layer/build/tf_manager_cpp': /usr/bin/cmake --build /home/tkddn647/sensor_layer/build/tf_manager_cpp -- -j12 -l12
[0.707s] DEBUG:colcon.colcon_core.event_handler.log_command:Invoking command in '/home/tkddn647/sensor_layer/build/localization_layer': CMAKE_PREFIX_PATH=${CMAKE_PREFIX_PATH}:/opt/ros/humble /usr/bin/cmake --build /home/tkddn647/sensor_layer/build/localization_layer -- -j12 -l12
[0.747s] DEBUG:colcon.colcon_core.event_handler.log_command:Invoked command in '/home/tkddn647/sensor_layer/build/localization_layer' returned '0': CMAKE_PREFIX_PATH=${CMAKE_PREFIX_PATH}:/opt/ros/humble /usr/bin/cmake --build /home/tkddn647/sensor_layer/build/localization_layer -- -j12 -l12
[0.769s] DEBUG:colcon.colcon_core.event_handler.log_command:Invoking command in '/home/tkddn647/sensor_layer/build/localization_layer': CMAKE_PREFIX_PATH=${CMAKE_PREFIX_PATH}:/opt/ros/humble /usr/bin/cmake --install /home/tkddn647/sensor_layer/build/localization_layer
[0.793s] Level 1:colcon.colcon_core.environment:create_environment_scripts_only(localization_layer)
[0.798s] Level 1:colcon.colcon_core.environment:checking '/home/tkddn647/sensor_layer/install/localization_layer' for CMake module files
[0.806s] DEBUG:colcon.colcon_core.event_handler.log_command:Invoked command in '/home/tkddn647/sensor_layer/build/localization_layer' returned '0': CMAKE_PREFIX_PATH=${CMAKE_PREFIX_PATH}:/opt/ros/humble /usr/bin/cmake --install /home/tkddn647/sensor_layer/build/localization_layer
[0.806s] Level 1:colcon.colcon_core.environment:checking '/home/tkddn647/sensor_layer/install/localization_layer' for CMake config files
[0.806s] Level 1:colcon.colcon_core.shell:create_environment_hook('localization_layer', 'cmake_prefix_path')
[0.807s] INFO:colcon.colcon_core.shell:Creating environment hook '/home/tkddn647/sensor_layer/install/localization_layer/share/localization_layer/hook/cmake_prefix_path.ps1'
[0.807s] INFO:colcon.colcon_core.shell:Creating environment descriptor '/home/tkddn647/sensor_layer/install/localization_layer/share/localization_layer/hook/cmake_prefix_path.dsv'
[0.808s] INFO:colcon.colcon_core.shell:Creating environment hook '/home/tkddn647/sensor_layer/install/localization_layer/share/localization_layer/hook/cmake_prefix_path.sh'
[0.808s] Level 1:colcon.colcon_core.environment:checking '/home/tkddn647/sensor_layer/install/localization_layer/bin'
[0.809s] Level 1:colcon.colcon_core.environment:checking '/home/tkddn647/sensor_layer/install/localization_layer/lib/pkgconfig/localization_layer.pc'
[0.809s] Level 1:colcon.colcon_core.environment:checking '/home/tkddn647/sensor_layer/install/localization_layer/lib/python3.10/site-packages'
[0.809s] Level 1:colcon.colcon_core.environment:checking '/home/tkddn647/sensor_layer/install/localization_layer/bin'
[0.810s] INFO:colcon.colcon_core.shell:Creating package script '/home/tkddn647/sensor_layer/install/localization_layer/share/localization_layer/package.ps1'
[0.811s] INFO:colcon.colcon_core.shell:Creating package descriptor '/home/tkddn647/sensor_layer/install/localization_layer/share/localization_layer/package.dsv'
[0.812s] INFO:colcon.colcon_core.shell:Creating package script '/home/tkddn647/sensor_layer/install/localization_layer/share/localization_layer/package.sh'
[0.813s] INFO:colcon.colcon_core.shell:Creating package script '/home/tkddn647/sensor_layer/install/localization_layer/share/localization_layer/package.bash'
[0.814s] INFO:colcon.colcon_core.shell:Creating package script '/home/tkddn647/sensor_layer/install/localization_layer/share/localization_layer/package.zsh'
[0.816s] Level 1:colcon.colcon_core.environment:create_file_with_runtime_dependencies(/home/tkddn647/sensor_layer/install/localization_layer/share/colcon-core/packages/localization_layer)
[0.817s] Level 1:colcon.colcon_core.environment:create_environment_scripts_only(localization_layer)
[0.817s] Level 1:colcon.colcon_core.environment:checking '/home/tkddn647/sensor_layer/install/localization_layer' for CMake module files
[0.818s] Level 1:colcon.colcon_core.environment:checking '/home/tkddn647/sensor_layer/install/localization_layer' for CMake config files
[0.818s] Level 1:colcon.colcon_core.shell:create_environment_hook('localization_layer', 'cmake_prefix_path')
[0.819s] INFO:colcon.colcon_core.shell:Creating environment hook '/home/tkddn647/sensor_layer/install/localization_layer/share/localization_layer/hook/cmake_prefix_path.ps1'
[0.819s] INFO:colcon.colcon_core.shell:Creating environment descriptor '/home/tkddn647/sensor_layer/install/localization_layer/share/localization_layer/hook/cmake_prefix_path.dsv'
[0.820s] INFO:colcon.colcon_core.shell:Creating environment hook '/home/tkddn647/sensor_layer/install/localization_layer/share/localization_layer/hook/cmake_prefix_path.sh'
[0.826s] Level 1:colcon.colcon_core.environment:checking '/home/tkddn647/sensor_layer/install/localization_layer/bin'
[0.827s] Level 1:colcon.colcon_core.environment:checking '/home/tkddn647/sensor_layer/install/localization_layer/lib/pkgconfig/localization_layer.pc'
[0.827s] Level 1:colcon.colcon_core.environment:checking '/home/tkddn647/sensor_layer/install/localization_layer/lib/python3.10/site-packages'
[0.827s] Level 1:colcon.colcon_core.environment:checking '/home/tkddn647/sensor_layer/install/localization_layer/bin'
[0.828s] INFO:colcon.colcon_core.shell:Creating package script '/home/tkddn647/sensor_layer/install/localization_layer/share/localization_layer/package.ps1'
[0.829s] INFO:colcon.colcon_core.shell:Creating package descriptor '/home/tkddn647/sensor_layer/install/localization_layer/share/localization_layer/package.dsv'
[0.830s] INFO:colcon.colcon_core.shell:Creating package script '/home/tkddn647/sensor_layer/install/localization_layer/share/localization_layer/package.sh'
[0.831s] INFO:colcon.colcon_core.shell:Creating package script '/home/tkddn647/sensor_layer/install/localization_layer/share/localization_layer/package.bash'
[0.832s] INFO:colcon.colcon_core.shell:Creating package script '/home/tkddn647/sensor_layer/install/localization_layer/share/localization_layer/package.zsh'
[0.833s] Level 1:colcon.colcon_core.environment:create_file_with_runtime_dependencies(/home/tkddn647/sensor_layer/install/localization_layer/share/colcon-core/packages/localization_layer)
[1.561s] DEBUG:colcon.colcon_core.event_handler.log_command:Invoking command in '/home/tkddn647/sensor_layer/src/ebimu_pkg': PYTHONPATH=/home/tkddn647/sensor_layer/build/ebimu_pkg/prefix_override:/usr/lib/python3/dist-packages/colcon_core/task/python/colcon_distutils_commands:/home/tkddn647/sensor_layer/install/ebimu_pkg/lib/python3.10/site-packages:${PYTHONPATH} /usr/bin/python3 -W ignore:setup.py install is deprecated -W ignore:easy_install command is deprecated setup.py egg_info --egg-base ../../build/ebimu_pkg build --build-base /home/tkddn647/sensor_layer/build/ebimu_pkg/build install --record /home/tkddn647/sensor_layer/build/ebimu_pkg/install.log --single-version-externally-managed install_data
[2.372s] Level 1:colcon.colcon_core.environment:checking '/home/tkddn647/sensor_layer/install/ebimu_pkg' for CMake module files
[2.372s] Level 1:colcon.colcon_core.environment:checking '/home/tkddn647/sensor_layer/install/ebimu_pkg' for CMake config files
[2.373s] Level 1:colcon.colcon_core.environment:checking '/home/tkddn647/sensor_layer/install/ebimu_pkg/lib'
[2.374s] Level 1:colcon.colcon_core.environment:checking '/home/tkddn647/sensor_layer/install/ebimu_pkg/bin'
[2.374s] Level 1:colcon.colcon_core.environment:checking '/home/tkddn647/sensor_layer/install/ebimu_pkg/lib/pkgconfig/ebimu_pkg.pc'
[2.374s] Level 1:colcon.colcon_core.environment:checking '/home/tkddn647/sensor_layer/install/ebimu_pkg/lib/python3.10/site-packages'
[2.374s] Level 1:colcon.colcon_core.shell:create_environment_hook('ebimu_pkg', 'pythonpath')
[2.375s] INFO:colcon.colcon_core.shell:Creating environment hook '/home/tkddn647/sensor_layer/install/ebimu_pkg/share/ebimu_pkg/hook/pythonpath.ps1'
[2.376s] DEBUG:colcon.colcon_core.event_handler.log_command:Invoked command in '/home/tkddn647/sensor_layer/src/ebimu_pkg' returned '0': PYTHONPATH=/home/tkddn647/sensor_layer/build/ebimu_pkg/prefix_override:/usr/lib/python3/dist-packages/colcon_core/task/python/colcon_distutils_commands:/home/tkddn647/sensor_layer/install/ebimu_pkg/lib/python3.10/site-packages:${PYTHONPATH} /usr/bin/python3 -W ignore:setup.py install is deprecated -W ignore:easy_install command is deprecated setup.py egg_info --egg-base ../../build/ebimu_pkg build --build-base /home/tkddn647/sensor_layer/build/ebimu_pkg/build install --record /home/tkddn647/sensor_layer/build/ebimu_pkg/install.log --single-version-externally-managed install_data
[2.377s] INFO:colcon.colcon_core.shell:Creating environment descriptor '/home/tkddn647/sensor_layer/install/ebimu_pkg/share/ebimu_pkg/hook/pythonpath.dsv'
[2.377s] INFO:colcon.colcon_core.shell:Creating environment hook '/home/tkddn647/sensor_layer/install/ebimu_pkg/share/ebimu_pkg/hook/pythonpath.sh'
[2.378s] Level 1:colcon.colcon_core.environment:checking '/home/tkddn647/sensor_layer/install/ebimu_pkg/bin'
[2.379s] Level 1:colcon.colcon_core.environment:create_environment_scripts_only(ebimu_pkg)
[2.379s] INFO:colcon.colcon_core.shell:Creating package script '/home/tkddn647/sensor_layer/install/ebimu_pkg/share/ebimu_pkg/package.ps1'
[2.380s] INFO:colcon.colcon_core.shell:Creating package descriptor '/home/tkddn647/sensor_layer/install/ebimu_pkg/share/ebimu_pkg/package.dsv'
[2.381s] INFO:colcon.colcon_core.shell:Creating package script '/home/tkddn647/sensor_layer/install/ebimu_pkg/share/ebimu_pkg/package.sh'
[2.381s] INFO:colcon.colcon_core.shell:Creating package script '/home/tkddn647/sensor_layer/install/ebimu_pkg/share/ebimu_pkg/package.bash'
[2.382s] INFO:colcon.colcon_core.shell:Creating package script '/home/tkddn647/sensor_layer/install/ebimu_pkg/share/ebimu_pkg/package.zsh'
[2.383s] Level 1:colcon.colcon_core.environment:create_file_with_runtime_dependencies(/home/tkddn647/sensor_layer/install/ebimu_pkg/share/colcon-core/packages/ebimu_pkg)
[11.767s] DEBUG:colcon.colcon_core.event_handler.log_command:Invoked command in '/home/tkddn647/sensor_layer/build/sllidar_ros2' returned '0': CMAKE_PREFIX_PATH=${CMAKE_PREFIX_PATH}:/opt/ros/humble /usr/bin/cmake --build /home/tkddn647/sensor_layer/build/sllidar_ros2 -- -j12 -l12
[11.769s] DEBUG:colcon.colcon_core.event_handler.log_command:Invoking command in '/home/tkddn647/sensor_layer/build/sllidar_ros2': CMAKE_PREFIX_PATH=${CMAKE_PREFIX_PATH}:/opt/ros/humble /usr/bin/cmake --install /home/tkddn647/sensor_layer/build/sllidar_ros2
[11.799s] Level 1:colcon.colcon_core.environment:create_environment_scripts_only(sllidar_ros2)
[11.799s] Level 1:colcon.colcon_core.environment:checking '/home/tkddn647/sensor_layer/install/sllidar_ros2' for CMake module files
[11.800s] DEBUG:colcon.colcon_core.event_handler.log_command:Invoked command in '/home/tkddn647/sensor_layer/build/sllidar_ros2' returned '0': CMAKE_PREFIX_PATH=${CMAKE_PREFIX_PATH}:/opt/ros/humble /usr/bin/cmake --install /home/tkddn647/sensor_layer/build/sllidar_ros2
[11.800s] Level 1:colcon.colcon_core.environment:checking '/home/tkddn647/sensor_layer/install/sllidar_ros2' for CMake config files
[11.800s] Level 1:colcon.colcon_core.shell:create_environment_hook('sllidar_ros2', 'cmake_prefix_path')
[11.800s] INFO:colcon.colcon_core.shell:Creating environment hook '/home/tkddn647/sensor_layer/install/sllidar_ros2/share/sllidar_ros2/hook/cmake_prefix_path.ps1'
[11.801s] INFO:colcon.colcon_core.shell:Creating environment descriptor '/home/tkddn647/sensor_layer/install/sllidar_ros2/share/sllidar_ros2/hook/cmake_prefix_path.dsv'
[11.802s] INFO:colcon.colcon_core.shell:Creating environment hook '/home/tkddn647/sensor_layer/install/sllidar_ros2/share/sllidar_ros2/hook/cmake_prefix_path.sh'
[11.802s] Level 1:colcon.colcon_core.environment:checking '/home/tkddn647/sensor_layer/install/sllidar_ros2/lib'
[11.802s] Level 1:colcon.colcon_core.environment:checking '/home/tkddn647/sensor_layer/install/sllidar_ros2/bin'
[11.802s] Level 1:colcon.colcon_core.environment:checking '/home/tkddn647/sensor_layer/install/sllidar_ros2/lib/pkgconfig/sllidar_ros2.pc'
[11.802s] Level 1:colcon.colcon_core.environment:checking '/home/tkddn647/sensor_layer/install/sllidar_ros2/lib/python3.10/site-packages'
[11.802s] Level 1:colcon.colcon_core.environment:checking '/home/tkddn647/sensor_layer/install/sllidar_ros2/bin'
[11.803s] INFO:colcon.colcon_core.shell:Creating package script '/home/tkddn647/sensor_layer/install/sllidar_ros2/share/sllidar_ros2/package.ps1'
[11.803s] INFO:colcon.colcon_core.shell:Creating package descriptor '/home/tkddn647/sensor_layer/install/sllidar_ros2/share/sllidar_ros2/package.dsv'
[11.804s] INFO:colcon.colcon_core.shell:Creating package script '/home/tkddn647/sensor_layer/install/sllidar_ros2/share/sllidar_ros2/package.sh'
[11.804s] INFO:colcon.colcon_core.shell:Creating package script '/home/tkddn647/sensor_layer/install/sllidar_ros2/share/sllidar_ros2/package.bash'
[11.804s] INFO:colcon.colcon_core.shell:Creating package script '/home/tkddn647/sensor_layer/install/sllidar_ros2/share/sllidar_ros2/package.zsh'
[11.804s] Level 1:colcon.colcon_core.environment:create_file_with_runtime_dependencies(/home/tkddn647/sensor_layer/install/sllidar_ros2/share/colcon-core/packages/sllidar_ros2)
[11.806s] Level 1:colcon.colcon_core.environment:create_environment_scripts_only(sllidar_ros2)
[11.806s] Level 1:colcon.colcon_core.environment:checking '/home/tkddn647/sensor_layer/install/sllidar_ros2' for CMake module files
[11.806s] Level 1:colcon.colcon_core.environment:checking '/home/tkddn647/sensor_layer/install/sllidar_ros2' for CMake config files
[11.807s] Level 1:colcon.colcon_core.shell:create_environment_hook('sllidar_ros2', 'cmake_prefix_path')
[11.807s] INFO:colcon.colcon_core.shell:Creating environment hook '/home/tkddn647/sensor_layer/install/sllidar_ros2/share/sllidar_ros2/hook/cmake_prefix_path.ps1'
[11.807s] INFO:colcon.colcon_core.shell:Creating environment descriptor '/home/tkddn647/sensor_layer/install/sllidar_ros2/share/sllidar_ros2/hook/cmake_prefix_path.dsv'
[11.808s] INFO:colcon.colcon_core.shell:Creating environment hook '/home/tkddn647/sensor_layer/install/sllidar_ros2/share/sllidar_ros2/hook/cmake_prefix_path.sh'
[11.808s] Level 1:colcon.colcon_core.environment:checking '/home/tkddn647/sensor_layer/install/sllidar_ros2/lib'
[11.808s] Level 1:colcon.colcon_core.environment:checking '/home/tkddn647/sensor_layer/install/sllidar_ros2/bin'
[11.808s] Level 1:colcon.colcon_core.environment:checking '/home/tkddn647/sensor_layer/install/sllidar_ros2/lib/pkgconfig/sllidar_ros2.pc'
[11.808s] Level 1:colcon.colcon_core.environment:checking '/home/tkddn647/sensor_layer/install/sllidar_ros2/lib/python3.10/site-packages'
[11.809s] Level 1:colcon.colcon_core.environment:checking '/home/tkddn647/sensor_layer/install/sllidar_ros2/bin'
[11.809s] INFO:colcon.colcon_core.shell:Creating package script '/home/tkddn647/sensor_layer/install/sllidar_ros2/share/sllidar_ros2/package.ps1'
[11.809s] INFO:colcon.colcon_core.shell:Creating package descriptor '/home/tkddn647/sensor_layer/install/sllidar_ros2/share/sllidar_ros2/package.dsv'
[11.810s] INFO:colcon.colcon_core.shell:Creating package script '/home/tkddn647/sensor_layer/install/sllidar_ros2/share/sllidar_ros2/package.sh'
[11.811s] INFO:colcon.colcon_core.shell:Creating package script '/home/tkddn647/sensor_layer/install/sllidar_ros2/share/sllidar_ros2/package.bash'
[11.811s] INFO:colcon.colcon_core.shell:Creating package script '/home/tkddn647/sensor_layer/install/sllidar_ros2/share/sllidar_ros2/package.zsh'
[11.812s] Level 1:colcon.colcon_core.environment:create_file_with_runtime_dependencies(/home/tkddn647/sensor_layer/install/sllidar_ros2/share/colcon-core/packages/sllidar_ros2)
[12.437s] DEBUG:colcon.colcon_core.event_handler.log_command:Invoked command in '/home/tkddn647/sensor_layer/build/tf_manager_cpp' returned '0': /usr/bin/cmake --build /home/tkddn647/sensor_layer/build/tf_manager_cpp -- -j12 -l12
[12.439s] DEBUG:colcon.colcon_core.event_handler.log_command:Invoking command in '/home/tkddn647/sensor_layer/build/tf_manager_cpp': /usr/bin/cmake --install /home/tkddn647/sensor_layer/build/tf_manager_cpp
[12.467s] DEBUG:colcon.colcon_core.event_handler.log_command:Invoked command in '/home/tkddn647/sensor_layer/build/tf_manager_cpp' returned '0': /usr/bin/cmake --install /home/tkddn647/sensor_layer/build/tf_manager_cpp
[12.468s] Level 1:colcon.colcon_core.shell:create_environment_hook('tf_manager_cpp', 'ros_package_path')
[12.468s] INFO:colcon.colcon_core.shell:Creating environment hook '/home/tkddn647/sensor_layer/install/tf_manager_cpp/share/tf_manager_cpp/hook/ros_package_path.ps1'
[12.469s] INFO:colcon.colcon_core.shell:Creating environment descriptor '/home/tkddn647/sensor_layer/install/tf_manager_cpp/share/tf_manager_cpp/hook/ros_package_path.dsv'
[12.469s] INFO:colcon.colcon_core.shell:Creating environment hook '/home/tkddn647/sensor_layer/install/tf_manager_cpp/share/tf_manager_cpp/hook/ros_package_path.sh'
[12.469s] Level 1:colcon.colcon_core.shell:create_environment_hook('tf_manager_cpp', 'pkg_config_path')
[12.470s] INFO:colcon.colcon_core.shell:Creating environment hook '/home/tkddn647/sensor_layer/install/tf_manager_cpp/share/tf_manager_cpp/hook/pkg_config_path.ps1'
[12.470s] INFO:colcon.colcon_core.shell:Creating environment descriptor '/home/tkddn647/sensor_layer/install/tf_manager_cpp/share/tf_manager_cpp/hook/pkg_config_path.dsv'
[12.470s] INFO:colcon.colcon_core.shell:Creating environment hook '/home/tkddn647/sensor_layer/install/tf_manager_cpp/share/tf_manager_cpp/hook/pkg_config_path.sh'
[12.473s] Level 1:colcon.colcon_core.shell:create_environment_hook('tf_manager_cpp', 'pkg_config_path_multiarch')
[12.473s] INFO:colcon.colcon_core.shell:Creating environment hook '/home/tkddn647/sensor_layer/install/tf_manager_cpp/share/tf_manager_cpp/hook/pkg_config_path_multiarch.ps1'
[12.474s] INFO:colcon.colcon_core.shell:Creating environment descriptor '/home/tkddn647/sensor_layer/install/tf_manager_cpp/share/tf_manager_cpp/hook/pkg_config_path_multiarch.dsv'
[12.474s] INFO:colcon.colcon_core.shell:Creating environment hook '/home/tkddn647/sensor_layer/install/tf_manager_cpp/share/tf_manager_cpp/hook/pkg_config_path_multiarch.sh'
[12.475s] Level 1:colcon.colcon_core.environment:create_environment_scripts_only(tf_manager_cpp)
[12.475s] Level 1:colcon.colcon_core.environment:checking '/home/tkddn647/sensor_layer/install/tf_manager_cpp' for CMake module files
[12.476s] Level 1:colcon.colcon_core.environment:checking '/home/tkddn647/sensor_layer/install/tf_manager_cpp' for CMake config files
[12.476s] Level 1:colcon.colcon_core.shell:create_environment_hook('tf_manager_cpp', 'cmake_prefix_path')
[12.476s] INFO:colcon.colcon_core.shell:Creating environment hook '/home/tkddn647/sensor_layer/install/tf_manager_cpp/share/tf_manager_cpp/hook/cmake_prefix_path.ps1'
[12.477s] INFO:colcon.colcon_core.shell:Creating environment descriptor '/home/tkddn647/sensor_layer/install/tf_manager_cpp/share/tf_manager_cpp/hook/cmake_prefix_path.dsv'
[12.477s] INFO:colcon.colcon_core.shell:Creating environment hook '/home/tkddn647/sensor_layer/install/tf_manager_cpp/share/tf_manager_cpp/hook/cmake_prefix_path.sh'
[12.478s] Level 1:colcon.colcon_core.environment:checking '/home/tkddn647/sensor_layer/install/tf_manager_cpp/lib'
[12.478s] Level 1:colcon.colcon_core.environment:checking '/home/tkddn647/sensor_layer/install/tf_manager_cpp/bin'
[12.478s] Level 1:colcon.colcon_core.environment:checking '/home/tkddn647/sensor_layer/install/tf_manager_cpp/lib/pkgconfig/tf_manager_cpp.pc'
[12.478s] Level 1:colcon.colcon_core.environment:checking '/home/tkddn647/sensor_layer/install/tf_manager_cpp/lib/python3.10/site-packages'
[12.478s] Level 1:colcon.colcon_core.environment:checking '/home/tkddn647/sensor_layer/install/tf_manager_cpp/bin'
[12.479s] INFO:colcon.colcon_core.shell:Creating package script '/home/tkddn647/sensor_layer/install/tf_manager_cpp/share/tf_manager_cpp/package.ps1'
[12.479s] INFO:colcon.colcon_core.shell:Creating package descriptor '/home/tkddn647/sensor_layer/install/tf_manager_cpp/share/tf_manager_cpp/package.dsv'
[12.480s] INFO:colcon.colcon_core.shell:Creating package script '/home/tkddn647/sensor_layer/install/tf_manager_cpp/share/tf_manager_cpp/package.sh'
[12.480s] INFO:colcon.colcon_core.shell:Creating package script '/home/tkddn647/sensor_layer/install/tf_manager_cpp/share/tf_manager_cpp/package.bash'
[12.480s] INFO:colcon.colcon_core.shell:Creating package script '/home/tkddn647/sensor_layer/install/tf_manager_cpp/share/tf_manager_cpp/package.zsh'
[12.481s] Level 1:colcon.colcon_core.environment:create_file_with_runtime_dependencies(/home/tkddn647/sensor_layer/install/tf_manager_cpp/share/colcon-core/packages/tf_manager_cpp)
[12.482s] INFO:colcon.colcon_ros.task.ament_cmake.build:Building ROS package in '/home/tkddn647/sensor_layer/src/sensor_layer' with build type 'ament_cmake'
[12.482s] INFO:colcon.colcon_cmake.task.cmake.build:Building CMake package in '/home/tkddn647/sensor_layer/src/sensor_layer'
[12.483s] INFO:colcon.colcon_core.shell:Skip shell extension 'powershell' for command environment: Not usable outside of PowerShell
[12.483s] DEBUG:colcon.colcon_core.shell:Skip shell extension 'dsv' for command environment
[12.901s] DEBUG:colcon.colcon_core.event_handler.log_command:Invoking command in '/home/tkddn647/sensor_layer/build/sensor_layer': AMENT_PREFIX_PATH=/home/tkddn647/sensor_layer/install/sllidar_ros2:/home/tkddn647/sensor_layer/install/ebimu_pkg:${AMENT_PREFIX_PATH} CMAKE_PREFIX_PATH=/opt/ros/humble:/home/tkddn647/sensor_layer/install/tf_manager_cpp:/home/tkddn647/sensor_layer/install/sllidar_ros2:${CMAKE_PREFIX_PATH} PKG_CONFIG_PATH=/home/tkddn647/sensor_layer/install/tf_manager_cpp/lib/x86_64-linux-gnu/pkgconfig:/home/tkddn647/sensor_layer/install/tf_manager_cpp/lib/pkgconfig PYTHONPATH=/home/tkddn647/sensor_layer/install/ebimu_pkg/lib/python3.10/site-packages:${PYTHONPATH} ROS_PACKAGE_PATH=/home/tkddn647/sensor_layer/install/tf_manager_cpp/share /usr/bin/cmake /home/tkddn647/sensor_layer/src/sensor_layer -DCMAKE_INSTALL_PREFIX=/home/tkddn647/sensor_layer/install/sensor_layer
[13.155s] DEBUG:colcon.colcon_core.event_handler.log_command:Invoked command in '/home/tkddn647/sensor_layer/build/sensor_layer' returned '0': AMENT_PREFIX_PATH=/home/tkddn647/sensor_layer/install/sllidar_ros2:/home/tkddn647/sensor_layer/install/ebimu_pkg:${AMENT_PREFIX_PATH} CMAKE_PREFIX_PATH=/opt/ros/humble:/home/tkddn647/sensor_layer/install/tf_manager_cpp:/home/tkddn647/sensor_layer/install/sllidar_ros2:${CMAKE_PREFIX_PATH} PKG_CONFIG_PATH=/home/tkddn647/sensor_layer/install/tf_manager_cpp/lib/x86_64-linux-gnu/pkgconfig:/home/tkddn647/sensor_layer/install/tf_manager_cpp/lib/pkgconfig PYTHONPATH=/home/tkddn647/sensor_layer/install/ebimu_pkg/lib/python3.10/site-packages:${PYTHONPATH} ROS_PACKAGE_PATH=/home/tkddn647/sensor_layer/install/tf_manager_cpp/share /usr/bin/cmake /home/tkddn647/sensor_layer/src/sensor_layer -DCMAKE_INSTALL_PREFIX=/home/tkddn647/sensor_layer/install/sensor_layer
[13.157s] DEBUG:colcon.colcon_core.event_handler.log_command:Invoking command in '/home/tkddn647/sensor_layer/build/sensor_layer': AMENT_PREFIX_PATH=/home/tkddn647/sensor_layer/install/sllidar_ros2:/home/tkddn647/sensor_layer/install/ebimu_pkg:${AMENT_PREFIX_PATH} CMAKE_PREFIX_PATH=/opt/ros/humble:/home/tkddn647/sensor_layer/install/tf_manager_cpp:/home/tkddn647/sensor_layer/install/sllidar_ros2:${CMAKE_PREFIX_PATH} PKG_CONFIG_PATH=/home/tkddn647/sensor_layer/install/tf_manager_cpp/lib/x86_64-linux-gnu/pkgconfig:/home/tkddn647/sensor_layer/install/tf_manager_cpp/lib/pkgconfig PYTHONPATH=/home/tkddn647/sensor_layer/install/ebimu_pkg/lib/python3.10/site-packages:${PYTHONPATH} ROS_PACKAGE_PATH=/home/tkddn647/sensor_layer/install/tf_manager_cpp/share /usr/bin/cmake --build /home/tkddn647/sensor_layer/build/sensor_layer -- -j12 -l12
[13.214s] DEBUG:colcon.colcon_core.event_handler.log_command:Invoked command in '/home/tkddn647/sensor_layer/build/sensor_layer' returned '0': AMENT_PREFIX_PATH=/home/tkddn647/sensor_layer/install/sllidar_ros2:/home/tkddn647/sensor_layer/install/ebimu_pkg:${AMENT_PREFIX_PATH} CMAKE_PREFIX_PATH=/opt/ros/humble:/home/tkddn647/sensor_layer/install/tf_manager_cpp:/home/tkddn647/sensor_layer/install/sllidar_ros2:${CMAKE_PREFIX_PATH} PKG_CONFIG_PATH=/home/tkddn647/sensor_layer/install/tf_manager_cpp/lib/x86_64-linux-gnu/pkgconfig:/home/tkddn647/sensor_layer/install/tf_manager_cpp/lib/pkgconfig PYTHONPATH=/home/tkddn647/sensor_layer/install/ebimu_pkg/lib/python3.10/site-packages:${PYTHONPATH} ROS_PACKAGE_PATH=/home/tkddn647/sensor_layer/install/tf_manager_cpp/share /usr/bin/cmake --build /home/tkddn647/sensor_layer/build/sensor_layer -- -j12 -l12
[13.217s] DEBUG:colcon.colcon_core.event_handler.log_command:Invoking command in '/home/tkddn647/sensor_layer/build/sensor_layer': AMENT_PREFIX_PATH=/home/tkddn647/sensor_layer/install/sllidar_ros2:/home/tkddn647/sensor_layer/install/ebimu_pkg:${AMENT_PREFIX_PATH} CMAKE_PREFIX_PATH=/opt/ros/humble:/home/tkddn647/sensor_layer/install/tf_manager_cpp:/home/tkddn647/sensor_layer/install/sllidar_ros2:${CMAKE_PREFIX_PATH} PKG_CONFIG_PATH=/home/tkddn647/sensor_layer/install/tf_manager_cpp/lib/x86_64-linux-gnu/pkgconfig:/home/tkddn647/sensor_layer/install/tf_manager_cpp/lib/pkgconfig PYTHONPATH=/home/tkddn647/sensor_layer/install/ebimu_pkg/lib/python3.10/site-packages:${PYTHONPATH} ROS_PACKAGE_PATH=/home/tkddn647/sensor_layer/install/tf_manager_cpp/share /usr/bin/cmake --install /home/tkddn647/sensor_layer/build/sensor_layer
[13.240s] Level 1:colcon.colcon_core.environment:create_environment_scripts_only(sensor_layer)
[13.241s] Level 1:colcon.colcon_core.environment:checking '/home/tkddn647/sensor_layer/install/sensor_layer' for CMake module files
[13.241s] DEBUG:colcon.colcon_core.event_handler.log_command:Invoked command in '/home/tkddn647/sensor_layer/build/sensor_layer' returned '0': AMENT_PREFIX_PATH=/home/tkddn647/sensor_layer/install/sllidar_ros2:/home/tkddn647/sensor_layer/install/ebimu_pkg:${AMENT_PREFIX_PATH} CMAKE_PREFIX_PATH=/opt/ros/humble:/home/tkddn647/sensor_layer/install/tf_manager_cpp:/home/tkddn647/sensor_layer/install/sllidar_ros2:${CMAKE_PREFIX_PATH} PKG_CONFIG_PATH=/home/tkddn647/sensor_layer/install/tf_manager_cpp/lib/x86_64-linux-gnu/pkgconfig:/home/tkddn647/sensor_layer/install/tf_manager_cpp/lib/pkgconfig PYTHONPATH=/home/tkddn647/sensor_layer/install/ebimu_pkg/lib/python3.10/site-packages:${PYTHONPATH} ROS_PACKAGE_PATH=/home/tkddn647/sensor_layer/install/tf_manager_cpp/share /usr/bin/cmake --install /home/tkddn647/sensor_layer/build/sensor_layer
[13.242s] Level 1:colcon.colcon_core.environment:checking '/home/tkddn647/sensor_layer/install/sensor_layer' for CMake config files
[13.242s] Level 1:colcon.colcon_core.shell:create_environment_hook('sensor_layer', 'cmake_prefix_path')
[13.242s] INFO:colcon.colcon_core.shell:Creating environment hook '/home/tkddn647/sensor_layer/install/sensor_layer/share/sensor_layer/hook/cmake_prefix_path.ps1'
[13.244s] INFO:colcon.colcon_core.shell:Creating environment descriptor '/home/tkddn647/sensor_layer/install/sensor_layer/share/sensor_layer/hook/cmake_prefix_path.dsv'
[13.244s] INFO:colcon.colcon_core.shell:Creating environment hook '/home/tkddn647/sensor_layer/install/sensor_layer/share/sensor_layer/hook/cmake_prefix_path.sh'
[13.245s] Level 1:colcon.colcon_core.environment:checking '/home/tkddn647/sensor_layer/install/sensor_layer/bin'
[13.245s] Level 1:colcon.colcon_core.environment:checking '/home/tkddn647/sensor_layer/install/sensor_layer/lib/pkgconfig/sensor_layer.pc'
[13.245s] Level 1:colcon.colcon_core.environment:checking '/home/tkddn647/sensor_layer/install/sensor_layer/lib/python3.10/site-packages'
[13.245s] Level 1:colcon.colcon_core.environment:checking '/home/tkddn647/sensor_layer/install/sensor_layer/bin'
[13.246s] INFO:colcon.colcon_core.shell:Creating package script '/home/tkddn647/sensor_layer/install/sensor_layer/share/sensor_layer/package.ps1'
[13.246s] INFO:colcon.colcon_core.shell:Creating package descriptor '/home/tkddn647/sensor_layer/install/sensor_layer/share/sensor_layer/package.dsv'
[13.246s] INFO:colcon.colcon_core.shell:Creating package script '/home/tkddn647/sensor_layer/install/sensor_layer/share/sensor_layer/package.sh'
[13.247s] INFO:colcon.colcon_core.shell:Creating package script '/home/tkddn647/sensor_layer/install/sensor_layer/share/sensor_layer/package.bash'
[13.247s] INFO:colcon.colcon_core.shell:Creating package script '/home/tkddn647/sensor_layer/install/sensor_layer/share/sensor_layer/package.zsh'
[13.248s] Level 1:colcon.colcon_core.environment:create_file_with_runtime_dependencies(/home/tkddn647/sensor_layer/install/sensor_layer/share/colcon-core/packages/sensor_layer)
[13.250s] Level 1:colcon.colcon_core.environment:create_environment_scripts_only(sensor_layer)
[13.250s] Level 1:colcon.colcon_core.environment:checking '/home/tkddn647/sensor_layer/install/sensor_layer' for CMake module files
[13.250s] Level 1:colcon.colcon_core.environment:checking '/home/tkddn647/sensor_layer/install/sensor_layer' for CMake config files
[13.251s] Level 1:colcon.colcon_core.shell:create_environment_hook('sensor_layer', 'cmake_prefix_path')
[13.251s] INFO:colcon.colcon_core.shell:Creating environment hook '/home/tkddn647/sensor_layer/install/sensor_layer/share/sensor_layer/hook/cmake_prefix_path.ps1'
[13.252s] INFO:colcon.colcon_core.shell:Creating environment descriptor '/home/tkddn647/sensor_layer/install/sensor_layer/share/sensor_layer/hook/cmake_prefix_path.dsv'
[13.252s] INFO:colcon.colcon_core.shell:Creating environment hook '/home/tkddn647/sensor_layer/install/sensor_layer/share/sensor_layer/hook/cmake_prefix_path.sh'
[13.252s] Level 1:colcon.colcon_core.environment:checking '/home/tkddn647/sensor_layer/install/sensor_layer/bin'
[13.252s] Level 1:colcon.colcon_core.environment:checking '/home/tkddn647/sensor_layer/install/sensor_layer/lib/pkgconfig/sensor_layer.pc'
[13.253s] Level 1:colcon.colcon_core.environment:checking '/home/tkddn647/sensor_layer/install/sensor_layer/lib/python3.10/site-packages'
[13.253s] Level 1:colcon.colcon_core.environment:checking '/home/tkddn647/sensor_layer/install/sensor_layer/bin'
[13.254s] INFO:colcon.colcon_core.shell:Creating package script '/home/tkddn647/sensor_layer/install/sensor_layer/share/sensor_layer/package.ps1'
[13.254s] INFO:colcon.colcon_core.shell:Creating package descriptor '/home/tkddn647/sensor_layer/install/sensor_layer/share/sensor_layer/package.dsv'
[13.255s] INFO:colcon.colcon_core.shell:Creating package script '/home/tkddn647/sensor_layer/install/sensor_layer/share/sensor_layer/package.sh'
[13.255s] INFO:colcon.colcon_core.shell:Creating package script '/home/tkddn647/sensor_layer/install/sensor_layer/share/sensor_layer/package.bash'
[13.256s] INFO:colcon.colcon_core.shell:Creating package script '/home/tkddn647/sensor_layer/install/sensor_layer/share/sensor_layer/package.zsh'
[13.256s] Level 1:colcon.colcon_core.environment:create_file_with_runtime_dependencies(/home/tkddn647/sensor_layer/install/sensor_layer/share/colcon-core/packages/sensor_layer)
[13.257s] DEBUG:colcon.colcon_parallel_executor.executor.parallel:closing loop
[13.257s] DEBUG:colcon.colcon_parallel_executor.executor.parallel:loop closed
[13.257s] DEBUG:colcon.colcon_parallel_executor.executor.parallel:run_until_complete finished with '0'
[13.258s] DEBUG:colcon.colcon_core.event_reactor:joining thread
[13.322s] INFO:colcon.colcon_core.plugin_system:Skipping extension 'colcon_notification.desktop_notification.notify_send': Could not find 'notify-send'
[13.322s] INFO:colcon.colcon_core.plugin_system:Skipping extension 'colcon_notification.desktop_notification.terminal_notifier': Not used on non-Darwin systems
[13.322s] INFO:colcon.colcon_core.plugin_system:Skipping extension 'colcon_notification.desktop_notification.win32': Not used on non-Windows systems
[13.322s] INFO:colcon.colcon_notification.desktop_notification:Sending desktop notification using 'notify2'
[13.323s] DEBUG:colcon.colcon_notification.desktop_notification.notify2:Failed to initialize notify2: org.freedesktop.DBus.Error.FileNotFound: Failed to connect to socket /run/user/1000/bus: No such file or directory
[13.323s] DEBUG:colcon.colcon_core.event_reactor:joined thread
[13.323s] INFO:colcon.colcon_core.shell:Creating prefix script '/home/tkddn647/sensor_layer/install/local_setup.ps1'
[13.324s] INFO:colcon.colcon_core.shell:Creating prefix util module '/home/tkddn647/sensor_layer/install/_local_setup_util_ps1.py'
[13.326s] INFO:colcon.colcon_core.shell:Creating prefix chain script '/home/tkddn647/sensor_layer/install/setup.ps1'
[13.327s] INFO:colcon.colcon_core.shell:Creating prefix script '/home/tkddn647/sensor_layer/install/local_setup.sh'
[13.328s] INFO:colcon.colcon_core.shell:Creating prefix util module '/home/tkddn647/sensor_layer/install/_local_setup_util_sh.py'
[13.328s] INFO:colcon.colcon_core.shell:Creating prefix chain script '/home/tkddn647/sensor_layer/install/setup.sh'
[13.329s] INFO:colcon.colcon_core.shell:Creating prefix script '/home/tkddn647/sensor_layer/install/local_setup.bash'
[13.330s] INFO:colcon.colcon_core.shell:Creating prefix chain script '/home/tkddn647/sensor_layer/install/setup.bash'
[13.331s] INFO:colcon.colcon_core.shell:Creating prefix script '/home/tkddn647/sensor_layer/install/local_setup.zsh'
[13.331s] INFO:colcon.colcon_core.shell:Creating prefix chain script '/home/tkddn647/sensor_layer/install/setup.zsh'
