[0.265s] Invoking command in '/home/tkddn647/sensor_layer/build/sllidar_ros2': CMAKE_PREFIX_PATH=${CMAKE_PREFIX_PATH}:/opt/ros/humble /usr/bin/cmake /home/tkddn647/sensor_layer/src/sllidar_ros2 -DCMAKE_INSTALL_PREFIX=/home/tkddn647/sensor_layer/install/sllidar_ros2
[0.405s] -- The C compiler identification is GNU 11.4.0
[0.913s] -- The CXX compiler identification is GNU 11.4.0
[1.232s] -- Detecting C compiler ABI info
[1.436s] -- Detecting C compiler ABI info - done
[1.443s] -- Check for working C compiler: /usr/bin/cc - skipped
[1.443s] -- Detecting C compile features
[1.443s] -- Detecting C compile features - done
[1.446s] -- Detecting CXX compiler ABI info
[1.661s] -- Detecting CXX compiler ABI info - done
[1.671s] -- Check for working CXX compiler: /usr/bin/c++ - skipped
[1.671s] -- Detecting CXX compile features
[1.671s] -- Detecting CXX compile features - done
[1.675s] -- Found ament_cmake: 1.3.12 (/opt/ros/humble/share/ament_cmake/cmake)
[1.834s] -- Found Python3: /usr/bin/python3 (found version "3.10.12") found components: Interpreter 
[1.928s] -- Found rclcpp: 16.0.17 (/opt/ros/humble/share/rclcpp/cmake)
[2.196s] -- Found rosidl_generator_c: 3.1.8 (/opt/ros/humble/share/rosidl_generator_c/cmake)
[2.205s] -- Found rosidl_adapter: 3.1.8 (/opt/ros/humble/share/rosidl_adapter/cmake)
[2.220s] -- Found rosidl_generator_cpp: 3.1.8 (/opt/ros/humble/share/rosidl_generator_cpp/cmake)
[2.240s] -- Using all available rosidl_typesupport_c: rosidl_typesupport_fastrtps_c;rosidl_typesupport_introspection_c
[2.265s] -- Using all available rosidl_typesupport_cpp: rosidl_typesupport_fastrtps_cpp;rosidl_typesupport_introspection_cpp
[2.334s] -- Found rmw_implementation_cmake: 6.1.2 (/opt/ros/humble/share/rmw_implementation_cmake/cmake)
[2.340s] -- Found rmw_fastrtps_cpp: 6.2.9 (/opt/ros/humble/share/rmw_fastrtps_cpp/cmake)
[4.004s] -- Found OpenSSL: /usr/lib/x86_64-linux-gnu/libcrypto.so (found version "3.0.2")  
[5.843s] -- Found FastRTPS: /opt/ros/humble/include  
[9.119s] -- Using RMW implementation 'rmw_fastrtps_cpp' as default
[9.142s] -- Looking for pthread.h
[9.329s] -- Looking for pthread.h - found
[9.330s] -- Performing Test CMAKE_HAVE_LIBC_PTHREAD
[9.527s] -- Performing Test CMAKE_HAVE_LIBC_PTHREAD - Success
[9.528s] -- Found Threads: TRUE  
[9.615s] -- Found sensor_msgs: 4.9.0 (/opt/ros/humble/share/sensor_msgs/cmake)
[9.661s] -- Found std_srvs: 4.9.0 (/opt/ros/humble/share/std_srvs/cmake)
[9.745s] -- Configuring done
[9.769s] -- Generating done
[9.775s] -- Build files have been written to: /home/tkddn647/sensor_layer/build/sllidar_ros2
