-- Install configuration: ""
-- Up-to-date: /home/tkddn647/sensor_layer/install/localization_layer/share/localization_layer/launch
-- Up-to-date: /home/tkddn647/sensor_layer/install/localization_layer/share/localization_layer/launch/localization_layer.launch.py
-- Up-to-date: /home/tkddn647/sensor_layer/install/localization_layer/share/localization_layer/launch/mapping_cartographer.launch.py
-- Up-to-date: /home/tkddn647/sensor_layer/install/localization_layer/share/localization_layer/config
-- Up-to-date: /home/tkddn647/sensor_layer/install/localization_layer/share/localization_layer/config/ekf_localization.yaml
-- Up-to-date: /home/tkddn647/sensor_layer/install/localization_layer/share/localization_layer/config/trajectory_builder.lua
-- Up-to-date: /home/tkddn647/sensor_layer/install/localization_layer/share/localization_layer/config/cartographer_2d.lua
-- Up-to-date: /home/tkddn647/sensor_layer/install/localization_layer/share/localization_layer/config/map_builder.lua
-- Up-to-date: /home/tkddn647/sensor_layer/install/localization_layer/share/ament_index/resource_index/package_run_dependencies/localization_layer
-- Up-to-date: /home/tkddn647/sensor_layer/install/localization_layer/share/ament_index/resource_index/parent_prefix_path/localization_layer
-- Up-to-date: /home/tkddn647/sensor_layer/install/localization_layer/share/localization_layer/environment/ament_prefix_path.sh
-- Up-to-date: /home/tkddn647/sensor_layer/install/localization_layer/share/localization_layer/environment/ament_prefix_path.dsv
-- Up-to-date: /home/tkddn647/sensor_layer/install/localization_layer/share/localization_layer/environment/path.sh
-- Up-to-date: /home/tkddn647/sensor_layer/install/localization_layer/share/localization_layer/environment/path.dsv
-- Up-to-date: /home/tkddn647/sensor_layer/install/localization_layer/share/localization_layer/local_setup.bash
-- Up-to-date: /home/tkddn647/sensor_layer/install/localization_layer/share/localization_layer/local_setup.sh
-- Up-to-date: /home/tkddn647/sensor_layer/install/localization_layer/share/localization_layer/local_setup.zsh
-- Up-to-date: /home/tkddn647/sensor_layer/install/localization_layer/share/localization_layer/local_setup.dsv
-- Installing: /home/tkddn647/sensor_layer/install/localization_layer/share/localization_layer/package.dsv
-- Up-to-date: /home/tkddn647/sensor_layer/install/localization_layer/share/ament_index/resource_index/packages/localization_layer
-- Up-to-date: /home/tkddn647/sensor_layer/install/localization_layer/share/localization_layer/cmake/localization_layerConfig.cmake
-- Up-to-date: /home/tkddn647/sensor_layer/install/localization_layer/share/localization_layer/cmake/localization_layerConfig-version.cmake
-- Up-to-date: /home/tkddn647/sensor_layer/install/localization_layer/share/localization_layer/package.xml
