[0.250s] Invoking command in '/home/tkddn647/sensor_layer/build/localization_layer': CMAKE_PREFIX_PATH=${CMAKE_PREFIX_PATH}:/opt/ros/humble /usr/bin/cmake --build /home/tkddn647/sensor_layer/build/localization_layer -- -j12 -l12
[0.290s] Invoked command in '/home/tkddn647/sensor_layer/build/localization_layer' returned '0': CMAKE_PREFIX_PATH=${CMAKE_PREFIX_PATH}:/opt/ros/humble /usr/bin/cmake --build /home/tkddn647/sensor_layer/build/localization_layer -- -j12 -l12
[0.312s] Invoking command in '/home/tkddn647/sensor_layer/build/localization_layer': CMAKE_PREFIX_PATH=${CMAKE_PREFIX_PATH}:/opt/ros/humble /usr/bin/cmake --install /home/tkddn647/sensor_layer/build/localization_layer
[0.331s] -- Install configuration: ""
[0.331s] -- Up-to-date: /home/tkddn647/sensor_layer/install/localization_layer/share/localization_layer/launch
[0.332s] -- Up-to-date: /home/tkddn647/sensor_layer/install/localization_layer/share/localization_layer/launch/localization_layer.launch.py
[0.332s] -- Up-to-date: /home/tkddn647/sensor_layer/install/localization_layer/share/localization_layer/launch/mapping_cartographer.launch.py
[0.332s] -- Up-to-date: /home/tkddn647/sensor_layer/install/localization_layer/share/localization_layer/config
[0.332s] -- Up-to-date: /home/tkddn647/sensor_layer/install/localization_layer/share/localization_layer/config/ekf_localization.yaml
[0.332s] -- Up-to-date: /home/tkddn647/sensor_layer/install/localization_layer/share/localization_layer/config/trajectory_builder.lua
[0.332s] -- Up-to-date: /home/tkddn647/sensor_layer/install/localization_layer/share/localization_layer/config/cartographer_2d.lua
[0.334s] -- Up-to-date: /home/tkddn647/sensor_layer/install/localization_layer/share/localization_layer/config/map_builder.lua
[0.334s] -- Up-to-date: /home/tkddn647/sensor_layer/install/localization_layer/share/ament_index/resource_index/package_run_dependencies/localization_layer
[0.334s] -- Up-to-date: /home/tkddn647/sensor_layer/install/localization_layer/share/ament_index/resource_index/parent_prefix_path/localization_layer
[0.334s] -- Up-to-date: /home/tkddn647/sensor_layer/install/localization_layer/share/localization_layer/environment/ament_prefix_path.sh
[0.334s] -- Up-to-date: /home/tkddn647/sensor_layer/install/localization_layer/share/localization_layer/environment/ament_prefix_path.dsv
[0.334s] -- Up-to-date: /home/tkddn647/sensor_layer/install/localization_layer/share/localization_layer/environment/path.sh
[0.334s] -- Up-to-date: /home/tkddn647/sensor_layer/install/localization_layer/share/localization_layer/environment/path.dsv
[0.335s] -- Up-to-date: /home/tkddn647/sensor_layer/install/localization_layer/share/localization_layer/local_setup.bash
[0.335s] -- Up-to-date: /home/tkddn647/sensor_layer/install/localization_layer/share/localization_layer/local_setup.sh
[0.335s] -- Up-to-date: /home/tkddn647/sensor_layer/install/localization_layer/share/localization_layer/local_setup.zsh
[0.335s] -- Up-to-date: /home/tkddn647/sensor_layer/install/localization_layer/share/localization_layer/local_setup.dsv
[0.335s] -- Installing: /home/tkddn647/sensor_layer/install/localization_layer/share/localization_layer/package.dsv
[0.335s] -- Up-to-date: /home/tkddn647/sensor_layer/install/localization_layer/share/ament_index/resource_index/packages/localization_layer
[0.335s] -- Up-to-date: /home/tkddn647/sensor_layer/install/localization_layer/share/localization_layer/cmake/localization_layerConfig.cmake
[0.335s] -- Up-to-date: /home/tkddn647/sensor_layer/install/localization_layer/share/localization_layer/cmake/localization_layerConfig-version.cmake
[0.335s] -- Up-to-date: /home/tkddn647/sensor_layer/install/localization_layer/share/localization_layer/package.xml
[0.349s] Invoked command in '/home/tkddn647/sensor_layer/build/localization_layer' returned '0': CMAKE_PREFIX_PATH=${CMAKE_PREFIX_PATH}:/opt/ros/humble /usr/bin/cmake --install /home/tkddn647/sensor_layer/build/localization_layer
