-- Found ament_cmake: 1.3.12 (/opt/ros/humble/share/ament_cmake/cmake)
-- Configuring done
-- Generating done
-- Build files have been written to: /home/tkddn647/sensor_layer/build/localization_layer
-- Install configuration: ""
-- Installing: /home/tkddn647/sensor_layer/install/localization_layer/share/localization_layer/launch
-- Installing: /home/tkddn647/sensor_layer/install/localization_layer/share/localization_layer/launch/localization_layer.launch.py
-- Installing: /home/tkddn647/sensor_layer/install/localization_layer/share/localization_layer/launch/mapping_cartographer.launch.py
-- Installing: /home/tkddn647/sensor_layer/install/localization_layer/share/localization_layer/config
-- Installing: /home/tkddn647/sensor_layer/install/localization_layer/share/localization_layer/config/ekf_localization.yaml
-- Installing: /home/tkddn647/sensor_layer/install/localization_layer/share/localization_layer/config/trajectory_builder.lua
-- Installing: /home/tkddn647/sensor_layer/install/localization_layer/share/localization_layer/config/cartographer_2d.lua
-- Installing: /home/tkddn647/sensor_layer/install/localization_layer/share/localization_layer/config/map_builder.lua
-- Installing: /home/tkddn647/sensor_layer/install/localization_layer/share/ament_index/resource_index/package_run_dependencies/localization_layer
-- Installing: /home/tkddn647/sensor_layer/install/localization_layer/share/ament_index/resource_index/parent_prefix_path/localization_layer
-- Installing: /home/tkddn647/sensor_layer/install/localization_layer/share/localization_layer/environment/ament_prefix_path.sh
-- Installing: /home/tkddn647/sensor_layer/install/localization_layer/share/localization_layer/environment/ament_prefix_path.dsv
-- Installing: /home/tkddn647/sensor_layer/install/localization_layer/share/localization_layer/environment/path.sh
-- Installing: /home/tkddn647/sensor_layer/install/localization_layer/share/localization_layer/environment/path.dsv
-- Installing: /home/tkddn647/sensor_layer/install/localization_layer/share/localization_layer/local_setup.bash
-- Installing: /home/tkddn647/sensor_layer/install/localization_layer/share/localization_layer/local_setup.sh
-- Installing: /home/tkddn647/sensor_layer/install/localization_layer/share/localization_layer/local_setup.zsh
-- Installing: /home/tkddn647/sensor_layer/install/localization_layer/share/localization_layer/local_setup.dsv
-- Installing: /home/tkddn647/sensor_layer/install/localization_layer/share/localization_layer/package.dsv
-- Installing: /home/tkddn647/sensor_layer/install/localization_layer/share/ament_index/resource_index/packages/localization_layer
-- Installing: /home/tkddn647/sensor_layer/install/localization_layer/share/localization_layer/cmake/localization_layerConfig.cmake
-- Installing: /home/tkddn647/sensor_layer/install/localization_layer/share/localization_layer/cmake/localization_layerConfig-version.cmake
-- Installing: /home/tkddn647/sensor_layer/install/localization_layer/share/localization_layer/package.xml
