[0.012s] Invoking command in '/home/tkddn647/sensor_layer/build/localization_layer': CMAKE_PREFIX_PATH=/opt/ros/humble /usr/bin/cmake /home/tkddn647/sensor_layer/src/localization_layer -DCMAKE_INSTALL_PREFIX=/home/tkddn647/sensor_layer/install/localization_layer
[0.033s] -- Found ament_cmake: 1.3.12 (/opt/ros/humble/share/ament_cmake/cmake)
[0.216s] -- Configuring done
[0.223s] -- Generating done
[0.225s] -- Build files have been written to: /home/tkddn647/sensor_layer/build/localization_layer
[0.229s] Invoked command in '/home/tkddn647/sensor_layer/build/localization_layer' returned '0': CMAKE_PREFIX_PATH=/opt/ros/humble /usr/bin/cmake /home/tkddn647/sensor_layer/src/localization_layer -DCMAKE_INSTALL_PREFIX=/home/tkddn647/sensor_layer/install/localization_layer
[0.232s] Invoking command in '/home/tkddn647/sensor_layer/build/localization_layer': CMAKE_PREFIX_PATH=/opt/ros/humble /usr/bin/cmake --build /home/tkddn647/sensor_layer/build/localization_layer -- -j12 -l12
[0.275s] Invoked command in '/home/tkddn647/sensor_layer/build/localization_layer' returned '0': CMAKE_PREFIX_PATH=/opt/ros/humble /usr/bin/cmake --build /home/tkddn647/sensor_layer/build/localization_layer -- -j12 -l12
[0.287s] Invoking command in '/home/tkddn647/sensor_layer/build/localization_layer': CMAKE_PREFIX_PATH=/opt/ros/humble /usr/bin/cmake --install /home/tkddn647/sensor_layer/build/localization_layer
[0.295s] -- Install configuration: ""
[0.296s] -- Installing: /home/tkddn647/sensor_layer/install/localization_layer/share/localization_layer/launch
[0.297s] -- Installing: /home/tkddn647/sensor_layer/install/localization_layer/share/localization_layer/launch/localization_layer.launch.py
[0.297s] -- Installing: /home/tkddn647/sensor_layer/install/localization_layer/share/localization_layer/launch/mapping_cartographer.launch.py
[0.297s] -- Installing: /home/tkddn647/sensor_layer/install/localization_layer/share/localization_layer/config
[0.298s] -- Installing: /home/tkddn647/sensor_layer/install/localization_layer/share/localization_layer/config/ekf_localization.yaml
[0.298s] -- Installing: /home/tkddn647/sensor_layer/install/localization_layer/share/localization_layer/config/trajectory_builder.lua
[0.298s] -- Installing: /home/tkddn647/sensor_layer/install/localization_layer/share/localization_layer/config/cartographer_2d.lua
[0.298s] -- Installing: /home/tkddn647/sensor_layer/install/localization_layer/share/localization_layer/config/map_builder.lua
[0.300s] -- Installing: /home/tkddn647/sensor_layer/install/localization_layer/share/ament_index/resource_index/package_run_dependencies/localization_layer
[0.300s] -- Installing: /home/tkddn647/sensor_layer/install/localization_layer/share/ament_index/resource_index/parent_prefix_path/localization_layer
[0.301s] -- Installing: /home/tkddn647/sensor_layer/install/localization_layer/share/localization_layer/environment/ament_prefix_path.sh
[0.301s] -- Installing: /home/tkddn647/sensor_layer/install/localization_layer/share/localization_layer/environment/ament_prefix_path.dsv
[0.301s] -- Installing: /home/tkddn647/sensor_layer/install/localization_layer/share/localization_layer/environment/path.sh
[0.301s] -- Installing: /home/tkddn647/sensor_layer/install/localization_layer/share/localization_layer/environment/path.dsv
[0.302s] -- Installing: /home/tkddn647/sensor_layer/install/localization_layer/share/localization_layer/local_setup.bash
[0.302s] -- Installing: /home/tkddn647/sensor_layer/install/localization_layer/share/localization_layer/local_setup.sh
[0.302s] -- Installing: /home/tkddn647/sensor_layer/install/localization_layer/share/localization_layer/local_setup.zsh
[0.302s] -- Installing: /home/tkddn647/sensor_layer/install/localization_layer/share/localization_layer/local_setup.dsv
[0.302s] -- Installing: /home/tkddn647/sensor_layer/install/localization_layer/share/localization_layer/package.dsv
[0.303s] -- Installing: /home/tkddn647/sensor_layer/install/localization_layer/share/ament_index/resource_index/packages/localization_layer
[0.304s] -- Installing: /home/tkddn647/sensor_layer/install/localization_layer/share/localization_layer/cmake/localization_layerConfig.cmake
[0.304s] -- Installing: /home/tkddn647/sensor_layer/install/localization_layer/share/localization_layer/cmake/localization_layerConfig-version.cmake
[0.304s] -- Installing: /home/tkddn647/sensor_layer/install/localization_layer/share/localization_layer/package.xml
[0.308s] Invoked command in '/home/tkddn647/sensor_layer/build/localization_layer' returned '0': CMAKE_PREFIX_PATH=/opt/ros/humble /usr/bin/cmake --install /home/tkddn647/sensor_layer/build/localization_layer
