running egg_info
creating ../../build/ebimu_pkg/ebimu_pkg.egg-info
writing ../../build/ebimu_pkg/ebimu_pkg.egg-info/PKG-INFO
writing dependency_links to ../../build/ebimu_pkg/ebimu_pkg.egg-info/dependency_links.txt
writing entry points to ../../build/ebimu_pkg/ebimu_pkg.egg-info/entry_points.txt
writing requirements to ../../build/ebimu_pkg/ebimu_pkg.egg-info/requires.txt
writing top-level names to ../../build/ebimu_pkg/ebimu_pkg.egg-info/top_level.txt
writing manifest file '../../build/ebimu_pkg/ebimu_pkg.egg-info/SOURCES.txt'
reading manifest file '../../build/ebimu_pkg/ebimu_pkg.egg-info/SOURCES.txt'
writing manifest file '../../build/ebimu_pkg/ebimu_pkg.egg-info/SOURCES.txt'
running build
running build_py
creating /home/tkddn647/sensor_layer/build/ebimu_pkg/build
creating /home/tkddn647/sensor_layer/build/ebimu_pkg/build/lib
creating /home/tkddn647/sensor_layer/build/ebimu_pkg/build/lib/ebimu_pkg
copying ebimu_pkg/ebimu_driver.py -> /home/tkddn647/sensor_layer/build/ebimu_pkg/build/lib/ebimu_pkg
copying ebimu_pkg/__init__.py -> /home/tkddn647/sensor_layer/build/ebimu_pkg/build/lib/ebimu_pkg
copying ebimu_pkg/ebimu_subscriber.py -> /home/tkddn647/sensor_layer/build/ebimu_pkg/build/lib/ebimu_pkg
copying ebimu_pkg/ebimu_publisher.py -> /home/tkddn647/sensor_layer/build/ebimu_pkg/build/lib/ebimu_pkg
running install
running install_lib
creating /home/tkddn647/sensor_layer/install/ebimu_pkg/lib/python3.10/site-packages/ebimu_pkg
copying /home/tkddn647/sensor_layer/build/ebimu_pkg/build/lib/ebimu_pkg/ebimu_driver.py -> /home/tkddn647/sensor_layer/install/ebimu_pkg/lib/python3.10/site-packages/ebimu_pkg
copying /home/tkddn647/sensor_layer/build/ebimu_pkg/build/lib/ebimu_pkg/__init__.py -> /home/tkddn647/sensor_layer/install/ebimu_pkg/lib/python3.10/site-packages/ebimu_pkg
copying /home/tkddn647/sensor_layer/build/ebimu_pkg/build/lib/ebimu_pkg/ebimu_subscriber.py -> /home/tkddn647/sensor_layer/install/ebimu_pkg/lib/python3.10/site-packages/ebimu_pkg
copying /home/tkddn647/sensor_layer/build/ebimu_pkg/build/lib/ebimu_pkg/ebimu_publisher.py -> /home/tkddn647/sensor_layer/install/ebimu_pkg/lib/python3.10/site-packages/ebimu_pkg
byte-compiling /home/tkddn647/sensor_layer/install/ebimu_pkg/lib/python3.10/site-packages/ebimu_pkg/ebimu_driver.py to ebimu_driver.cpython-310.pyc
byte-compiling /home/tkddn647/sensor_layer/install/ebimu_pkg/lib/python3.10/site-packages/ebimu_pkg/__init__.py to __init__.cpython-310.pyc
byte-compiling /home/tkddn647/sensor_layer/install/ebimu_pkg/lib/python3.10/site-packages/ebimu_pkg/ebimu_subscriber.py to ebimu_subscriber.cpython-310.pyc
byte-compiling /home/tkddn647/sensor_layer/install/ebimu_pkg/lib/python3.10/site-packages/ebimu_pkg/ebimu_publisher.py to ebimu_publisher.cpython-310.pyc
running install_data
creating /home/tkddn647/sensor_layer/install/ebimu_pkg/share/ament_index
creating /home/tkddn647/sensor_layer/install/ebimu_pkg/share/ament_index/resource_index
creating /home/tkddn647/sensor_layer/install/ebimu_pkg/share/ament_index/resource_index/packages
copying resource/ebimu_pkg -> /home/tkddn647/sensor_layer/install/ebimu_pkg/share/ament_index/resource_index/packages
copying package.xml -> /home/tkddn647/sensor_layer/install/ebimu_pkg/share/ebimu_pkg
creating /home/tkddn647/sensor_layer/install/ebimu_pkg/share/ebimu_pkg/launch
copying launch/ebimu.launch.py -> /home/tkddn647/sensor_layer/install/ebimu_pkg/share/ebimu_pkg/launch
running install_egg_info
Copying ../../build/ebimu_pkg/ebimu_pkg.egg-info to /home/tkddn647/sensor_layer/install/ebimu_pkg/lib/python3.10/site-packages/ebimu_pkg-0.0.0-py3.10.egg-info
running install_scripts
Installing ebimu_driver script to /home/tkddn647/sensor_layer/install/ebimu_pkg/lib/ebimu_pkg
Installing ebimu_publisher script to /home/tkddn647/sensor_layer/install/ebimu_pkg/lib/ebimu_pkg
Installing ebimu_subscriber script to /home/tkddn647/sensor_layer/install/ebimu_pkg/lib/ebimu_pkg
writing list of installed files to '/home/tkddn647/sensor_layer/build/ebimu_pkg/install.log'
