[0.981s] Invoking command in '/home/tkddn647/sensor_layer/src/ebimu_pkg': PYTHONPATH=/home/tkddn647/sensor_layer/build/ebimu_pkg/prefix_override:/usr/lib/python3/dist-packages/colcon_core/task/python/colcon_distutils_commands:/home/tkddn647/sensor_layer/install/ebimu_pkg/lib/python3.10/site-packages:${PYTHONPATH} /usr/bin/python3 -W ignore:setup.py install is deprecated -W ignore:easy_install command is deprecated setup.py egg_info --egg-base ../../build/ebimu_pkg build --build-base /home/tkddn647/sensor_layer/build/ebimu_pkg/build install --record /home/tkddn647/sensor_layer/build/ebimu_pkg/install.log --single-version-externally-managed install_data
[1.285s] running egg_info
[1.286s] creating ../../build/ebimu_pkg/ebimu_pkg.egg-info
[1.287s] writing ../../build/ebimu_pkg/ebimu_pkg.egg-info/PKG-INFO
[1.287s] writing dependency_links to ../../build/ebimu_pkg/ebimu_pkg.egg-info/dependency_links.txt
[1.288s] writing entry points to ../../build/ebimu_pkg/ebimu_pkg.egg-info/entry_points.txt
[1.288s] writing requirements to ../../build/ebimu_pkg/ebimu_pkg.egg-info/requires.txt
[1.288s] writing top-level names to ../../build/ebimu_pkg/ebimu_pkg.egg-info/top_level.txt
[1.294s] writing manifest file '../../build/ebimu_pkg/ebimu_pkg.egg-info/SOURCES.txt'
[1.296s] reading manifest file '../../build/ebimu_pkg/ebimu_pkg.egg-info/SOURCES.txt'
[1.297s] writing manifest file '../../build/ebimu_pkg/ebimu_pkg.egg-info/SOURCES.txt'
[1.297s] running build
[1.297s] running build_py
[1.298s] creating /home/tkddn647/sensor_layer/build/ebimu_pkg/build
[1.298s] creating /home/tkddn647/sensor_layer/build/ebimu_pkg/build/lib
[1.298s] creating /home/tkddn647/sensor_layer/build/ebimu_pkg/build/lib/ebimu_pkg
[1.299s] copying ebimu_pkg/ebimu_driver.py -> /home/tkddn647/sensor_layer/build/ebimu_pkg/build/lib/ebimu_pkg
[1.299s] copying ebimu_pkg/__init__.py -> /home/tkddn647/sensor_layer/build/ebimu_pkg/build/lib/ebimu_pkg
[1.300s] copying ebimu_pkg/ebimu_subscriber.py -> /home/tkddn647/sensor_layer/build/ebimu_pkg/build/lib/ebimu_pkg
[1.300s] copying ebimu_pkg/ebimu_publisher.py -> /home/tkddn647/sensor_layer/build/ebimu_pkg/build/lib/ebimu_pkg
[1.300s] running install
[1.300s] running install_lib
[1.301s] creating /home/tkddn647/sensor_layer/install/ebimu_pkg/lib/python3.10/site-packages/ebimu_pkg
[1.302s] copying /home/tkddn647/sensor_layer/build/ebimu_pkg/build/lib/ebimu_pkg/ebimu_driver.py -> /home/tkddn647/sensor_layer/install/ebimu_pkg/lib/python3.10/site-packages/ebimu_pkg
[1.302s] copying /home/tkddn647/sensor_layer/build/ebimu_pkg/build/lib/ebimu_pkg/__init__.py -> /home/tkddn647/sensor_layer/install/ebimu_pkg/lib/python3.10/site-packages/ebimu_pkg
[1.302s] copying /home/tkddn647/sensor_layer/build/ebimu_pkg/build/lib/ebimu_pkg/ebimu_subscriber.py -> /home/tkddn647/sensor_layer/install/ebimu_pkg/lib/python3.10/site-packages/ebimu_pkg
[1.302s] copying /home/tkddn647/sensor_layer/build/ebimu_pkg/build/lib/ebimu_pkg/ebimu_publisher.py -> /home/tkddn647/sensor_layer/install/ebimu_pkg/lib/python3.10/site-packages/ebimu_pkg
[1.303s] byte-compiling /home/tkddn647/sensor_layer/install/ebimu_pkg/lib/python3.10/site-packages/ebimu_pkg/ebimu_driver.py to ebimu_driver.cpython-310.pyc
[1.305s] byte-compiling /home/tkddn647/sensor_layer/install/ebimu_pkg/lib/python3.10/site-packages/ebimu_pkg/__init__.py to __init__.cpython-310.pyc
[1.305s] byte-compiling /home/tkddn647/sensor_layer/install/ebimu_pkg/lib/python3.10/site-packages/ebimu_pkg/ebimu_subscriber.py to ebimu_subscriber.cpython-310.pyc
[1.306s] byte-compiling /home/tkddn647/sensor_layer/install/ebimu_pkg/lib/python3.10/site-packages/ebimu_pkg/ebimu_publisher.py to ebimu_publisher.cpython-310.pyc
[1.306s] running install_data
[1.307s] creating /home/tkddn647/sensor_layer/install/ebimu_pkg/share/ament_index
[1.307s] creating /home/tkddn647/sensor_layer/install/ebimu_pkg/share/ament_index/resource_index
[1.308s] creating /home/tkddn647/sensor_layer/install/ebimu_pkg/share/ament_index/resource_index/packages
[1.308s] copying resource/ebimu_pkg -> /home/tkddn647/sensor_layer/install/ebimu_pkg/share/ament_index/resource_index/packages
[1.309s] copying package.xml -> /home/tkddn647/sensor_layer/install/ebimu_pkg/share/ebimu_pkg
[1.309s] creating /home/tkddn647/sensor_layer/install/ebimu_pkg/share/ebimu_pkg/launch
[1.309s] copying launch/ebimu.launch.py -> /home/tkddn647/sensor_layer/install/ebimu_pkg/share/ebimu_pkg/launch
[1.310s] running install_egg_info
[1.312s] Copying ../../build/ebimu_pkg/ebimu_pkg.egg-info to /home/tkddn647/sensor_layer/install/ebimu_pkg/lib/python3.10/site-packages/ebimu_pkg-0.0.0-py3.10.egg-info
[1.314s] running install_scripts
[1.336s] Installing ebimu_driver script to /home/tkddn647/sensor_layer/install/ebimu_pkg/lib/ebimu_pkg
[1.337s] Installing ebimu_publisher script to /home/tkddn647/sensor_layer/install/ebimu_pkg/lib/ebimu_pkg
[1.337s] Installing ebimu_subscriber script to /home/tkddn647/sensor_layer/install/ebimu_pkg/lib/ebimu_pkg
[1.337s] writing list of installed files to '/home/tkddn647/sensor_layer/build/ebimu_pkg/install.log'
[1.364s] Invoked command in '/home/tkddn647/sensor_layer/src/ebimu_pkg' returned '0': PYTHONPATH=/home/tkddn647/sensor_layer/build/ebimu_pkg/prefix_override:/usr/lib/python3/dist-packages/colcon_core/task/python/colcon_distutils_commands:/home/tkddn647/sensor_layer/install/ebimu_pkg/lib/python3.10/site-packages:${PYTHONPATH} /usr/bin/python3 -W ignore:setup.py install is deprecated -W ignore:easy_install command is deprecated setup.py egg_info --egg-base ../../build/ebimu_pkg build --build-base /home/tkddn647/sensor_layer/build/ebimu_pkg/build install --record /home/tkddn647/sensor_layer/build/ebimu_pkg/install.log --single-version-externally-managed install_data
