[0.264s] Invoking command in '/home/tkddn647/sensor_layer/build/sensor_layer': /usr/bin/cmake /home/tkddn647/sensor_layer/src/sensor_layer -DCMAKE_INSTALL_PREFIX=/home/tkddn647/sensor_layer/install/sensor_layer
[0.412s] -- The C compiler identification is GNU 11.4.0
[1.007s] -- The CXX compiler identification is GNU 11.4.0
[1.387s] -- Detecting C compiler ABI info
[1.577s] -- Detecting C compiler ABI info - done
[1.584s] -- Check for working C compiler: /usr/bin/cc - skipped
[1.584s] -- Detecting C compile features
[1.584s] -- Detecting C compile features - done
[1.587s] -- Detecting CXX compiler ABI info
[1.785s] -- Detecting CXX compiler ABI info - done
[1.791s] -- Check for working CXX compiler: /usr/bin/c++ - skipped
[1.792s] -- Detecting CXX compile features
[1.792s] -- Detecting CXX compile features - done
[1.796s] -- Found ament_cmake: 1.3.12 (/opt/ros/humble/share/ament_cmake/cmake)
[1.951s] -- Found Python3: /usr/bin/python3 (found version "3.10.12") found components: Interpreter 
[2.101s] Error parsing '/home/tkddn647/sensor_layer/src/sensor_layer/package.xml':
[2.143s] Traceback (most recent call last):
[2.143s]   File "/opt/ros/humble/share/ament_cmake_core/cmake/core/package_xml_2_cmake.py", line 150, in <module>
[2.143s]     main()
[2.143s]   File "/opt/ros/humble/share/ament_cmake_core/cmake/core/package_xml_2_cmake.py", line 53, in main
[2.143s]     raise e
[2.143s]   File "/opt/ros/humble/share/ament_cmake_core/cmake/core/package_xml_2_cmake.py", line 49, in main
[2.143s]     package = parse_package_string(
[2.143s]   File "/usr/lib/python3/dist-packages/catkin_pkg/package.py", line 630, in parse_package_string
[2.143s]     pkg.name = _get_node_value(_get_node(root, 'name', filename))
[2.143s]   File "/usr/lib/python3/dist-packages/catkin_pkg/package.py", line 800, in _get_node
[2.143s]     raise InvalidPackage('The manifest must contain exactly one "%s" tag' % tagname, filename)
[2.143s] catkin_pkg.package.InvalidPackage: Error(s) in package '/home/tkddn647/sensor_layer/src/sensor_layer/package.xml':
[2.143s] The manifest must contain exactly one "name" tag
[2.160s] CMake Error at /opt/ros/humble/share/ament_cmake_core/cmake/core/ament_package_xml.cmake:95 (message):
[2.160s]   execute_process(/usr/bin/python3
[2.160s]   /opt/ros/humble/share/ament_cmake_core/cmake/core/package_xml_2_cmake.py
[2.160s]   /home/tkddn647/sensor_layer/src/sensor_layer/package.xml
[2.160s]   /home/tkddn647/sensor_layer/build/sensor_layer/ament_cmake_core/package.cmake)
[2.160s]   returned error code 1
[2.160s] Call Stack (most recent call first):
[2.160s]   /opt/ros/humble/share/ament_cmake_core/cmake/core/ament_package_xml.cmake:49 (_ament_package_xml)
[2.160s]   /opt/ros/humble/share/ament_cmake_core/cmake/core/ament_package.cmake:63 (ament_package_xml)
[2.160s]   CMakeLists.txt:10 (ament_package)
[2.160s] 
[2.160s] 
[2.160s] -- Configuring incomplete, errors occurred!
[2.160s] See also "/home/tkddn647/sensor_layer/build/sensor_layer/CMakeFiles/CMakeOutput.log".
[2.165s] Invoked command in '/home/tkddn647/sensor_layer/build/sensor_layer' returned '1': /usr/bin/cmake /home/tkddn647/sensor_layer/src/sensor_layer -DCMAKE_INSTALL_PREFIX=/home/tkddn647/sensor_layer/install/sensor_layer
