[0.018s] Invoking command in '/home/tkddn647/sensor_layer/build/localization_layer': /usr/bin/cmake /home/tkddn647/sensor_layer/src/localization_layer -DCMAKE_INSTALL_PREFIX=/home/tkddn647/sensor_layer/install/localization_layer
[0.323s] -- The C compiler identification is GNU 11.4.0
[1.107s] -- The CXX compiler identification is GNU 11.4.0
[1.645s] -- Detecting C compiler ABI info
[1.848s] -- Detecting C compiler ABI info - done
[1.854s] -- Check for working C compiler: /usr/bin/cc - skipped
[1.855s] -- Detecting C compile features
[1.856s] -- Detecting C compile features - done
[1.861s] -- Detecting CXX compiler ABI info
[2.067s] -- Detecting CXX compiler ABI info - done
[2.072s] -- Check for working CXX compiler: /usr/bin/c++ - skipped
[2.073s] -- Detecting CXX compile features
[2.073s] -- Detecting CXX compile features - done
[2.078s] -- Found ament_cmake: 1.3.12 (/opt/ros/humble/share/ament_cmake/cmake)
[2.228s] -- Found Python3: /usr/bin/python3 (found version "3.10.12") found components: Interpreter 
[2.391s] Error parsing '/home/tkddn647/sensor_layer/src/localization_layer/package.xml':
[2.440s] Traceback (most recent call last):
[2.440s]   File "/opt/ros/humble/share/ament_cmake_core/cmake/core/package_xml_2_cmake.py", line 150, in <module>
[2.441s]     main()
[2.441s]   File "/opt/ros/humble/share/ament_cmake_core/cmake/core/package_xml_2_cmake.py", line 53, in main
[2.441s]     raise e
[2.441s]   File "/opt/ros/humble/share/ament_cmake_core/cmake/core/package_xml_2_cmake.py", line 50, in main
[2.441s]     args.package_xml.read(), filename=args.package_xml.name)
[2.441s]   File "/usr/lib/python3.10/codecs.py", line 322, in decode
[2.441s]     (result, consumed) = self._buffer_decode(data, self.errors, final)
[2.441s] UnicodeDecodeError: 'utf-8' codec can't decode byte 0xb1 in position 260: invalid start byte
[2.454s] CMake Error at /opt/ros/humble/share/ament_cmake_core/cmake/core/ament_package_xml.cmake:95 (message):
[2.454s]   execute_process(/usr/bin/python3
[2.455s]   /opt/ros/humble/share/ament_cmake_core/cmake/core/package_xml_2_cmake.py
[2.455s]   /home/tkddn647/sensor_layer/src/localization_layer/package.xml
[2.455s]   /home/tkddn647/sensor_layer/build/localization_layer/ament_cmake_core/package.cmake)
[2.455s]   returned error code 1
[2.455s] Call Stack (most recent call first):
[2.455s]   /opt/ros/humble/share/ament_cmake_core/cmake/core/ament_package_xml.cmake:49 (_ament_package_xml)
[2.455s]   /opt/ros/humble/share/ament_cmake_core/cmake/core/ament_package.cmake:63 (ament_package_xml)
[2.455s]   CMakeLists.txt:10 (ament_package)
[2.455s] 
[2.455s] 
[2.455s] -- Configuring incomplete, errors occurred!
[2.455s] See also "/home/tkddn647/sensor_layer/build/localization_layer/CMakeFiles/CMakeOutput.log".
[2.460s] Invoked command in '/home/tkddn647/sensor_layer/build/localization_layer' returned '1': /usr/bin/cmake /home/tkddn647/sensor_layer/src/localization_layer -DCMAKE_INSTALL_PREFIX=/home/tkddn647/sensor_layer/install/localization_layer
